#
# There is insufficient memory for the Java Runtime Environment to continue.
# Native memory allocation (malloc) failed to allocate 67664 bytes for Chunk::new
# Possible reasons:
#   The system is out of physical RAM or swap space
#   In 32 bit mode, the process size limit was hit
# Possible solutions:
#   Reduce memory load on the system
#   Increase physical memory or swap space
#   Check if swap backing store is full
#   Use 64 bit Java on a 64 bit OS
#   Decrease Java heap size (-Xmx/-Xms)
#   Decrease number of Java threads
#   Decrease Java thread stack sizes (-Xss)
#   Set larger code cache with -XX:ReservedCodeCacheSize=
# This output file may be truncated or incomplete.
#
#  Out of Memory Error (allocation.cpp:323), pid=13520, tid=13920
#
# JRE version: Java(TM) SE Runtime Environment (7.0_79-b15) (build 1.7.0_79-b15)
# Java VM: Java HotSpot(TM) 64-Bit Server VM (24.79-b02 mixed mode windows-amd64 compressed oops)
# Failed to write core dump. Minidumps are not enabled by default on client versions of Windows
#

---------------  T H R E A D  ---------------

Current thread (0x0000000008347000):  JavaThread "C2 CompilerThread1" daemon [_thread_in_native, id=13920, stack(0x00000000099b0000,0x0000000009ab0000)]

Stack: [0x00000000099b0000,0x0000000009ab0000]
[error occurred during error reporting (printing stack bounds), id 0xc0000005]


Current CompileTask:
C2:   8542  675             com.android.dx.dex.file.DebugInfoEncoder::emitPositionsAtAddress (48 bytes)


---------------  P R O C E S S  ---------------

Java Threads: ( => current thread )
  0x0000000008356000 JavaThread "Service Thread" daemon [_thread_blocked, id=13940, stack(0x0000000009ab0000,0x0000000009bb0000)]
=>0x0000000008347000 JavaThread "C2 CompilerThread1" daemon [_thread_in_native, id=13920, stack(0x00000000099b0000,0x0000000009ab0000)]
  0x0000000008345800 JavaThread "C2 CompilerThread0" daemon [_thread_in_native, id=2116, stack(0x00000000098b0000,0x00000000099b0000)]
  0x0000000008344800 JavaThread "Attach Listener" daemon [_thread_blocked, id=13928, stack(0x00000000097b0000,0x00000000098b0000)]
  0x0000000008341000 JavaThread "Signal Dispatcher" daemon [_thread_blocked, id=13932, stack(0x00000000096b0000,0x00000000097b0000)]
  0x000000000830f800 JavaThread "Finalizer" daemon [_thread_blocked, id=13860, stack(0x00000000095b0000,0x00000000096b0000)]
  0x0000000008306000 JavaThread "Reference Handler" daemon [_thread_blocked, id=13876, stack(0x00000000094b0000,0x00000000095b0000)]
  0x0000000000b1d800 JavaThread "main" [_thread_in_vm, id=13828, stack(0x00000000022b0000,0x00000000023b0000)]

Other Threads:
  0x0000000008302000 VMThread [stack: 0x00000000093b0000,0x00000000094b0000] [id=13868]
  0x0000000008360800 WatcherThread [stack: 0x0000000009bb0000,0x0000000009cb0000] [id=13936]

VM state:not at safepoint (normal execution)

VM Mutex/Monitor currently owned by a thread:  ([mutex/lock_event])
[0x0000000000b1c860] Heap_lock - owner thread: 0x0000000000b1d800

Heap
 PSYoungGen      total 71680K, used 6117K [0x00000000eaa80000, 0x00000000f4480000, 0x0000000100000000)
  eden space 66560K, 1% used [0x00000000eaa80000,0x00000000eab7b450,0x00000000eeb80000)
  from space 5120K, 99% used [0x00000000eeb80000,0x00000000ef07e2b0,0x00000000ef080000)
  to   space 12288K, 0% used [0x00000000f3880000,0x00000000f3880000,0x00000000f4480000)
 ParOldGen       total 86528K, used 21049K [0x00000000c0000000, 0x00000000c5480000, 0x00000000eaa80000)
  object space 86528K, 24% used [0x00000000c0000000,0x00000000c148e5d0,0x00000000c5480000)
 PSPermGen       total 21504K, used 6226K [0x00000000bae00000, 0x00000000bc300000, 0x00000000c0000000)
  object space 21504K, 28% used [0x00000000bae00000,0x00000000bb414868,0x00000000bc300000)

Card table byte_map: [0x0000000005570000,0x00000000057a0000] byte_map_base: 0x0000000004f99000

Polling page: 0x0000000000ac0000

Code Cache  [0x00000000024b0000, 0x0000000002740000, 0x00000000054b0000)
 total_blobs=902 nmethods=664 adapters=190 free_code_cache=46621Kb largest_free_block=47696384

Compilation events (10 events):
Event: 8.507 Thread 0x0000000008345800 nmethod 670 0x00000000025d6610 code [0x00000000025d67a0, 0x00000000025d6ce8]
Event: 8.507 Thread 0x0000000008345800  671             com.android.dx.rop.type.StdTypeList::getWordCount (33 bytes)
Event: 8.509 Thread 0x0000000008345800 nmethod 671 0x0000000002728bd0 code [0x0000000002728d20, 0x0000000002728e38]
Event: 8.509 Thread 0x0000000008345800  672             com.android.dx.dex.file.DebugInfoEncoder::emitHeader (530 bytes)
Event: 8.525 Thread 0x0000000008347000 nmethod 669 0x00000000027313d0 code [0x0000000002731680, 0x00000000027323c0]
Event: 8.526 Thread 0x0000000008347000  673             com.android.dx.util.ByteArrayAnnotatedOutput::writeUleb128 (34 bytes)
Event: 8.528 Thread 0x0000000008347000 nmethod 673 0x000000000272f510 code [0x000000000272f660, 0x000000000272f8e8]
Event: 8.528 Thread 0x0000000008347000  674             com.android.dx.rop.code.SourcePosition::getLine (5 bytes)
Event: 8.529 Thread 0x0000000008347000 nmethod 674 0x0000000002728990 code [0x0000000002728ac0, 0x0000000002728b18]
Event: 8.529 Thread 0x0000000008347000  675             com.android.dx.dex.file.DebugInfoEncoder::emitPositionsAtAddress (48 bytes)

GC Heap History (10 events):
Event: 2.703 GC heap before
{Heap before GC invocations=1 (full 0):
 PSYoungGen      total 38400K, used 33280K [0x00000000eaa80000, 0x00000000ed500000, 0x0000000100000000)
  eden space 33280K, 100% used [0x00000000eaa80000,0x00000000ecb00000,0x00000000ecb00000)
  from space 5120K, 0% used [0x00000000ed000000,0x00000000ed000000,0x00000000ed500000)
  to   space 5120K, 0% used [0x00000000ecb00000,0x00000000ecb00000,0x00000000ed000000)
 ParOldGen       total 86528K, used 0K [0x00000000c0000000, 0x00000000c5480000, 0x00000000eaa80000)
  object space 86528K, 0% used [0x00000000c0000000,0x00000000c0000000,0x00000000c5480000)
 PSPermGen       total 21504K, used 5831K [0x00000000bae00000, 0x00000000bc300000, 0x00000000c0000000)
  object space 21504K, 27% used [0x00000000bae00000,0x00000000bb3b1fa0,0x00000000bc300000)
Event: 2.713 GC heap after
Heap after GC invocations=1 (full 0):
 PSYoungGen      total 38400K, used 5096K [0x00000000eaa80000, 0x00000000ed500000, 0x0000000100000000)
  eden space 33280K, 0% used [0x00000000eaa80000,0x00000000eaa80000,0x00000000ecb00000)
  from space 5120K, 99% used [0x00000000ecb00000,0x00000000ecffa120,0x00000000ed000000)
  to   space 5120K, 0% used [0x00000000ed000000,0x00000000ed000000,0x00000000ed500000)
 ParOldGen       total 86528K, used 1120K [0x00000000c0000000, 0x00000000c5480000, 0x00000000eaa80000)
  object space 86528K, 1% used [0x00000000c0000000,0x00000000c0118310,0x00000000c5480000)
 PSPermGen       total 21504K, used 5831K [0x00000000bae00000, 0x00000000bc300000, 0x00000000c0000000)
  object space 21504K, 27% used [0x00000000bae00000,0x00000000bb3b1fa0,0x00000000bc300000)
}
Event: 3.918 GC heap before
{Heap before GC invocations=2 (full 0):
 PSYoungGen      total 38400K, used 38376K [0x00000000eaa80000, 0x00000000ed500000, 0x0000000100000000)
  eden space 33280K, 100% used [0x00000000eaa80000,0x00000000ecb00000,0x00000000ecb00000)
  from space 5120K, 99% used [0x00000000ecb00000,0x00000000ecffa120,0x00000000ed000000)
  to   space 5120K, 0% used [0x00000000ed000000,0x00000000ed000000,0x00000000ed500000)
 ParOldGen       total 86528K, used 1120K [0x00000000c0000000, 0x00000000c5480000, 0x00000000eaa80000)
  object space 86528K, 1% used [0x00000000c0000000,0x00000000c0118310,0x00000000c5480000)
 PSPermGen       total 21504K, used 5920K [0x00000000bae00000, 0x00000000bc300000, 0x00000000c0000000)
  object space 21504K, 27% used [0x00000000bae00000,0x00000000bb3c8260,0x00000000bc300000)
Event: 3.967 GC heap after
Heap after GC invocations=2 (full 0):
 PSYoungGen      total 38400K, used 5103K [0x00000000eaa80000, 0x00000000ef580000, 0x0000000100000000)
  eden space 33280K, 0% used [0x00000000eaa80000,0x00000000eaa80000,0x00000000ecb00000)
  from space 5120K, 99% used [0x00000000ed000000,0x00000000ed4fbd30,0x00000000ed500000)
  to   space 5120K, 0% used [0x00000000ecb00000,0x00000000ecb00000,0x00000000ed000000)
 ParOldGen       total 86528K, used 6476K [0x00000000c0000000, 0x00000000c5480000, 0x00000000eaa80000)
  object space 86528K, 7% used [0x00000000c0000000,0x00000000c0653308,0x00000000c5480000)
 PSPermGen       total 21504K, used 5920K [0x00000000bae00000, 0x00000000bc300000, 0x00000000c0000000)
  object space 21504K, 27% used [0x00000000bae00000,0x00000000bb3c8260,0x00000000bc300000)
}
Event: 5.892 GC heap before
{Heap before GC invocations=3 (full 0):
 PSYoungGen      total 38400K, used 38383K [0x00000000eaa80000, 0x00000000ef580000, 0x0000000100000000)
  eden space 33280K, 100% used [0x00000000eaa80000,0x00000000ecb00000,0x00000000ecb00000)
  from space 5120K, 99% used [0x00000000ed000000,0x00000000ed4fbd30,0x00000000ed500000)
  to   space 5120K, 0% used [0x00000000ecb00000,0x00000000ecb00000,0x00000000ed000000)
 ParOldGen       total 86528K, used 6476K [0x00000000c0000000, 0x00000000c5480000, 0x00000000eaa80000)
  object space 86528K, 7% used [0x00000000c0000000,0x00000000c0653308,0x00000000c5480000)
 PSPermGen       total 21504K, used 5939K [0x00000000bae00000, 0x00000000bc300000, 0x00000000c0000000)
  object space 21504K, 27% used [0x00000000bae00000,0x00000000bb3cce40,0x00000000bc300000)
Event: 6.110 GC heap after
Heap after GC invocations=3 (full 0):
 PSYoungGen      total 38400K, used 5119K [0x00000000eaa80000, 0x00000000ef580000, 0x0000000100000000)
  eden space 33280K, 0% used [0x00000000eaa80000,0x00000000eaa80000,0x00000000ecb00000)
  from space 5120K, 99% used [0x00000000ecb00000,0x00000000ecfffd18,0x00000000ed000000)
  to   space 5120K, 0% used [0x00000000ef080000,0x00000000ef080000,0x00000000ef580000)
 ParOldGen       total 86528K, used 10776K [0x00000000c0000000, 0x00000000c5480000, 0x00000000eaa80000)
  object space 86528K, 12% used [0x00000000c0000000,0x00000000c0a86380,0x00000000c5480000)
 PSPermGen       total 21504K, used 5939K [0x00000000bae00000, 0x00000000bc300000, 0x00000000c0000000)
  object space 21504K, 27% used [0x00000000bae00000,0x00000000bb3cce40,0x00000000bc300000)
}
Event: 6.866 GC heap before
{Heap before GC invocations=4 (full 0):
 PSYoungGen      total 38400K, used 38399K [0x00000000eaa80000, 0x00000000ef580000, 0x0000000100000000)
  eden space 33280K, 100% used [0x00000000eaa80000,0x00000000ecb00000,0x00000000ecb00000)
  from space 5120K, 99% used [0x00000000ecb00000,0x00000000ecfffd18,0x00000000ed000000)
  to   space 5120K, 0% used [0x00000000ef080000,0x00000000ef080000,0x00000000ef580000)
 ParOldGen       total 86528K, used 10776K [0x00000000c0000000, 0x00000000c5480000, 0x00000000eaa80000)
  object space 86528K, 12% used [0x00000000c0000000,0x00000000c0a86380,0x00000000c5480000)
 PSPermGen       total 21504K, used 5962K [0x00000000bae00000, 0x00000000bc300000, 0x00000000c0000000)
  object space 21504K, 27% used [0x00000000bae00000,0x00000000bb3d2a30,0x00000000bc300000)
Event: 7.083 GC heap after
Heap after GC invocations=4 (full 0):
 PSYoungGen      total 71680K, used 5089K [0x00000000eaa80000, 0x00000000ef580000, 0x0000000100000000)
  eden space 66560K, 0% used [0x00000000eaa80000,0x00000000eaa80000,0x00000000eeb80000)
  from space 5120K, 99% used [0x00000000ef080000,0x00000000ef578700,0x00000000ef580000)
  to   space 5120K, 0% used [0x00000000eeb80000,0x00000000eeb80000,0x00000000ef080000)
 ParOldGen       total 86528K, used 16504K [0x00000000c0000000, 0x00000000c5480000, 0x00000000eaa80000)
  object space 86528K, 19% used [0x00000000c0000000,0x00000000c101e310,0x00000000c5480000)
 PSPermGen       total 21504K, used 5962K [0x00000000bae00000, 0x00000000bc300000, 0x00000000c0000000)
  object space 21504K, 27% used [0x00000000bae00000,0x00000000bb3d2a30,0x00000000bc300000)
}
Event: 8.481 GC heap before
{Heap before GC invocations=5 (full 0):
 PSYoungGen      total 71680K, used 71649K [0x00000000eaa80000, 0x00000000ef580000, 0x0000000100000000)
  eden space 66560K, 100% used [0x00000000eaa80000,0x00000000eeb80000,0x00000000eeb80000)
  from space 5120K, 99% used [0x00000000ef080000,0x00000000ef578700,0x00000000ef580000)
  to   space 5120K, 0% used [0x00000000eeb80000,0x00000000eeb80000,0x00000000ef080000)
 ParOldGen       total 86528K, used 16504K [0x00000000c0000000, 0x00000000c5480000, 0x00000000eaa80000)
  object space 86528K, 19% used [0x00000000c0000000,0x00000000c101e310,0x00000000c5480000)
 PSPermGen       total 21504K, used 6224K [0x00000000bae00000, 0x00000000bc300000, 0x00000000c0000000)
  object space 21504K, 28% used [0x00000000bae00000,0x00000000bb414298,0x00000000bc300000)
Event: 8.506 GC heap after
Heap after GC invocations=5 (full 0):
 PSYoungGen      total 71680K, used 5112K [0x00000000eaa80000, 0x00000000f4480000, 0x0000000100000000)
  eden space 66560K, 0% used [0x00000000eaa80000,0x00000000eaa80000,0x00000000eeb80000)
  from space 5120K, 99% used [0x00000000eeb80000,0x00000000ef07e2b0,0x00000000ef080000)
  to   space 12288K, 0% used [0x00000000f3880000,0x00000000f3880000,0x00000000f4480000)
 ParOldGen       total 86528K, used 21049K [0x00000000c0000000, 0x00000000c5480000, 0x00000000eaa80000)
  object space 86528K, 24% used [0x00000000c0000000,0x00000000c148e5d0,0x00000000c5480000)
 PSPermGen       total 21504K, used 6224K [0x00000000bae00000, 0x00000000bc300000, 0x00000000c0000000)
  object space 21504K, 28% used [0x00000000bae00000,0x00000000bb414298,0x00000000bc300000)
}

Deoptimization events (10 events):
Event: 7.305 Thread 0x0000000009eff800 Uncommon trap: reason=class_check action=maybe_recompile pc=0x00000000026907a8 method=com.android.dx.ssa.back.FirstFitLocalCombiningAllocator.findNextUnreservedRopReg(IILcom/android/dx/ssa/back/FirstFitLocalCombiningAllocator$Alignment;)I @ 60
