#
# There is insufficient memory for the Java Runtime Environment to continue.
# Native memory allocation (malloc) failed to allocate 1532656 bytes for Chunk::new
# Possible reasons:
#   The system is out of physical RAM or swap space
#   In 32 bit mode, the process size limit was hit
# Possible solutions:
#   Reduce memory load on the system
#   Increase physical memory or swap space
#   Check if swap backing store is full
#   Use 64 bit Java on a 64 bit OS
#   Decrease Java heap size (-Xmx/-Xms)
#   Decrease number of Java threads
#   Decrease Java thread stack sizes (-Xss)
#   Set larger code cache with -XX:ReservedCodeCacheSize=
# This output file may be truncated or incomplete.
#
#  Out of Memory Error (allocation.cpp:323), pid=9016, tid=12644
#
# JRE version: Java(TM) SE Runtime Environment (7.0_79-b15) (build 1.7.0_79-b15)
# Java VM: Java HotSpot(TM) 64-Bit Server VM (24.79-b02 mixed mode windows-amd64 compressed oops)
# Failed to write core dump. Minidumps are not enabled by default on client versions of Windows
#

---------------  T H R E A D  ---------------

Current thread (0x00000000086e5800):  JavaThread "C2 CompilerThread0" daemon [_thread_in_native, id=12644, stack(0x0000000009c50000,0x0000000009d50000)]

Stack: [0x0000000009c50000,0x0000000009d50000]
[error occurred during error reporting (printing stack bounds), id 0xc0000005]


[error occurred during error reporting (printing native stack), id 0xc0000005]


Current CompileTask:
C2:   6795  482   !         com.android.dx.cf.code.BytecodeArray::parseInstruction (2764 bytes)


---------------  P R O C E S S  ---------------

Java Threads: ( => current thread )
  0x000000000a2f5000 JavaThread "pool-1-thread-4" [_thread_blocked, id=5552, stack(0x000000000b050000,0x000000000b150000)]
  0x000000000a241800 JavaThread "pool-1-thread-3" [_thread_in_Java, id=7672, stack(0x000000000af50000,0x000000000b050000)]
  0x000000000a241000 JavaThread "pool-1-thread-2" [_thread_in_Java, id=6892, stack(0x000000000ae50000,0x000000000af50000)]
  0x000000000875e000 JavaThread "pool-2-thread-1" [_thread_blocked, id=10592, stack(0x000000000ad50000,0x000000000ae50000)]
  0x0000000008730800 JavaThread "pool-1-thread-1" [_thread_in_Java, id=8508, stack(0x000000000ac50000,0x000000000ad50000)]
  0x00000000086f9800 JavaThread "Service Thread" daemon [_thread_blocked, id=8032, stack(0x0000000009e50000,0x0000000009f50000)]
  0x00000000086e7800 JavaThread "C2 CompilerThread1" daemon [_thread_in_native, id=2256, stack(0x0000000009d50000,0x0000000009e50000)]
=>0x00000000086e5800 JavaThread "C2 CompilerThread0" daemon [_thread_in_native, id=12644, stack(0x0000000009c50000,0x0000000009d50000)]
  0x00000000086e4800 JavaThread "Attach Listener" daemon [_thread_blocked, id=11936, stack(0x0000000009b50000,0x0000000009c50000)]
  0x00000000086e1800 JavaThread "Signal Dispatcher" daemon [_thread_blocked, id=11168, stack(0x0000000009a50000,0x0000000009b50000)]
  0x00000000086a9800 JavaThread "Finalizer" daemon [_thread_blocked, id=6372, stack(0x0000000009950000,0x0000000009a50000)]
  0x00000000086a6000 JavaThread "Reference Handler" daemon [_thread_blocked, id=7804, stack(0x0000000009850000,0x0000000009950000)]
  0x0000000000ead800 JavaThread "main" [_thread_in_Java, id=744, stack(0x00000000025e0000,0x00000000026e0000)]

Other Threads:
  0x00000000086a2000 VMThread [stack: 0x0000000009750000,0x0000000009850000] [id=11344]
  0x0000000008704000 WatcherThread [stack: 0x0000000009f50000,0x000000000a050000] [id=11696]

VM state:not at safepoint (normal execution)

VM Mutex/Monitor currently owned by a thread: None

Heap
 PSYoungGen      total 38400K, used 19947K [0x00000000eaa80000, 0x00000000ef580000, 0x0000000100000000)
  eden space 33280K, 44% used [0x00000000eaa80000,0x00000000eb901cd8,0x00000000ecb00000)
  from space 5120K, 99% used [0x00000000ecb00000,0x00000000ecff9098,0x00000000ed000000)
  to   space 5120K, 0% used [0x00000000ef080000,0x00000000ef080000,0x00000000ef580000)
 ParOldGen       total 86528K, used 11272K [0x00000000c0000000, 0x00000000c5480000, 0x00000000eaa80000)
  object space 86528K, 13% used [0x00000000c0000000,0x00000000c0b02280,0x00000000c5480000)
 PSPermGen       total 21504K, used 5904K [0x00000000bae00000, 0x00000000bc300000, 0x00000000c0000000)
  object space 21504K, 27% used [0x00000000bae00000,0x00000000bb3c41e8,0x00000000bc300000)

Card table byte_map: [0x00000000058c0000,0x0000000005af0000] byte_map_base: 0x00000000052e9000

Polling page: 0x0000000000e60000

Code Cache  [0x0000000002800000, 0x0000000002a70000, 0x0000000005800000)
 total_blobs=723 nmethods=486 adapters=189 free_code_cache=47134Kb largest_free_block=48202624

Compilation events (10 events):
Event: 6.749 Thread 0x00000000086e7800 nmethod 488 0x0000000002891610 code [0x0000000002891760, 0x00000000028919f8]
Event: 6.749 Thread 0x00000000086e7800  489             com.android.dx.cf.code.ByteBlockList::get (9 bytes)
Event: 6.750 Thread 0x00000000086e7800 nmethod 489 0x00000000028912d0 code [0x0000000002891420, 0x00000000028914d8]
Event: 6.750 Thread 0x00000000086e7800  490             com.android.dx.cf.code.ByteBlockList::labelToBlock (46 bytes)
Event: 6.752 Thread 0x00000000086e7800 nmethod 490 0x0000000002890dd0 code [0x0000000002890f20, 0x0000000002891058]
Event: 6.752 Thread 0x00000000086e7800  491             com.android.dx.cf.code.OneLocalsArray::copy (5 bytes)
Event: 6.756 Thread 0x00000000086e7800 nmethod 491 0x0000000002890810 code [0x0000000002890960, 0x0000000002890bf8]
Event: 6.756 Thread 0x00000000086e7800  492             com.android.dx.cf.code.ExecutionStack::peek (42 bytes)
Event: 6.757 Thread 0x00000000086e7800 nmethod 492 0x0000000002893250 code [0x00000000028933a0, 0x0000000002893468]
Event: 6.757 Thread 0x00000000086e7800  493   !         com.android.dx.cf.code.RopperMachine::run (1550 bytes)

GC Heap History (6 events):
Event: 2.365 GC heap before
{Heap before GC invocations=1 (full 0):
 PSYoungGen      total 38400K, used 33280K [0x00000000eaa80000, 0x00000000ed500000, 0x0000000100000000)
  eden space 33280K, 100% used [0x00000000eaa80000,0x00000000ecb00000,0x00000000ecb00000)
  from space 5120K, 0% used [0x00000000ed000000,0x00000000ed000000,0x00000000ed500000)
  to   space 5120K, 0% used [0x00000000ecb00000,0x00000000ecb00000,0x00000000ed000000)
 ParOldGen       total 86528K, used 0K [0x00000000c0000000, 0x00000000c5480000, 0x00000000eaa80000)
  object space 86528K, 0% used [0x00000000c0000000,0x00000000c0000000,0x00000000c5480000)
 PSPermGen       total 21504K, used 5800K [0x00000000bae00000, 0x00000000bc300000, 0x00000000c0000000)
  object space 21504K, 26% used [0x00000000bae00000,0x00000000bb3aa310,0x00000000bc300000)
Event: 3.088 GC heap after
Heap after GC invocations=1 (full 0):
 PSYoungGen      total 38400K, used 5109K [0x00000000eaa80000, 0x00000000ed500000, 0x0000000100000000)
  eden space 33280K, 0% used [0x00000000eaa80000,0x00000000eaa80000,0x00000000ecb00000)
  from space 5120K, 99% used [0x00000000ecb00000,0x00000000ecffd4c8,0x00000000ed000000)
  to   space 5120K, 0% used [0x00000000ed000000,0x00000000ed000000,0x00000000ed500000)
 ParOldGen       total 86528K, used 1446K [0x00000000c0000000, 0x00000000c5480000, 0x00000000eaa80000)
  object space 86528K, 1% used [0x00000000c0000000,0x00000000c0169b18,0x00000000c5480000)
 PSPermGen       total 21504K, used 5800K [0x00000000bae00000, 0x00000000bc300000, 0x00000000c0000000)
  object space 21504K, 26% used [0x00000000bae00000,0x00000000bb3aa310,0x00000000bc300000)
}
Event: 5.393 GC heap before
{Heap before GC invocations=2 (full 0):
 PSYoungGen      total 38400K, used 38389K [0x00000000eaa80000, 0x00000000ed500000, 0x0000000100000000)
  eden space 33280K, 100% used [0x00000000eaa80000,0x00000000ecb00000,0x00000000ecb00000)
  from space 5120K, 99% used [0x00000000ecb00000,0x00000000ecffd4c8,0x00000000ed000000)
  to   space 5120K, 0% used [0x00000000ed000000,0x00000000ed000000,0x00000000ed500000)
 ParOldGen       total 86528K, used 1446K [0x00000000c0000000, 0x00000000c5480000, 0x00000000eaa80000)
  object space 86528K, 1% used [0x00000000c0000000,0x00000000c0169b18,0x00000000c5480000)
 PSPermGen       total 21504K, used 5850K [0x00000000bae00000, 0x00000000bc300000, 0x00000000c0000000)
  object space 21504K, 27% used [0x00000000bae00000,0x00000000bb3b6908,0x00000000bc300000)
Event: 5.975 GC heap after
Heap after GC invocations=2 (full 0):
 PSYoungGen      total 38400K, used 5108K [0x00000000eaa80000, 0x00000000ef580000, 0x0000000100000000)
  eden space 33280K, 0% used [0x00000000eaa80000,0x00000000eaa80000,0x00000000ecb00000)
  from space 5120K, 99% used [0x00000000ed000000,0x00000000ed4fd330,0x00000000ed500000)
  to   space 5120K, 0% used [0x00000000ecb00000,0x00000000ecb00000,0x00000000ed000000)
 ParOldGen       total 86528K, used 5824K [0x00000000c0000000, 0x00000000c5480000, 0x00000000eaa80000)
  object space 86528K, 6% used [0x00000000c0000000,0x00000000c05b02c8,0x00000000c5480000)
 PSPermGen       total 21504K, used 5850K [0x00000000bae00000, 0x00000000bc300000, 0x00000000c0000000)
  object space 21504K, 27% used [0x00000000bae00000,0x00000000bb3b6908,0x00000000bc300000)
}
Event: 6.640 GC heap before
{Heap before GC invocations=3 (full 0):
 PSYoungGen      total 38400K, used 38388K [0x00000000eaa80000, 0x00000000ef580000, 0x0000000100000000)
  eden space 33280K, 100% used [0x00000000eaa80000,0x00000000ecb00000,0x00000000ecb00000)
  from space 5120K, 99% used [0x00000000ed000000,0x00000000ed4fd330,0x00000000ed500000)
  to   space 5120K, 0% used [0x00000000ecb00000,0x00000000ecb00000,0x00000000ed000000)
 ParOldGen       total 86528K, used 5824K [0x00000000c0000000, 0x00000000c5480000, 0x00000000eaa80000)
  object space 86528K, 6% used [0x00000000c0000000,0x00000000c05b02c8,0x00000000c5480000)
 PSPermGen       total 21504K, used 5888K [0x00000000bae00000, 0x00000000bc300000, 0x00000000c0000000)
  object space 21504K, 27% used [0x00000000bae00000,0x00000000bb3c0050,0x00000000bc300000)
Event: 6.655 GC heap after
Heap after GC invocations=3 (full 0):
 PSYoungGen      total 38400K, used 5092K [0x00000000eaa80000, 0x00000000ef580000, 0x0000000100000000)
  eden space 33280K, 0% used [0x00000000eaa80000,0x00000000eaa80000,0x00000000ecb00000)
  from space 5120K, 99% used [0x00000000ecb00000,0x00000000ecff9098,0x00000000ed000000)
  to   space 5120K, 0% used [0x00000000ef080000,0x00000000ef080000,0x00000000ef580000)
 ParOldGen       total 86528K, used 11272K [0x00000000c0000000, 0x00000000c5480000, 0x00000000eaa80000)
  object space 86528K, 13% used [0x00000000c0000000,0x00000000c0b02280,0x00000000c5480000)
 PSPermGen       total 21504K, used 5888K [0x00000000bae00000, 0x00000000bc300000, 0x00000000c0000000)
  object space 21504K, 27% used [0x00000000bae00000,0x00000000bb3c0050,0x00000000bc300000)
}

Deoptimization events (10 events):
Event: 6.245 Thread 0x000000000a2f5000 Uncommon trap: reason=unreached action=reinterpret pc=0x00000000029c0af4 method=com.android.dx.cf.code.ValueAwareMachine.run(Lcom/android/dx/cf/code/Frame;II)V @ 1007
Event: 6.527 Thread 0x0000000000ead800 Uncommon trap: reason=bimorphic action=maybe_recompile pc=0x00000000029cfb48 method=com.android.dx.cf.code.RopperMachine.run(Lcom/android/dx/cf/code/Frame;II)V @ 978
Event: 6.551 Thread 0x000000000a241800 Uncommon trap: reason=bimorphic action=maybe_recompile pc=0x00000000029cfb48 method=com.android.dx.cf.code.RopperMachine.run(Lcom/android/dx/cf/code/Frame;II)V @ 978
Event: 6.558 Thread 0x0000000008730800 Uncommon trap: reason=bimorphic action=maybe_recompile pc=0x00000000029cfb48 method=com.android.dx.cf.code.RopperMachine.run(Lcom/android/dx/cf/code/Frame;II)V @ 978
Event: 6.673 Thread 0x0000000000ead800 Uncommon trap: reason=unreached action=reinterpret pc=0x00000000028a0804 method=com.android.dx.rop.cst.Constant.compareTo(Lcom/android/dx/rop/cst/Constant;)I @ 12
Event: 6.692 Thread 0x0000000008730800 Uncommon trap: reason=unreached action=reinterpret pc=0x00000000028ddadc method=com.android.dx.ssa.SCCP.simulateBranch(Lcom/android/dx/ssa/SsaInsn;)V @ 132
Event: 6.692 Thread 0x0000000008730800 Uncommon trap: reason=unloaded action=reinterpret pc=0x0000000002950eac method=com.android.dx.ssa.LiteralOpUpgrader$1.visitNonMoveInsn(Lcom/android/dx/ssa/NormalSsaInsn;)V @ 72
Event: 6.707 Thread 0x000000000a241000 Uncommon trap: reason=bimorphic action=maybe_recompile pc=0x000000000292c798 method=com.android.dx.ssa.SCCP.simulatePhi(Lcom/android/dx/ssa/PhiInsn;)V @ 124
Event: 6.707 Thread 0x000000000a241000 Uncommon trap: reason=bimorphic action=maybe_recompile pc=0x000000000292c798 method=com.android.dx.ssa.SCCP.simulatePhi(Lcom/android/dx/ssa/PhiInsn;)V @ 124
Event: 6.717 Thread 0x000000000a241800 Uncommon trap: reason=null_check action=make_not_entrant pc=0x0000000002a00a40 method=com.android.dx.dex.file.MethodIdsSection.intern(Lcom/android/dx/rop/cst/CstBaseMethodRef;)Lcom/android/dx/dex/file/MethodIdItem; @ 26

Internal exceptions (10 events):
Event: 0.724 Thread 0x000000000a241000 Threw 0x00000000eb7388d8 at C:\re\jdk7u79\2331\hotspot\src\share\vm\prims\jvm.cpp:1304
Event: 0.788 Thread 0x0000000008730800 Implicit null exception at 0x00000000028898ab to 0x000000000288a369
Event: 1.031 Thread 0x0000000000ead800 Threw 0x00000000eb970238 at C:\re\jdk7u79\2331\hotspot\src\share\vm\prims\jvm.cpp:1304
Event: 1.105 Thread 0x0000000008730800 Implicit null exception at 0x000000000289e2d2 to 0x000000000289e3c5
Event: 1.838 Thread 0x0000000000ead800 Implicit null exception at 0x00000000028c2ee1 to 0x00000000028c4029
Event: 4.179 Thread 0x000000000a241800 Implicit null exception at 0x0000000002907068 to 0x0000000002909131
Event: 6.263 Thread 0x0000000008730800 Threw 0x00000000ebae4540 at C:\re\jdk7u79\2331\hotspot\src\share\vm\prims\jvm.cpp:1304
Event: 6.533 Thread 0x0000000000ead800 Threw 0x00000000ec37b6b8 at C:\re\jdk7u79\2331\hotspot\src\share\vm\prims\jvm.cpp:1304
Event: 6.692 Thread 0x0000000008730800 Threw 0x00000000eb0906f8 at C:\re\jdk7u79\2331\hotspot\src\share\vm\prims\jvm.cpp:1304
Event: 6.717 Thread 0x000000000a241800 Implicit null exception at 0x00000000029ffee4 to 0x0000000002a00a31

Events (10 events):
Event: 6.693 Thread 0x0000000008730800 DEOPT UNPACKING pc=0x00000000028375a4 sp=0x000000000ad4e5f8 mode 2
Event: 6.707 Thread 0x000000000a241000 Uncommon trap: trap_request=0xffffffc6 fr.pc=0x000000000292c798
Event: 6.707 Thread 0x000000000a241000 DEOPT PACKING pc=0x000000000292c798 sp=0x000000000af4e8c0
Event: 6.707 Thread 0x000000000a241000 DEOPT UNPACKING pc=0x00000000028375a4 sp=0x000000000af4e868 mode 2
Event: 6.707 Thread 0x000000000a241000 Uncommon trap: trap_request=0xffffffc6 fr.pc=0x000000000292c798
Event: 6.707 Thread 0x000000000a241000 DEOPT PACKING pc=0x000000000292c798 sp=0x000000000af4e8c0
Event: 6.707 Thread 0x000000000a241000 DEOPT UNPACKING pc=0x00000000028375a4 sp=0x000000000af4e868 mode 2
Event: 6.717 Thread 0x000000000a241800 Uncommon trap: trap_request=0xfffffff4 fr.pc=0x0000000002a00a40
Event: 6.717 Thread 0x000000000a241800 DEOPT PACKING pc=0x0000000002a00a40 sp=0x000000000b04f280
Event: 6.717 Thread 0x000000000a241800 DEOPT UNPACKING pc=0x00000000028375a4 sp=0x000000000b04f1d8 mode 2


Dynamic libraries:
0x00007ff730280000 - 0x00007ff7302b3000 	C:\Program Files\Java\jdk1.7.0_79\bin\java.exe
0x00007ffb83540000 - 0x00007ffb83701000 	C:\WINDOWS\SYSTEM32\ntdll.dll
0x00007ffb82940000 - 0x00007ffb829ed000 	C:\WINDOWS\system32\KERNEL32.DLL
0x00007ffb80a30000 - 0x00007ffb80c0d000 	C:\WINDOWS\system32\KERNELBASE.dll
0x00007ffb83490000 - 0x00007ffb83536000 	C:\WINDOWS\system32\ADVAPI32.dll
0x00007ffb828a0000 - 0x00007ffb8293d000 	C:\WINDOWS\system32\msvcrt.dll
