#
# There is insufficient memory for the Java Runtime Environment to continue.
# Native memory allocation (malloc) failed to allocate 1141584 bytes for Chunk::new
# Possible reasons:
#   The system is out of physical RAM or swap space
#   In 32 bit mode, the process size limit was hit
# Possible solutions:
#   Reduce memory load on the system
#   Increase physical memory or swap space
#   Check if swap backing store is full
#   Use 64 bit Java on a 64 bit OS
#   Decrease Java heap size (-Xmx/-Xms)
#   Decrease number of Java threads
#   Decrease Java thread stack sizes (-Xss)
#   Set larger code cache with -XX:ReservedCodeCacheSize=
# This output file may be truncated or incomplete.
#
#  Out of Memory Error (allocation.cpp:323), pid=1812, tid=2468
#
# JRE version: Java(TM) SE Runtime Environment (7.0_79-b15) (build 1.7.0_79-b15)
# Java VM: Java HotSpot(TM) 64-Bit Server VM (24.79-b02 mixed mode windows-amd64 compressed oops)
# Failed to write core dump. Minidumps are not enabled by default on client versions of Windows
#

---------------  T H R E A D  ---------------

Current thread (0x0000000008737800):  JavaThread "C2 CompilerThread1" daemon [_thread_in_native, id=2468, stack(0x0000000009dc0000,0x0000000009ec0000)]

Stack: [0x0000000009dc0000,0x0000000009ec0000]
[error occurred during error reporting (printing stack bounds), id 0xc0000005]


[error occurred during error reporting (printing native stack), id 0xc0000005]


Current CompileTask:
C2:   7186  269   !         com.android.dx.cf.code.BytecodeArray::parseInstruction (2764 bytes)


---------------  P R O C E S S  ---------------

Java Threads: ( => current thread )
  0x000000000a320800 JavaThread "pool-1-thread-4" [_thread_in_Java, id=4004, stack(0x000000000a8c0000,0x000000000a9c0000)]
  0x000000000a22d000 JavaThread "pool-1-thread-3" [_thread_in_Java, id=9152, stack(0x000000000a7c0000,0x000000000a8c0000)]
  0x000000000a22c800 JavaThread "pool-1-thread-2" [_thread_blocked, id=9184, stack(0x000000000a6c0000,0x000000000a7c0000)]
  0x000000000a2a3800 JavaThread "pool-2-thread-1" [_thread_blocked, id=10676, stack(0x000000000a5c0000,0x000000000a6c0000)]
  0x000000000a2a3000 JavaThread "pool-1-thread-1" [_thread_in_Java, id=11992, stack(0x000000000a4c0000,0x000000000a5c0000)]
  0x000000000874a000 JavaThread "Service Thread" daemon [_thread_blocked, id=3676, stack(0x0000000009ec0000,0x0000000009fc0000)]
=>0x0000000008737800 JavaThread "C2 CompilerThread1" daemon [_thread_in_native, id=2468, stack(0x0000000009dc0000,0x0000000009ec0000)]
  0x0000000008736000 JavaThread "C2 CompilerThread0" daemon [_thread_in_native, id=13128, stack(0x0000000009cc0000,0x0000000009dc0000)]
  0x0000000008735000 JavaThread "Attach Listener" daemon [_thread_blocked, id=10916, stack(0x0000000009bc0000,0x0000000009cc0000)]
  0x0000000008731800 JavaThread "Signal Dispatcher" daemon [_thread_blocked, id=4248, stack(0x0000000009ac0000,0x0000000009bc0000)]
  0x00000000086f9800 JavaThread "Finalizer" daemon [_thread_blocked, id=8284, stack(0x00000000099c0000,0x0000000009ac0000)]
  0x00000000086f6000 JavaThread "Reference Handler" daemon [_thread_blocked, id=12588, stack(0x00000000098c0000,0x00000000099c0000)]
  0x0000000000e0d800 JavaThread "main" [_thread_blocked, id=7144, stack(0x0000000002650000,0x0000000002750000)]

Other Threads:
  0x00000000086f2800 VMThread [stack: 0x00000000097c0000,0x00000000098c0000] [id=6036]
  0x0000000008754800 WatcherThread [stack: 0x0000000009fc0000,0x000000000a0c0000] [id=3576]

VM state:not at safepoint (normal execution)

VM Mutex/Monitor currently owned by a thread: None

Heap
 PSYoungGen      total 38400K, used 25815K [0x00000000eaa80000, 0x00000000ef580000, 0x0000000100000000)
  eden space 33280K, 62% used [0x00000000eaa80000,0x00000000ebeb9530,0x00000000ecb00000)
  from space 5120K, 99% used [0x00000000ecb00000,0x00000000ecffc998,0x00000000ed000000)
  to   space 5120K, 0% used [0x00000000ef080000,0x00000000ef080000,0x00000000ef580000)
 ParOldGen       total 86528K, used 23K [0x00000000c0000000, 0x00000000c5480000, 0x00000000eaa80000)
  object space 86528K, 0% used [0x00000000c0000000,0x00000000c0005e40,0x00000000c5480000)
 PSPermGen       total 21504K, used 5873K [0x00000000bae00000, 0x00000000bc300000, 0x00000000c0000000)
  object space 21504K, 27% used [0x00000000bae00000,0x00000000bb3bc538,0x00000000bc300000)

Card table byte_map: [0x0000000005910000,0x0000000005b40000] byte_map_base: 0x0000000005339000

Polling page: 0x0000000000dc0000

Code Cache  [0x0000000002850000, 0x0000000002ac0000, 0x0000000005850000)
 total_blobs=511 nmethods=274 adapters=189 free_code_cache=48091Kb largest_free_block=49207488

Compilation events (10 events):
Event: 7.146 Thread 0x0000000008736000 nmethod 271 0x0000000002957b90 code [0x0000000002957e00, 0x00000000029587e0]
Event: 7.146 Thread 0x0000000008736000  272             com.android.dx.ssa.SsaMethod::getExitBlock (26 bytes)
Event: 7.147 Thread 0x0000000008736000 nmethod 272 0x0000000002950d90 code [0x0000000002950ee0, 0x0000000002950fb8]
Event: 7.148 Thread 0x0000000008736000  273             com.android.dx.rop.cst.CstBaseMethodRef::compareTo0 (29 bytes)
Event: 7.150 Thread 0x0000000008736000 nmethod 273 0x0000000002955590 code [0x0000000002955700, 0x0000000002955b08]
Event: 7.150 Thread 0x0000000008736000  274             com.android.dx.rop.code.BasicBlockList$RegCountVisitor::visitPlainInsn (6 bytes)
Event: 7.155 Thread 0x0000000008736000 nmethod 274 0x0000000002954b90 code [0x0000000002954d00, 0x0000000002954f98]
Event: 7.155 Thread 0x0000000008736000  275             com.android.dx.util.IntList::contains (14 bytes)
Event: 7.158 Thread 0x0000000008736000 nmethod 275 0x0000000002950850 code [0x00000000029509a0, 0x0000000002950b58]
Event: 7.158 Thread 0x0000000008736000  276             com.android.dx.dex.code.RopTranslator::pickOrder (400 bytes)

GC Heap History (2 events):
Event: 5.915 GC heap before
{Heap before GC invocations=1 (full 0):
 PSYoungGen      total 38400K, used 33280K [0x00000000eaa80000, 0x00000000ed500000, 0x0000000100000000)
  eden space 33280K, 100% used [0x00000000eaa80000,0x00000000ecb00000,0x00000000ecb00000)
  from space 5120K, 0% used [0x00000000ed000000,0x00000000ed000000,0x00000000ed500000)
  to   space 5120K, 0% used [0x00000000ecb00000,0x00000000ecb00000,0x00000000ed000000)
 ParOldGen       total 86528K, used 0K [0x00000000c0000000, 0x00000000c5480000, 0x00000000eaa80000)
  object space 86528K, 0% used [0x00000000c0000000,0x00000000c0000000,0x00000000c5480000)
 PSPermGen       total 21504K, used 5748K [0x00000000bae00000, 0x00000000bc300000, 0x00000000c0000000)
  object space 21504K, 26% used [0x00000000bae00000,0x00000000bb39d038,0x00000000bc300000)
Event: 6.063 GC heap after
Heap after GC invocations=1 (full 0):
 PSYoungGen      total 38400K, used 5106K [0x00000000eaa80000, 0x00000000ef580000, 0x0000000100000000)
  eden space 33280K, 0% used [0x00000000eaa80000,0x00000000eaa80000,0x00000000ecb00000)
  from space 5120K, 99% used [0x00000000ecb00000,0x00000000ecffc998,0x00000000ed000000)
  to   space 5120K, 0% used [0x00000000ef080000,0x00000000ef080000,0x00000000ef580000)
 ParOldGen       total 86528K, used 23K [0x00000000c0000000, 0x00000000c5480000, 0x00000000eaa80000)
  object space 86528K, 0% used [0x00000000c0000000,0x00000000c0005e40,0x00000000c5480000)
 PSPermGen       total 21504K, used 5748K [0x00000000bae00000, 0x00000000bc300000, 0x00000000c0000000)
  object space 21504K, 26% used [0x00000000bae00000,0x00000000bb39d038,0x00000000bc300000)
}

Deoptimization events (3 events):
Event: 4.730 Thread 0x000000000a2a3000 Uncommon trap: reason=null_check action=make_not_entrant pc=0x00000000028d1f4c method=com.android.dx.rop.code.LocalItem.equals(Ljava/lang/Object;)Z @ 1
Event: 6.373 Thread 0x0000000000e0d800 Uncommon trap: reason=null_check action=make_not_entrant pc=0x0000000002921178 method=com.android.dx.rop.type.Type.putIntern(Lcom/android/dx/rop/type/Type;)Lcom/android/dx/rop/type/Type; @ 18
Event: 6.957 Thread 0x0000000000e0d800 Uncommon trap: reason=unreached action=reinterpret pc=0x00000000028d5904 method=com.android.dx.rop.cst.Constant.compareTo(Lcom/android/dx/rop/cst/Constant;)I @ 12

Internal exceptions (10 events):
Event: 3.993 Thread 0x0000000000e0d800 Threw 0x00000000ec0ebc50 at C:\re\jdk7u79\2331\hotspot\src\share\vm\prims\jvm.cpp:1304
Event: 3.994 Thread 0x0000000000e0d800 Threw 0x00000000ec0f13e0 at C:\re\jdk7u79\2331\hotspot\src\share\vm\prims\jvm.cpp:1304
Event: 4.630 Thread 0x0000000000e0d800 Threw 0x00000000ec257dc0 at C:\re\jdk7u79\2331\hotspot\src\share\vm\prims\jvm.cpp:1304
Event: 4.631 Thread 0x0000000000e0d800 Threw 0x00000000ec25a1e8 at C:\re\jdk7u79\2331\hotspot\src\share\vm\prims\jvm.cpp:1304
Event: 4.634 Thread 0x000000000a320800 Threw 0x00000000ebe8ff68 at C:\re\jdk7u79\2331\hotspot\src\share\vm\prims\jvm.cpp:1304
Event: 4.639 Thread 0x000000000a22d000 Threw 0x00000000ebf2eea0 at C:\re\jdk7u79\2331\hotspot\src\share\vm\prims\jvm.cpp:1304
Event: 4.730 Thread 0x000000000a2a3000 Implicit null exception at 0x00000000028d1b68 to 0x00000000028d1f39
Event: 4.965 Thread 0x0000000000e0d800 Threw 0x00000000ec5f22e0 at C:\re\jdk7u79\2331\hotspot\src\share\vm\prims\jvm.cpp:1304
Event: 6.370 Thread 0x000000000a2a3000 Threw 0x00000000eb00d228 at C:\re\jdk7u79\2331\hotspot\src\share\vm\prims\jvm.cpp:1304
Event: 6.373 Thread 0x0000000000e0d800 Implicit null exception at 0x0000000002920a87 to 0x0000000002921169

Events (10 events):
Event: 6.373 Thread 0x0000000000e0d800 Uncommon trap: trap_request=0xfffffff4 fr.pc=0x0000000002921178
Event: 6.373 Thread 0x0000000000e0d800 DEOPT PACKING pc=0x0000000002921178 sp=0x000000000274eba0
Event: 6.373 Thread 0x0000000000e0d800 DEOPT UNPACKING pc=0x00000000028875a4 sp=0x000000000274eac0 mode 2
Event: 6.374 loading class 0x00000000027c8430
Event: 6.374 loading class 0x00000000027c8430 done
Event: 6.374 loading class 0x00000000027c8400
Event: 6.374 loading class 0x00000000027c8400 done
Event: 6.957 Thread 0x0000000000e0d800 Uncommon trap: trap_request=0xffffffad fr.pc=0x00000000028d5904
Event: 6.957 Thread 0x0000000000e0d800 DEOPT PACKING pc=0x00000000028d5904 sp=0x000000000274e400
Event: 6.957 Thread 0x0000000000e0d800 DEOPT UNPACKING pc=0x00000000028875a4 sp=0x000000000274e3a0 mode 2


Dynamic libraries:
0x00007ff730280000 - 0x00007ff7302b3000 	C:\Program Files\Java\jdk1.7.0_79\bin\java.exe
0x00007ffb83540000 - 0x00007ffb83701000 	C:\WINDOWS\SYSTEM32\ntdll.dll
0x00007ffb82940000 - 0x00007ffb829ed000 	C:\WINDOWS\system32\KERNEL32.DLL
0x00007ffb80a30000 - 0x00007ffb80c0d000 	C:\WINDOWS\system32\KERNELBASE.dll
0x00007ffb83490000 - 0x00007ffb83536000 	C:\WINDOWS\system32\ADVAPI32.dll
0x00007ffb828a0000 - 0x00007ffb8293d000 	C:\WINDOWS\system32\msvcrt.dll
0x00007ffb83140000 - 0x00007ffb8319b000 	C:\WINDOWS\system32\sechost.dll
0x00007ffb82fb0000 - 0x00007ffb830d6000 	C:\WINDOWS\system32\RPCRT4.dll
0x00007ffb80dc0000 - 0x00007ffb80f0e000 	C:\WINDOWS\system32\USER32.dll
0x00007ffb80f90000 - 0x00007ffb81116000 	C:\WINDOWS\system32\GDI32.dll
0x00007ffb763f0000 - 0x00007ffb76664000 	C:\WINDOWS\WinSxS\amd64_microsoft.windows.common-controls_6595b64144ccf1df_6.0.10240.16384_none_f41f7b285750ef43\COMCTL32.dll
0x00007ffb82f70000 - 0x00007ffb82fa6000 	C:\WINDOWS\system32\IMM32.DLL
0x00007ffb829f0000 - 0x00007ffb82b4c000 	C:\WINDOWS\system32\MSCTF.dll
0x00000000602a0000 - 0x0000000060372000 	C:\Program Files\Java\jdk1.7.0_79\jre\bin\msvcr100.dll
0x0000000060660000 - 0x0000000060e35000 	C:\Program Files\Java\jdk1.7.0_79\jre\bin\server\jvm.dll
0x00007ffb82c00000 - 0x00007ffb82c08000 	C:\WINDOWS\system32\PSAPI.DLL
0x00007ffb6f760000 - 0x00007ffb6f769000 	C:\WINDOWS\SYSTEM32\WSOCK32.dll
0x00007ffb81130000 - 0x00007ffb81199000 	C:\WINDOWS\system32\WS2_32.dll
0x00007ffb81120000 - 0x00007ffb81128000 	C:\WINDOWS\system32\NSI.dll
0x00007ffb7e410000 - 0x00007ffb7e433000 	C:\WINDOWS\SYSTEM32\WINMM.dll
0x00007ffb7e290000 - 0x00007ffb7e2bc000 	C:\WINDOWS\SYSTEM32\WINMMBASE.dll
0x00007ffb80010000 - 0x00007ffb80054000 	C:\WINDOWS\system32\cfgmgr32.dll
0x00007ffb7e900000 - 0x00007ffb7e927000 	C:\WINDOWS\SYSTEM32\DEVOBJ.dll
0x0000000060fd0000 - 0x0000000060fdf000 	C:\Program Files\Java\jdk1.7.0_79\jre\bin\verify.dll
0x0000000060fa0000 - 0x0000000060fc8000 	C:\Program Files\Java\jdk1.7.0_79\jre\bin\java.dll
0x0000000060f80000 - 0x0000000060f95000 	C:\Program Files\Java\jdk1.7.0_79\jre\bin\zip.dll
0x0000000060f60000 - 0x0000000060f7a000 	C:\Program Files\Java\jdk1.7.0_79\jre\bin\net.dll
0x00007ffb7f7e0000 - 0x00007ffb7f83d000 	C:\WINDOWS\system32\mswsock.dll
0x0000000060f40000 - 0x0000000060f51000 	C:\Program Files\Java\jdk1.7.0_79\jre\bin\nio.dll

VM Arguments:
jvm_args: -Djava.awt.headless=true -Xmx1024M -Dfile.encoding=windows-1252 -Duser.country=US -Duser.language=en -Duser.variant 
java_command: com.android.dx.command.Main --dex --num-threads=4 --output C:\Users\Christopher\Documents\Hackathons\Pearson\Code\HandUp\app\build\intermediates\pre-dexed\debug\com.android.support-support-v4-23.1.1_19749dee1633d4dbd9b8b2ac4b08d28b5f9c93fe.jar C:\Users\Christopher\Documents\Hackathons\Pearson\Code\HandUp\app\build\intermediates\exploded-aar\com.android.support\support-v4\23.1.1\jars\classes.jar
Launcher Type: SUN_STANDARD

Environment Variables:
JAVA_HOME=C:\Program Files\Java\jdk1.7.0_79
PATH=C:\Program Files (x86)\Lenovo\FusionEngine;C:\Program Files (x86)\Intel\iCLS Client\;C:\Program Files\Intel\iCLS Client\;C:\windows\system32;C:\windows;C:\windows\System32\Wbem;C:\windows\System32\WindowsPowerShell\v1.0\;C:\Program Files\Intel\Intel(R) Management Engine Components\DAL;C:\Program Files\Intel\Intel(R) Management Engine Components\IPT;C:\Program Files (x86)\Intel\Intel(R) Management Engine Components\DAL;C:\Program Files (x86)\Intel\Intel(R) Management Engine Components\IPT;C:\Program Files\Intel\WiFi\bin\;C:\Program Files\Common Files\Intel\WirelessCommon\;C:\Program Files (x86)\Lenovo\Motion Control\;C:\Program Files (x86)\SlikSvn\bin;C:\Program Files (x86)\PharosSystems\Core;C:\Program Files (x86)\MiKTeX 2.9\miktex\bin\;C:\Program Files (x86)\Git\cmd;C:\Program Files (x86)\Git\bin;C:\Program Files\Microsoft SQL Server\120\Tools\Binn\;C:\Program Files\Microsoft SQL Server\110\Tools\Binn\;C:\Program Files (x86)\CloudFoundry;C:\Program Files (x86)\Java\jdk1.8.0_20\bin;C:\ProgramData\Oracle\Java\javapath;C:\WINDOWS\system32;C:\WINDOWS;C:\WINDOWS\System32\Wbem;C:\WINDOWS\System32\WindowsPowerShell\v1.0\;C:\Program Files\nodejs\;USERPROFILE\.dnx\bin;C:\Program Files\Microsoft DNX\Dnvm\;C:\Program Files (x86)\Windows Kits\8.1\Windows Performance Toolkit\;C:\Program Files (x86)\Skype\Phone\;C:\windows\system32\config\systemprofile\.dnx\bin;C:\Ruby21-x64\bin;C:\Python27;C:\Users\Christopher\AppData\Roaming\npm;C:\Program Files\Apache-Maven\apache-maven-3.3.9\bin
USERNAME=Christopher
OS=Windows_NT
PROCESSOR_IDENTIFIER=Intel64 Family 6 Model 69 Stepping 1, GenuineIntel



---------------  S Y S T E M  ---------------

OS: Windows 8.1 , 64 bit Build 9600 

CPU:total 4 (2 cores per cpu, 2 threads per core) family 6 model 69 stepping 1, cmov, cx8, fxsr, mmx, sse, sse2, sse3, ssse3, sse4.1, sse4.2, popcnt, avx, avx2, aes, erms, ht, tsc, tscinvbit

Memory: 4k page, physical 8298776k(605808k free), swap 14931712k(5996k free)

vm_info: Java HotSpot(TM) 64-Bit Server VM (24.79-b02) for windows-amd64 JRE (1.7.0_79-b15), built on Apr 10 2015 12:36:16 by "java_re" with unknown MS VC++:1600

time: Tue Dec 29 18:47:55 2015
elapsed time: 7 seconds

