#
# There is insufficient memory for the Java Runtime Environment to continue.
# Native memory allocation (malloc) failed to allocate 65552 bytes for Chunk::new
# Possible reasons:
#   The system is out of physical RAM or swap space
#   In 32 bit mode, the process size limit was hit
# Possible solutions:
#   Reduce memory load on the system
#   Increase physical memory or swap space
#   Check if swap backing store is full
#   Use 64 bit Java on a 64 bit OS
#   Decrease Java heap size (-Xmx/-Xms)
#   Decrease number of Java threads
#   Decrease Java thread stack sizes (-Xss)
#   Set larger code cache with -XX:ReservedCodeCacheSize=
# This output file may be truncated or incomplete.
#
#  Out of Memory Error (allocation.cpp:323), pid=13524, tid=9796
#
# JRE version: Java(TM) SE Runtime Environment (7.0_79-b15) (build 1.7.0_79-b15)
# Java VM: Java HotSpot(TM) 64-Bit Server VM (24.79-b02 mixed mode windows-amd64 compressed oops)
# Failed to write core dump. Minidumps are not enabled by default on client versions of Windows
#

---------------  T H R E A D  ---------------

Current thread (0x0000000008c9f000):  JavaThread "C2 CompilerThread1" daemon [_thread_in_native, id=9796, stack(0x000000000a310000,0x000000000a410000)]

Stack: [0x000000000a310000,0x000000000a410000]
[error occurred during error reporting (printing stack bounds), id 0xc0000005]


Current CompileTask:
C2:   5629  466             com.android.dx.dex.cf.CfTranslator::translate0 (259 bytes)


---------------  P R O C E S S  ---------------

Java Threads: ( => current thread )
  0x000000000a877000 JavaThread "pool-1-thread-4" [_thread_in_Java, id=13676, stack(0x000000000ae10000,0x000000000af10000)]
  0x000000000a8c0000 JavaThread "pool-1-thread-3" [_thread_in_Java, id=13404, stack(0x000000000ad10000,0x000000000ae10000)]
  0x000000000a781000 JavaThread "pool-1-thread-2" [_thread_in_Java, id=13476, stack(0x000000000ac10000,0x000000000ad10000)]
  0x000000000a77f800 JavaThread "pool-2-thread-1" [_thread_blocked, id=6252, stack(0x000000000ab10000,0x000000000ac10000)]
  0x000000000a6a9800 JavaThread "pool-1-thread-1" [_thread_in_Java, id=9256, stack(0x000000000aa10000,0x000000000ab10000)]
  0x0000000008ca6000 JavaThread "Service Thread" daemon [_thread_blocked, id=13604, stack(0x000000000a410000,0x000000000a510000)]
=>0x0000000008c9f000 JavaThread "C2 CompilerThread1" daemon [_thread_in_native, id=9796, stack(0x000000000a310000,0x000000000a410000)]
  0x0000000008c9d000 JavaThread "C2 CompilerThread0" daemon [_thread_in_native, id=13752, stack(0x000000000a210000,0x000000000a310000)]
  0x0000000008c9c000 JavaThread "Attach Listener" daemon [_thread_blocked, id=13432, stack(0x000000000a110000,0x000000000a210000)]
  0x0000000008c99000 JavaThread "Signal Dispatcher" daemon [_thread_blocked, id=12420, stack(0x000000000a010000,0x000000000a110000)]
  0x0000000008c5f800 JavaThread "Finalizer" daemon [_thread_blocked, id=13608, stack(0x0000000009f10000,0x000000000a010000)]
  0x0000000008c56000 JavaThread "Reference Handler" daemon [_thread_blocked, id=6128, stack(0x0000000009e10000,0x0000000009f10000)]
  0x0000000002c8d800 JavaThread "main" [_thread_in_vm, id=7732, stack(0x0000000002b60000,0x0000000002c60000)]

Other Threads:
  0x0000000008c52000 VMThread [stack: 0x0000000009d10000,0x0000000009e10000] [id=13508]
  0x0000000008cb0800 WatcherThread [stack: 0x000000000a510000,0x000000000a610000] [id=12164]

VM state:not at safepoint (normal execution)

VM Mutex/Monitor currently owned by a thread: None

Heap
 PSYoungGen      total 71680K, used 39933K [0x00000000eaa80000, 0x00000000ef580000, 0x0000000100000000)
  eden space 66560K, 52% used [0x00000000eaa80000,0x00000000ecc82690,0x00000000eeb80000)
  from space 5120K, 99% used [0x00000000ef080000,0x00000000ef57d010,0x00000000ef580000)
  to   space 5120K, 0% used [0x00000000eeb80000,0x00000000eeb80000,0x00000000ef080000)
 ParOldGen       total 86528K, used 5521K [0x00000000c0000000, 0x00000000c5480000, 0x00000000eaa80000)
  object space 86528K, 6% used [0x00000000c0000000,0x00000000c0564780,0x00000000c5480000)
 PSPermGen       total 21504K, used 5889K [0x00000000bae00000, 0x00000000bc300000, 0x00000000c0000000)
  object space 21504K, 27% used [0x00000000bae00000,0x00000000bb3c07f0,0x00000000bc300000)

Card table byte_map: [0x0000000005e70000,0x00000000060a0000] byte_map_base: 0x0000000005899000

Polling page: 0x0000000002c60000

Code Cache  [0x0000000002db0000, 0x0000000003020000, 0x0000000005db0000)
 total_blobs=708 nmethods=471 adapters=189 free_code_cache=47109Kb largest_free_block=48204928

Compilation events (10 events):
Event: 5.619 Thread 0x0000000008c9d000 nmethod 468 0x0000000002fb5410 code [0x0000000002fb5580, 0x0000000002fb5798]
Event: 5.619 Thread 0x0000000008c9d000  469             com.android.dx.ssa.SsaMethod::getUseListForRegister (18 bytes)
Event: 5.619 Thread 0x0000000008c9d000 nmethod 469 0x0000000002fab710 code [0x0000000002fab860, 0x0000000002fab928]
Event: 5.622 Thread 0x0000000008c9d000  470             com.android.dx.util.IntList::makeImmutable (20 bytes)
Event: 5.623 Thread 0x0000000008c9d000 nmethod 470 0x0000000002faa390 code [0x0000000002faa4e0, 0x0000000002faa658]
Event: 5.623 Thread 0x0000000008c9d000  471             com.android.dx.util.IntList::<init> (6 bytes)
Event: 5.624 Thread 0x0000000008c9d000 nmethod 471 0x0000000002fa6410 code [0x0000000002fa6560, 0x0000000002fa6678]
Event: 5.625 Thread 0x0000000008c9d000  472             com.android.dx.cf.direct.DirectClassFile::getBytes (5 bytes)
Event: 5.625 Thread 0x0000000008c9d000 nmethod 472 0x0000000002fa6210 code [0x0000000002fa6340, 0x0000000002fa6398]
Event: 5.626 Thread 0x0000000008c9d000  473             com.android.dx.cf.code.Merger::mergeLocals (122 bytes)

GC Heap History (4 events):
Event: 2.129 GC heap before
{Heap before GC invocations=1 (full 0):
 PSYoungGen      total 38400K, used 33280K [0x00000000eaa80000, 0x00000000ed500000, 0x0000000100000000)
  eden space 33280K, 100% used [0x00000000eaa80000,0x00000000ecb00000,0x00000000ecb00000)
  from space 5120K, 0% used [0x00000000ed000000,0x00000000ed000000,0x00000000ed500000)
  to   space 5120K, 0% used [0x00000000ecb00000,0x00000000ecb00000,0x00000000ed000000)
 ParOldGen       total 86528K, used 0K [0x00000000c0000000, 0x00000000c5480000, 0x00000000eaa80000)
  object space 86528K, 0% used [0x00000000c0000000,0x00000000c0000000,0x00000000c5480000)
 PSPermGen       total 21504K, used 5795K [0x00000000bae00000, 0x00000000bc300000, 0x00000000c0000000)
  object space 21504K, 26% used [0x00000000bae00000,0x00000000bb3a8cf8,0x00000000bc300000)
Event: 2.363 GC heap after
Heap after GC invocations=1 (full 0):
 PSYoungGen      total 38400K, used 5094K [0x00000000eaa80000, 0x00000000ef580000, 0x0000000100000000)
  eden space 33280K, 0% used [0x00000000eaa80000,0x00000000eaa80000,0x00000000ecb00000)
  from space 5120K, 99% used [0x00000000ecb00000,0x00000000ecff9bf0,0x00000000ed000000)
  to   space 5120K, 0% used [0x00000000ef080000,0x00000000ef080000,0x00000000ef580000)
 ParOldGen       total 86528K, used 1575K [0x00000000c0000000, 0x00000000c5480000, 0x00000000eaa80000)
  object space 86528K, 1% used [0x00000000c0000000,0x00000000c0189fc0,0x00000000c5480000)
 PSPermGen       total 21504K, used 5795K [0x00000000bae00000, 0x00000000bc300000, 0x00000000c0000000)
  object space 21504K, 26% used [0x00000000bae00000,0x00000000bb3a8cf8,0x00000000bc300000)
}
Event: 4.732 GC heap before
{Heap before GC invocations=2 (full 0):
 PSYoungGen      total 38400K, used 38374K [0x00000000eaa80000, 0x00000000ef580000, 0x0000000100000000)
  eden space 33280K, 100% used [0x00000000eaa80000,0x00000000ecb00000,0x00000000ecb00000)
  from space 5120K, 99% used [0x00000000ecb00000,0x00000000ecff9bf0,0x00000000ed000000)
  to   space 5120K, 0% used [0x00000000ef080000,0x00000000ef080000,0x00000000ef580000)
 ParOldGen       total 86528K, used 1575K [0x00000000c0000000, 0x00000000c5480000, 0x00000000eaa80000)
  object space 86528K, 1% used [0x00000000c0000000,0x00000000c0189fc0,0x00000000c5480000)
 PSPermGen       total 21504K, used 5850K [0x00000000bae00000, 0x00000000bc300000, 0x00000000c0000000)
  object space 21504K, 27% used [0x00000000bae00000,0x00000000bb3b6a88,0x00000000bc300000)
Event: 4.745 GC heap after
Heap after GC invocations=2 (full 0):
 PSYoungGen      total 71680K, used 5108K [0x00000000eaa80000, 0x00000000ef580000, 0x0000000100000000)
  eden space 66560K, 0% used [0x00000000eaa80000,0x00000000eaa80000,0x00000000eeb80000)
  from space 5120K, 99% used [0x00000000ef080000,0x00000000ef57d010,0x00000000ef580000)
  to   space 5120K, 0% used [0x00000000eeb80000,0x00000000eeb80000,0x00000000ef080000)
 ParOldGen       total 86528K, used 5521K [0x00000000c0000000, 0x00000000c5480000, 0x00000000eaa80000)
  object space 86528K, 6% used [0x00000000c0000000,0x00000000c0564780,0x00000000c5480000)
 PSPermGen       total 21504K, used 5850K [0x00000000bae00000, 0x00000000bc300000, 0x00000000c0000000)
  object space 21504K, 27% used [0x00000000bae00000,0x00000000bb3b6a88,0x00000000bc300000)
}

Deoptimization events (10 events):
Event: 4.044 Thread 0x000000000a8c0000 Uncommon trap: reason=class_check action=maybe_recompile pc=0x0000000002eebb4c method=com.android.dx.ssa.SCCP.simulatePhi(Lcom/android/dx/ssa/PhiInsn;)V @ 124
Event: 5.245 Thread 0x000000000a6a9800 Uncommon trap: reason=uninitialized action=reinterpret pc=0x0000000002efe940 method=com.android.dx.cf.code.BytecodeArray.parseInstruction(ILcom/android/dx/cf/code/BytecodeArray$Visitor;)I @ 1095
Event: 5.246 Thread 0x000000000a781000 Uncommon trap: reason=unreached action=reinterpret pc=0x0000000002e1d5d4 method=java.util.regex.Pattern.compile()V @ 271
Event: 5.247 Thread 0x000000000a781000 Uncommon trap: reason=class_check action=maybe_recompile pc=0x0000000002e161c4 method=java.util.regex.Matcher.search(I)Z @ 86
Event: 5.247 Thread 0x000000000a781000 Uncommon trap: reason=class_check action=maybe_recompile pc=0x0000000002e161c4 method=java.util.regex.Matcher.search(I)Z @ 86
Event: 5.247 Thread 0x000000000a781000 Uncommon trap: reason=class_check action=maybe_recompile pc=0x0000000002e161c4 method=java.util.regex.Matcher.search(I)Z @ 86
Event: 5.247 Thread 0x000000000a781000 Uncommon trap: reason=class_check action=maybe_recompile pc=0x0000000002e161c4 method=java.util.regex.Matcher.search(I)Z @ 86
Event: 5.318 Thread 0x000000000a6a9800 Uncommon trap: reason=bimorphic action=maybe_recompile pc=0x0000000002f8c2f8 method=com.android.dx.cf.code.RopperMachine.run(Lcom/android/dx/cf/code/Frame;II)V @ 978
Event: 5.327 Thread 0x000000000a6a9800 Uncommon trap: reason=bimorphic action=maybe_recompile pc=0x0000000002f8c2f8 method=com.android.dx.cf.code.RopperMachine.run(Lcom/android/dx/cf/code/Frame;II)V @ 978
Event: 5.615 Thread 0x000000000a781000 Uncommon trap: reason=bimorphic action=maybe_recompile pc=0x0000000002f8c2f8 method=com.android.dx.cf.code.RopperMachine.run(Lcom/android/dx/cf/code/Frame;II)V @ 978

Internal exceptions (10 events):
Event: 0.670 Thread 0x000000000a781000 Implicit null exception at 0x0000000002e2d899 to 0x0000000002e2dc85
Event: 0.677 Thread 0x000000000a781000 Threw 0x00000000eb9cc788 at C:\re\jdk7u79\2331\hotspot\src\share\vm\prims\jvm.cpp:1304
Event: 0.727 Thread 0x000000000a877000 Implicit null exception at 0x0000000002e34fb0 to 0x0000000002e35811
Event: 0.770 Thread 0x000000000a8c0000 Implicit null exception at 0x0000000002e3dbe3 to 0x0000000002e3e6dd
Event: 0.790 Thread 0x000000000a877000 Implicit null exception at 0x0000000002e40ace to 0x0000000002e414e1
Event: 0.903 Thread 0x000000000a781000 Threw 0x00000000ebbe8fa0 at C:\re\jdk7u79\2331\hotspot\src\share\vm\prims\jvm.cpp:1304
Event: 1.369 Thread 0x000000000a8c0000 Implicit null exception at 0x0000000002e74529 to 0x0000000002e754e9
Event: 2.910 Thread 0x000000000a781000 Implicit null exception at 0x0000000002ecf21c to 0x0000000002ed1251
Event: 5.288 Thread 0x000000000a8c0000 Threw 0x00000000ebbc9230 at C:\re\jdk7u79\2331\hotspot\src\share\vm\prims\jvm.cpp:1304
Event: 5.331 Thread 0x000000000a6a9800 Threw 0x00000000ec4daa50 at C:\re\jdk7u79\2331\hotspot\src\share\vm\prims\jvm.cpp:1304

Events (10 events):
Event: 5.318 Thread 0x000000000a6a9800 DEOPT PACKING pc=0x0000000002f8c2f8 sp=0x000000000ab0ea90
Event: 5.318 Thread 0x000000000a6a9800 DEOPT UNPACKING pc=0x0000000002de75a4 sp=0x000000000ab0ea08 mode 2
Event: 5.327 Thread 0x000000000a6a9800 Uncommon trap: trap_request=0xffffffc6 fr.pc=0x0000000002f8c2f8
Event: 5.327 Thread 0x000000000a6a9800 DEOPT PACKING pc=0x0000000002f8c2f8 sp=0x000000000ab0ea60
Event: 5.327 Thread 0x000000000a6a9800 DEOPT UNPACKING pc=0x0000000002de75a4 sp=0x000000000ab0e9d8 mode 2
Event: 5.331 loading class 0x000000000a69fad0
Event: 5.331 loading class 0x000000000a69fad0 done
Event: 5.615 Thread 0x000000000a781000 Uncommon trap: trap_request=0xffffffc6 fr.pc=0x0000000002f8c2f8
Event: 5.615 Thread 0x000000000a781000 DEOPT PACKING pc=0x0000000002f8c2f8 sp=0x000000000ad0eb00
Event: 5.615 Thread 0x000000000a781000 DEOPT UNPACKING pc=0x0000000002de75a4 sp=0x000000000ad0ea78 mode 2


Dynamic libraries:
0x00007ff730280000 - 0x00007ff7302b3000 	C:\Program Files\Java\jdk1.7.0_79\bin\java.exe
0x00007ffb83540000 - 0x00007ffb83701000 	C:\WINDOWS\SYSTEM32\ntdll.dll
0x00007ffb82940000 - 0x00007ffb829ed000 	C:\WINDOWS\system32\KERNEL32.DLL
0x00007ffb80a30000 - 0x00007ffb80c0d000 	C:\WINDOWS\system32\KERNELBASE.dll
0x00007ffb83490000 - 0x00007ffb83536000 	C:\WINDOWS\system32\ADVAPI32.dll
0x00007ffb828a0000 - 0x00007ffb8293d000 	C:\WINDOWS\system32\msvcrt.dll
0x00007ffb83140000 - 0x00007ffb8319b000 	C:\WINDOWS\system32\sechost.dll
0x00007ffb82fb0000 - 0x00007ffb830d6000 	C:\WINDOWS\system32\RPCRT4.dll
0x00007ffb80dc0000 - 0x00007ffb80f0e000 	C:\WINDOWS\system32\USER32.dll
0x00007ffb80f90000 - 0x00007ffb81116000 	C:\WINDOWS\system32\GDI32.dll
0x00007ffb763f0000 - 0x00007ffb76664000 	C:\WINDOWS\WinSxS\amd64_microsoft.windows.common-controls_6595b64144ccf1df_6.0.10240.16384_none_f41f7b285750ef43\COMCTL32.dll
0x00007ffb82f70000 - 0x00007ffb82fa6000 	C:\WINDOWS\system32\IMM32.DLL
0x00007ffb829f0000 - 0x00007ffb82b4c000 	C:\WINDOWS\system32\MSCTF.dll
0x00000000602a0000 - 0x0000000060372000 	C:\Program Files\Java\jdk1.7.0_79\jre\bin\msvcr100.dll
0x0000000060660000 - 0x0000000060e35000 	C:\Program Files\Java\jdk1.7.0_79\jre\bin\server\jvm.dll
0x00007ffb82c00000 - 0x00007ffb82c08000 	C:\WINDOWS\system32\PSAPI.DLL
0x00007ffb6f760000 - 0x00007ffb6f769000 	C:\WINDOWS\SYSTEM32\WSOCK32.dll
0x00007ffb81130000 - 0x00007ffb81199000 	C:\WINDOWS\system32\WS2_32.dll
0x00007ffb81120000 - 0x00007ffb81128000 	C:\WINDOWS\system32\NSI.dll
0x00007ffb7e410000 - 0x00007ffb7e433000 	C:\WINDOWS\SYSTEM32\WINMM.dll
0x00007ffb7e290000 - 0x00007ffb7e2bc000 	C:\WINDOWS\SYSTEM32\WINMMBASE.dll
0x00007ffb80010000 - 0x00007ffb80054000 	C:\WINDOWS\system32\cfgmgr32.dll
0x00007ffb7e900000 - 0x00007ffb7e927000 	C:\WINDOWS\SYSTEM32\DEVOBJ.dll
0x0000000060fd0000 - 0x0000000060fdf000 	C:\Program Files\Java\jdk1.7.0_79\jre\bin\verify.dll
0x0000000060fa0000 - 0x0000000060fc8000 	C:\Program Files\Java\jdk1.7.0_79\jre\bin\java.dll
0x0000000060f80000 - 0x0000000060f95000 	C:\Program Files\Java\jdk1.7.0_79\jre\bin\zip.dll
0x0000000060f60000 - 0x0000000060f7a000 	C:\Program Files\Java\jdk1.7.0_79\jre\bin\net.dll
0x00007ffb7f7e0000 - 0x00007ffb7f83d000 	C:\WINDOWS\system32\mswsock.dll
0x0000000060f40000 - 0x0000000060f51000 	C:\Program Files\Java\jdk1.7.0_79\jre\bin\nio.dll

VM Arguments:
jvm_args: -Djava.awt.headless=true -Xmx1024M -Dfile.encoding=windows-1252 -Duser.country=US -Duser.language=en -Duser.variant 
java_command: com.android.dx.command.Main --dex --num-threads=4 --output C:\Users\Christopher\Documents\Hackathons\Pearson\Code\HandUp\app\build\intermediates\pre-dexed\debug\log4j-1.2.17_fb1de5540d2ca2b8d7071f3c191504c71e2a3efb.jar C:\Users\Christopher\Documents\Hackathons\Pearson\Code\HandUp\app\libs\log4j-1.2.17.jar
Launcher Type: SUN_STANDARD

Environment Variables:
JAVA_HOME=C:\Program Files\Java\jdk1.7.0_79
PATH=C:\Program Files (x86)\Lenovo\FusionEngine;C:\Program Files (x86)\Intel\iCLS Client\;C:\Program Files\Intel\iCLS Client\;C:\windows\system32;C:\windows;C:\windows\System32\Wbem;C:\windows\System32\WindowsPowerShell\v1.0\;C:\Program Files\Intel\Intel(R) Management Engine Components\DAL;C:\Program Files\Intel\Intel(R) Management Engine Components\IPT;C:\Program Files (x86)\Intel\Intel(R) Management Engine Components\DAL;C:\Program Files (x86)\Intel\Intel(R) Management Engine Components\IPT;C:\Program Files\Intel\WiFi\bin\;C:\Program Files\Common Files\Intel\WirelessCommon\;C:\Program Files (x86)\Lenovo\Motion Control\;C:\Program Files (x86)\SlikSvn\bin;C:\Program Files (x86)\PharosSystems\Core;C:\Program Files (x86)\MiKTeX 2.9\miktex\bin\;C:\Program Files (x86)\Git\cmd;C:\Program Files (x86)\Git\bin;C:\Program Files\Microsoft SQL Server\120\Tools\Binn\;C:\Program Files\Microsoft SQL Server\110\Tools\Binn\;C:\Program Files (x86)\CloudFoundry;C:\Program Files (x86)\Java\jdk1.8.0_20\bin;C:\ProgramData\Oracle\Java\javapath;C:\WINDOWS\system32;C:\WINDOWS;C:\WINDOWS\System32\Wbem;C:\WINDOWS\System32\WindowsPowerShell\v1.0\;C:\Program Files\nodejs\;USERPROFILE\.dnx\bin;C:\Program Files\Microsoft DNX\Dnvm\;C:\Program Files (x86)\Windows Kits\8.1\Windows Performance Toolkit\;C:\Program Files (x86)\Skype\Phone\;C:\windows\system32\config\systemprofile\.dnx\bin;C:\Ruby21-x64\bin;C:\Python27;C:\Users\Christopher\AppData\Roaming\npm;C:\Program Files\Apache-Maven\apache-maven-3.3.9\bin
USERNAME=Christopher
OS=Windows_NT
PROCESSOR_IDENTIFIER=Intel64 Family 6 Model 69 Stepping 1, GenuineIntel



---------------  S Y S T E M  ---------------

OS: Windows 8.1 , 64 bit Build 9600 

CPU:total 4 (2 cores per cpu, 2 threads per core) family 6 model 69 stepping 1, cmov, cx8, fxsr, mmx, sse, sse2, sse3, ssse3, sse4.1, sse4.2, popcnt, avx, avx2, aes, erms, ht, tsc, tscinvbit

Memory: 4k page, physical 8298776k(489316k free), swap 14931712k(4396k free)

vm_info: Java HotSpot(TM) 64-Bit Server VM (24.79-b02) for windows-amd64 JRE (1.7.0_79-b15), built on Apr 10 2015 12:36:16 by "java_re" with unknown MS VC++:1600

time: Tue Dec 29 18:51:11 2015
elapsed time: 5 seconds

