#
# There is insufficient memory for the Java Runtime Environment to continue.
# Native memory allocation (malloc) failed to allocate 1397776 bytes for Chunk::new
# Possible reasons:
#   The system is out of physical RAM or swap space
#   In 32 bit mode, the process size limit was hit
# Possible solutions:
#   Reduce memory load on the system
#   Increase physical memory or swap space
#   Check if swap backing store is full
#   Use 64 bit Java on a 64 bit OS
#   Decrease Java heap size (-Xmx/-Xms)
#   Decrease number of Java threads
#   Decrease Java thread stack sizes (-Xss)
#   Set larger code cache with -XX:ReservedCodeCacheSize=
# This output file may be truncated or incomplete.
#
#  Out of Memory Error (allocation.cpp:323), pid=7916, tid=8032
#
# JRE version: Java(TM) SE Runtime Environment (7.0_79-b15) (build 1.7.0_79-b15)
# Java VM: Java HotSpot(TM) 64-Bit Server VM (24.79-b02 mixed mode windows-amd64 compressed oops)
# Failed to write core dump. Minidumps are not enabled by default on client versions of Windows
#

---------------  T H R E A D  ---------------

Current thread (0x0000000008de2800):  JavaThread "C2 CompilerThread1" daemon [_thread_in_native, id=8032, stack(0x000000000a440000,0x000000000a540000)]

Stack: [0x000000000a440000,0x000000000a540000]
[error occurred during error reporting (printing stack bounds), id 0xc0000005]

Native frames: (J=compiled Java code, j=interpreted, Vv=VM code, C=native code)
C  0x000000000a965ce0


Current CompileTask:
C2:   9579  610   !         com.android.dx.cf.code.BytecodeArray::parseInstruction (2764 bytes)


---------------  P R O C E S S  ---------------

Java Threads: ( => current thread )
  0x000000000a996800 JavaThread "pool-1-thread-4" [_thread_in_Java, id=9240, stack(0x000000000af40000,0x000000000b040000)]
  0x000000000a996000 JavaThread "pool-1-thread-3" [_thread_in_Java, id=7600, stack(0x000000000ae40000,0x000000000af40000)]
  0x000000000a98f000 JavaThread "pool-1-thread-2" [_thread_blocked, id=6604, stack(0x000000000ad40000,0x000000000ae40000)]
  0x000000000a98c800 JavaThread "pool-2-thread-1" [_thread_blocked, id=10504, stack(0x000000000ac40000,0x000000000ad40000)]
  0x000000000a98b800 JavaThread "pool-1-thread-1" [_thread_blocked, id=11812, stack(0x000000000ab40000,0x000000000ac40000)]
  0x0000000008de7800 JavaThread "Service Thread" daemon [_thread_blocked, id=11516, stack(0x000000000a540000,0x000000000a640000)]
=>0x0000000008de2800 JavaThread "C2 CompilerThread1" daemon [_thread_in_native, id=8032, stack(0x000000000a440000,0x000000000a540000)]
  0x0000000008dd5800 JavaThread "C2 CompilerThread0" daemon [_thread_in_native, id=8280, stack(0x000000000a340000,0x000000000a440000)]
  0x0000000008dd4800 JavaThread "Attach Listener" daemon [_thread_blocked, id=8108, stack(0x000000000a240000,0x000000000a340000)]
  0x0000000008dd1000 JavaThread "Signal Dispatcher" daemon [_thread_blocked, id=8376, stack(0x000000000a140000,0x000000000a240000)]
  0x0000000008d99800 JavaThread "Finalizer" daemon [_thread_blocked, id=6136, stack(0x000000000a040000,0x000000000a140000)]
  0x0000000008d96000 JavaThread "Reference Handler" daemon [_thread_blocked, id=6448, stack(0x0000000009f40000,0x000000000a040000)]
  0x000000000151d800 JavaThread "main" [_thread_blocked, id=1264, stack(0x0000000002cd0000,0x0000000002dd0000)]

Other Threads:
  0x0000000008d92000 VMThread [stack: 0x0000000009e40000,0x0000000009f40000] [id=13128]
  0x0000000008df5800 WatcherThread [stack: 0x000000000a640000,0x000000000a740000] [id=7632]

VM state:not at safepoint (normal execution)

VM Mutex/Monitor currently owned by a thread: None

Heap
 PSYoungGen      total 38400K, used 21992K [0x00000000eaa80000, 0x00000000ed500000, 0x0000000100000000)
  eden space 33280K, 50% used [0x00000000eaa80000,0x00000000ebafb530,0x00000000ecb00000)
  from space 5120K, 99% used [0x00000000ecb00000,0x00000000ecffed38,0x00000000ed000000)
  to   space 5120K, 0% used [0x00000000ed000000,0x00000000ed000000,0x00000000ed500000)
 ParOldGen       total 86528K, used 34915K [0x00000000c0000000, 0x00000000c5480000, 0x00000000eaa80000)
  object space 86528K, 40% used [0x00000000c0000000,0x00000000c2218c40,0x00000000c5480000)
 PSPermGen       total 21504K, used 5997K [0x00000000bae00000, 0x00000000bc300000, 0x00000000c0000000)
  object space 21504K, 27% used [0x00000000bae00000,0x00000000bb3db7e0,0x00000000bc300000)

Card table byte_map: [0x0000000006000000,0x0000000006230000] byte_map_base: 0x0000000005a29000

Polling page: 0x0000000001500000

Code Cache  [0x0000000002f40000, 0x00000000031f0000, 0x0000000005f40000)
 total_blobs=833 nmethods=593 adapters=189 free_code_cache=46544Kb largest_free_block=47559744

Compilation events (10 events):
Event: 9.311 Thread 0x0000000008de2800  605             com.android.dx.cf.code.BaseMachine::popArgs (72 bytes)
Event: 9.313 Thread 0x0000000008de2800 nmethod 605 0x00000000030d0c10 code [0x00000000030d0d60, 0x00000000030d0e58]
Event: 9.315 Thread 0x0000000008dd5800  606             com.android.dx.cf.code.Merger::mergeLocals (122 bytes)
Event: 9.325 Thread 0x0000000008dd5800 nmethod 606 0x00000000030db110 code [0x00000000030db300, 0x00000000030dba30]
Event: 9.494 Thread 0x0000000008de2800  607             com.android.dx.rop.code.ThrowingInsn::<init> (49 bytes)
Event: 9.496 Thread 0x0000000008de2800 nmethod 607 0x000000000306e8d0 code [0x000000000306ea20, 0x000000000306eb78]
Event: 9.508 Thread 0x0000000008dd5800  608             com.android.dx.cf.code.Simulator$SimVisitor::visitNoArgs (2108 bytes)
Event: 9.519 Thread 0x0000000008de2800  609             com.android.dx.rop.type.Prototype::getReturnType (5 bytes)
Event: 9.519 Thread 0x0000000008de2800 nmethod 609 0x00000000030d09d0 code [0x00000000030d0b00, 0x00000000030d0b58]
Event: 9.525 Thread 0x0000000008de2800  610   !         com.android.dx.cf.code.BytecodeArray::parseInstruction (2764 bytes)

GC Heap History (10 events):
Event: 6.978 GC heap before
{Heap before GC invocations=3 (full 0):
 PSYoungGen      total 38400K, used 38369K [0x00000000eaa80000, 0x00000000ed500000, 0x0000000100000000)
  eden space 33280K, 100% used [0x00000000eaa80000,0x00000000ecb00000,0x00000000ecb00000)
  from space 5120K, 99% used [0x00000000ed000000,0x00000000ed4f8638,0x00000000ed500000)
  to   space 5120K, 0% used [0x00000000ecb00000,0x00000000ecb00000,0x00000000ed000000)
 ParOldGen       total 86528K, used 6129K [0x00000000c0000000, 0x00000000c5480000, 0x00000000eaa80000)
  object space 86528K, 7% used [0x00000000c0000000,0x00000000c05fc448,0x00000000c5480000)
 PSPermGen       total 21504K, used 5937K [0x00000000bae00000, 0x00000000bc300000, 0x00000000c0000000)
  object space 21504K, 27% used [0x00000000bae00000,0x00000000bb3cc718,0x00000000bc300000)
Event: 7.259 GC heap after
Heap after GC invocations=3 (full 0):
 PSYoungGen      total 38400K, used 5104K [0x00000000eaa80000, 0x00000000ed500000, 0x0000000100000000)
  eden space 33280K, 0% used [0x00000000eaa80000,0x00000000eaa80000,0x00000000ecb00000)
  from space 5120K, 99% used [0x00000000ecb00000,0x00000000ecffc248,0x00000000ed000000)
  to   space 5120K, 0% used [0x00000000ed000000,0x00000000ed000000,0x00000000ed500000)
 ParOldGen       total 86528K, used 10304K [0x00000000c0000000, 0x00000000c5480000, 0x00000000eaa80000)
  object space 86528K, 11% used [0x00000000c0000000,0x00000000c0a102b0,0x00000000c5480000)
 PSPermGen       total 21504K, used 5937K [0x00000000bae00000, 0x00000000bc300000, 0x00000000c0000000)
  object space 21504K, 27% used [0x00000000bae00000,0x00000000bb3cc718,0x00000000bc300000)
}
Event: 7.918 GC heap before
{Heap before GC invocations=4 (full 0):
 PSYoungGen      total 38400K, used 38384K [0x00000000eaa80000, 0x00000000ed500000, 0x0000000100000000)
  eden space 33280K, 100% used [0x00000000eaa80000,0x00000000ecb00000,0x00000000ecb00000)
  from space 5120K, 99% used [0x00000000ecb00000,0x00000000ecffc248,0x00000000ed000000)
  to   space 5120K, 0% used [0x00000000ed000000,0x00000000ed000000,0x00000000ed500000)
 ParOldGen       total 86528K, used 10304K [0x00000000c0000000, 0x00000000c5480000, 0x00000000eaa80000)
  object space 86528K, 11% used [0x00000000c0000000,0x00000000c0a102b0,0x00000000c5480000)
 PSPermGen       total 21504K, used 5958K [0x00000000bae00000, 0x00000000bc300000, 0x00000000c0000000)
  object space 21504K, 27% used [0x00000000bae00000,0x00000000bb3d19d8,0x00000000bc300000)
Event: 8.040 GC heap after
Heap after GC invocations=4 (full 0):
 PSYoungGen      total 38400K, used 5092K [0x00000000eaa80000, 0x00000000ed500000, 0x0000000100000000)
  eden space 33280K, 0% used [0x00000000eaa80000,0x00000000eaa80000,0x00000000ecb00000)
  from space 5120K, 99% used [0x00000000ed000000,0x00000000ed4f9378,0x00000000ed500000)
  to   space 5120K, 0% used [0x00000000ecb00000,0x00000000ecb00000,0x00000000ed000000)
 ParOldGen       total 86528K, used 15497K [0x00000000c0000000, 0x00000000c5480000, 0x00000000eaa80000)
  object space 86528K, 17% used [0x00000000c0000000,0x00000000c0f225b8,0x00000000c5480000)
 PSPermGen       total 21504K, used 5958K [0x00000000bae00000, 0x00000000bc300000, 0x00000000c0000000)
  object space 21504K, 27% used [0x00000000bae00000,0x00000000bb3d19d8,0x00000000bc300000)
}
Event: 8.494 GC heap before
{Heap before GC invocations=5 (full 0):
 PSYoungGen      total 38400K, used 38372K [0x00000000eaa80000, 0x00000000ed500000, 0x0000000100000000)
  eden space 33280K, 100% used [0x00000000eaa80000,0x00000000ecb00000,0x00000000ecb00000)
  from space 5120K, 99% used [0x00000000ed000000,0x00000000ed4f9378,0x00000000ed500000)
  to   space 5120K, 0% used [0x00000000ecb00000,0x00000000ecb00000,0x00000000ed000000)
 ParOldGen       total 86528K, used 15497K [0x00000000c0000000, 0x00000000c5480000, 0x00000000eaa80000)
  object space 86528K, 17% used [0x00000000c0000000,0x00000000c0f225b8,0x00000000c5480000)
 PSPermGen       total 21504K, used 5977K [0x00000000bae00000, 0x00000000bc300000, 0x00000000c0000000)
  object space 21504K, 27% used [0x00000000bae00000,0x00000000bb3d6460,0x00000000bc300000)
Event: 8.716 GC heap after
Heap after GC invocations=5 (full 0):
 PSYoungGen      total 38400K, used 5118K [0x00000000eaa80000, 0x00000000ed500000, 0x0000000100000000)
  eden space 33280K, 0% used [0x00000000eaa80000,0x00000000eaa80000,0x00000000ecb00000)
  from space 5120K, 99% used [0x00000000ecb00000,0x00000000ecfffb58,0x00000000ed000000)
  to   space 5120K, 0% used [0x00000000ed000000,0x00000000ed000000,0x00000000ed500000)
 ParOldGen       total 86528K, used 20917K [0x00000000c0000000, 0x00000000c5480000, 0x00000000eaa80000)
  object space 86528K, 24% used [0x00000000c0000000,0x00000000c146d740,0x00000000c5480000)
 PSPermGen       total 21504K, used 5977K [0x00000000bae00000, 0x00000000bc300000, 0x00000000c0000000)
  object space 21504K, 27% used [0x00000000bae00000,0x00000000bb3d6460,0x00000000bc300000)
}
Event: 8.986 GC heap before
{Heap before GC invocations=6 (full 0):
 PSYoungGen      total 38400K, used 38398K [0x00000000eaa80000, 0x00000000ed500000, 0x0000000100000000)
  eden space 33280K, 100% used [0x00000000eaa80000,0x00000000ecb00000,0x00000000ecb00000)
  from space 5120K, 99% used [0x00000000ecb00000,0x00000000ecfffb58,0x00000000ed000000)
  to   space 5120K, 0% used [0x00000000ed000000,0x00000000ed000000,0x00000000ed500000)
 ParOldGen       total 86528K, used 20917K [0x00000000c0000000, 0x00000000c5480000, 0x00000000eaa80000)
  object space 86528K, 24% used [0x00000000c0000000,0x00000000c146d740,0x00000000c5480000)
 PSPermGen       total 21504K, used 5986K [0x00000000bae00000, 0x00000000bc300000, 0x00000000c0000000)
  object space 21504K, 27% used [0x00000000bae00000,0x00000000bb3d8b18,0x00000000bc300000)
Event: 9.010 GC heap after
Heap after GC invocations=6 (full 0):
 PSYoungGen      total 38400K, used 5091K [0x00000000eaa80000, 0x00000000ed500000, 0x0000000100000000)
  eden space 33280K, 0% used [0x00000000eaa80000,0x00000000eaa80000,0x00000000ecb00000)
  from space 5120K, 99% used [0x00000000ed000000,0x00000000ed4f8e18,0x00000000ed500000)
  to   space 5120K, 0% used [0x00000000ecb00000,0x00000000ecb00000,0x00000000ed000000)
 ParOldGen       total 86528K, used 26794K [0x00000000c0000000, 0x00000000c5480000, 0x00000000eaa80000)
  object space 86528K, 30% used [0x00000000c0000000,0x00000000c1a2a8f8,0x00000000c5480000)
 PSPermGen       total 21504K, used 5986K [0x00000000bae00000, 0x00000000bc300000, 0x00000000c0000000)
  object space 21504K, 27% used [0x00000000bae00000,0x00000000bb3d8b18,0x00000000bc300000)
}
Event: 9.335 GC heap before
{Heap before GC invocations=7 (full 0):
 PSYoungGen      total 38400K, used 38371K [0x00000000eaa80000, 0x00000000ed500000, 0x0000000100000000)
  eden space 33280K, 100% used [0x00000000eaa80000,0x00000000ecb00000,0x00000000ecb00000)
  from space 5120K, 99% used [0x00000000ed000000,0x00000000ed4f8e18,0x00000000ed500000)
  to   space 5120K, 0% used [0x00000000ecb00000,0x00000000ecb00000,0x00000000ed000000)
 ParOldGen       total 86528K, used 26794K [0x00000000c0000000, 0x00000000c5480000, 0x00000000eaa80000)
  object space 86528K, 30% used [0x00000000c0000000,0x00000000c1a2a8f8,0x00000000c5480000)
 PSPermGen       total 21504K, used 5993K [0x00000000bae00000, 0x00000000bc300000, 0x00000000c0000000)
  object space 21504K, 27% used [0x00000000bae00000,0x00000000bb3da568,0x00000000bc300000)
Event: 9.492 GC heap after
Heap after GC invocations=7 (full 0):
 PSYoungGen      total 38400K, used 5115K [0x00000000eaa80000, 0x00000000ed500000, 0x0000000100000000)
  eden space 33280K, 0% used [0x00000000eaa80000,0x00000000eaa80000,0x00000000ecb00000)
  from space 5120K, 99% used [0x00000000ecb00000,0x00000000ecffed38,0x00000000ed000000)
  to   space 5120K, 0% used [0x00000000ed000000,0x00000000ed000000,0x00000000ed500000)
 ParOldGen       total 86528K, used 34915K [0x00000000c0000000, 0x00000000c5480000, 0x00000000eaa80000)
  object space 86528K, 40% used [0x00000000c0000000,0x00000000c2218c40,0x00000000c5480000)
 PSPermGen       total 21504K, used 5993K [0x00000000bae00000, 0x00000000bc300000, 0x00000000c0000000)
  object space 21504K, 27% used [0x00000000bae00000,0x00000000bb3da568,0x00000000bc300000)
}

Deoptimization events (10 events):
Event: 8.115 Thread 0x000000000a98b800 Uncommon trap: reason=null_check action=make_not_entrant pc=0x000000000319b384 method=com.android.dx.dex.file.MethodIdsSection.intern(Lcom/android/dx/rop/cst/CstBaseMethodRef;)Lcom/android/dx/dex/file/MethodIdItem; @ 26
Event: 8.151 Thread 0x000000000a996000 Uncommon trap: reason=null_check action=make_not_entrant pc=0x0000000003190edc method=com.android.dx.rop.cst.CstType.intern(Lcom/android/dx/rop/type/Type;)Lcom/android/dx/rop/cst/CstType; @ 13
Event: 8.161 Thread 0x000000000a996800 Uncommon trap: reason=unreached action=reinterpret pc=0x000000000314fb5c method=com.android.dx.cf.code.Merger.mergeLocals(Lcom/android/dx/cf/code/OneLocalsArray;Lcom/android/dx/cf/code/OneLocalsArray;)Lcom/android/dx/cf/code/OneLocalsArray; @ 2
Event: 8.810 Thread 0x000000000a996800 Uncommon trap: reason=bimorphic action=maybe_recompile pc=0x000000000316c3e0 method=com.android.dx.cf.code.BytecodeArray.parseInstruction(ILcom/android/dx/cf/code/BytecodeArray$Visitor;)I @ 2484
Event: 8.810 Thread 0x000000000a996800 Uncommon trap: reason=bimorphic action=maybe_recompile pc=0x000000000316c3e0 method=com.android.dx.cf.code.BytecodeArray.parseInstruction(ILcom/android/dx/cf/code/BytecodeArray$Visitor;)I @ 2484
Event: 9.067 Thread 0x000000000a996000 Uncommon trap: reason=null_check action=make_not_entrant pc=0x0000000003073814 method=com.android.dx.dex.file.FieldIdsSection.intern(Lcom/android/dx/rop/cst/CstFieldRef;)Lcom/android/dx/dex/file/FieldIdItem; @ 26
Event: 9.254 Thread 0x000000000151d800 Uncommon trap: reason=null_check action=make_not_entrant pc=0x0000000003073814 method=com.android.dx.dex.file.FieldIdsSection.intern(Lcom/android/dx/rop/cst/CstFieldRef;)Lcom/android/dx/dex/file/FieldIdItem; @ 26
Event: 9.331 Thread 0x000000000a98f000 Uncommon trap: reason=unreached action=reinterpret pc=0x0000000003186f84 method=com.android.dx.ssa.SsaMethod.onInsnRemoved(Lcom/android/dx/ssa/SsaInsn;)V @ 29
Event: 9.508 Thread 0x000000000a98f000 Uncommon trap: reason=bimorphic action=maybe_recompile pc=0x00000000031cf920 method=com.android.dx.cf.code.BytecodeArray.parseInstruction(ILcom/android/dx/cf/code/BytecodeArray$Visitor;)I @ 987
Event: 9.508 Thread 0x000000000a98f000 Uncommon trap: reason=bimorphic action=maybe_recompile pc=0x00000000031cf920 method=com.android.dx.cf.code.BytecodeArray.parseInstruction(ILcom/android/dx/cf/code/BytecodeArray$Visitor;)I @ 987

Internal exceptions (10 events):
Event: 1.952 Thread 0x000000000a996800 Implicit null exception at 0x0000000002ff5bba to 0x0000000002ff6d9d
Event: 3.191 Thread 0x000000000151d800 Threw 0x00000000eaea12b8 at C:\re\jdk7u79\2331\hotspot\src\share\vm\prims\jvm.cpp:1304
Event: 3.547 Thread 0x000000000a996800 Implicit null exception at 0x0000000002fe81d2 to 0x0000000002fe82c5
Event: 4.669 Thread 0x000000000a98b800 Implicit null exception at 0x0000000002fc9288 to 0x0000000002fc9d61
Event: 6.003 Thread 0x000000000151d800 Threw 0x00000000ebc607a8 at C:\re\jdk7u79\2331\hotspot\src\share\vm\prims\jvm.cpp:1304
Event: 8.151 Thread 0x000000000a996000 Implicit null exception at 0x000000000318eb3b to 0x0000000003190ed1
Event: 8.172 Thread 0x000000000151d800 Threw 0x00000000ebed6a58 at C:\re\jdk7u79\2331\hotspot\src\share\vm\prims\jvm.cpp:1304
Event: 9.067 Thread 0x000000000a996000 Implicit null exception at 0x0000000003072a50 to 0x0000000003073805
Event: 9.254 Thread 0x000000000151d800 Implicit null exception at 0x0000000003072a50 to 0x0000000003073805
Event: 9.331 Thread 0x000000000a98f000 Implicit null exception at 0x0000000003186ecd to 0x0000000003186f6d

Events (10 events):
Event: 9.331 Thread 0x000000000a98f000 DEOPT PACKING pc=0x0000000003186f84 sp=0x000000000ae3ed60
Event: 9.331 Thread 0x000000000a98f000 DEOPT UNPACKING pc=0x0000000002f775a4 sp=0x000000000ae3ed10 mode 2
Event: 9.335 Executing VM operation: ParallelGCFailedAllocation
Event: 9.492 Executing VM operation: ParallelGCFailedAllocation done
Event: 9.508 Thread 0x000000000a98f000 Uncommon trap: trap_request=0xffffffc6 fr.pc=0x00000000031cf920
Event: 9.508 Thread 0x000000000a98f000 DEOPT PACKING pc=0x00000000031cf920 sp=0x000000000ae3edf0
Event: 9.508 Thread 0x000000000a98f000 DEOPT UNPACKING pc=0x0000000002f775a4 sp=0x000000000ae3ed88 mode 2
Event: 9.508 Thread 0x000000000a98f000 Uncommon trap: trap_request=0xffffffc6 fr.pc=0x00000000031cf920
Event: 9.508 Thread 0x000000000a98f000 DEOPT PACKING pc=0x00000000031cf920 sp=0x000000000ae3edf0
Event: 9.508 Thread 0x000000000a98f000 DEOPT UNPACKING pc=0x0000000002f775a4 sp=0x000000000ae3ed88 mode 2


Dynamic libraries:
0x00007ff730280000 - 0x00007ff7302b3000 	C:\Program Files\Java\jdk1.7.0_79\bin\java.exe
0x00007ffb83540000 - 0x00007ffb83701000 	C:\WINDOWS\SYSTEM32\ntdll.dll
0x00007ffb82940000 - 0x00007ffb829ed000 	C:\WINDOWS\system32\KERNEL32.DLL
0x00007ffb80a30000 - 0x00007ffb80c0d000 	C:\WINDOWS\system32\KERNELBASE.dll
0x00007ffb83490000 - 0x00007ffb83536000 	C:\WINDOWS\system32\ADVAPI32.dll
0x00007ffb828a0000 - 0x00007ffb8293d000 	C:\WINDOWS\system32\msvcrt.dll
0x00007ffb83140000 - 0x00007ffb8319b000 	C:\WINDOWS\system32\sechost.dll
0x00007ffb82fb0000 - 0x00007ffb830d6000 	C:\WINDOWS\system32\RPCRT4.dll
0x00007ffb80dc0000 - 0x00007ffb80f0e000 	C:\WINDOWS\system32\USER32.dll
0x00007ffb80f90000 - 0x00007ffb81116000 	C:\WINDOWS\system32\GDI32.dll
0x00007ffb763f0000 - 0x00007ffb76664000 	C:\WINDOWS\WinSxS\amd64_microsoft.windows.common-controls_6595b64144ccf1df_6.0.10240.16384_none_f41f7b285750ef43\COMCTL32.dll
0x00007ffb82f70000 - 0x00007ffb82fa6000 	C:\WINDOWS\system32\IMM32.DLL
0x00007ffb829f0000 - 0x00007ffb82b4c000 	C:\WINDOWS\system32\MSCTF.dll
0x00000000602a0000 - 0x0000000060372000 	C:\Program Files\Java\jdk1.7.0_79\jre\bin\msvcr100.dll
0x0000000060660000 - 0x0000000060e35000 	C:\Program Files\Java\jdk1.7.0_79\jre\bin\server\jvm.dll
0x00007ffb82c00000 - 0x00007ffb82c08000 	C:\WINDOWS\system32\PSAPI.DLL
0x00007ffb6f760000 - 0x00007ffb6f769000 	C:\WINDOWS\SYSTEM32\WSOCK32.dll
0x00007ffb81130000 - 0x00007ffb81199000 	C:\WINDOWS\system32\WS2_32.dll
0x00007ffb81120000 - 0x00007ffb81128000 	C:\WINDOWS\system32\NSI.dll
0x00007ffb7e410000 - 0x00007ffb7e433000 	C:\WINDOWS\SYSTEM32\WINMM.dll
0x00007ffb7e290000 - 0x00007ffb7e2bc000 	C:\WINDOWS\SYSTEM32\WINMMBASE.dll
0x00007ffb80010000 - 0x00007ffb80054000 	C:\WINDOWS\system32\cfgmgr32.dll
0x00007ffb7e900000 - 0x00007ffb7e927000 	C:\WINDOWS\SYSTEM32\DEVOBJ.dll
0x0000000060fd0000 - 0x0000000060fdf000 	C:\Program Files\Java\jdk1.7.0_79\jre\bin\verify.dll
0x0000000060fa0000 - 0x0000000060fc8000 	C:\Program Files\Java\jdk1.7.0_79\jre\bin\java.dll
0x0000000060f80000 - 0x0000000060f95000 	C:\Program Files\Java\jdk1.7.0_79\jre\bin\zip.dll
0x0000000060f60000 - 0x0000000060f7a000 	C:\Program Files\Java\jdk1.7.0_79\jre\bin\net.dll
0x00007ffb7f7e0000 - 0x00007ffb7f83d000 	C:\WINDOWS\system32\mswsock.dll
0x0000000060f40000 - 0x0000000060f51000 	C:\Program Files\Java\jdk1.7.0_79\jre\bin\nio.dll
0x00007ffb6a660000 - 0x00007ffb6a7ea000 	C:\WINDOWS\SYSTEM32\dbghelp.dll

VM Arguments:
jvm_args: -Djava.awt.headless=true -Xmx1024M -Dfile.encoding=windows-1252 -Duser.country=US -Duser.language=en -Duser.variant 
java_command: com.android.dx.command.Main --dex --num-threads=4 --output C:\Users\Christopher\Documents\Hackathons\Pearson\Code\HandUp\app\build\intermediates\pre-dexed\debug\commons-lang3-3.2.1_6ff31cb397d70ad890bd10fac281e50860af1d75.jar C:\Users\Christopher\Documents\Hackathons\Pearson\Code\HandUp\app\libs\commons-lang3-3.2.1.jar
Launcher Type: SUN_STANDARD

Environment Variables:
JAVA_HOME=C:\Program Files\Java\jdk1.7.0_79
PATH=C:\Program Files (x86)\Lenovo\FusionEngine;C:\Program Files (x86)\Intel\iCLS Client\;C:\Program Files\Intel\iCLS Client\;C:\windows\system32;C:\windows;C:\windows\System32\Wbem;C:\windows\System32\WindowsPowerShell\v1.0\;C:\Program Files\Intel\Intel(R) Management Engine Components\DAL;C:\Program Files\Intel\Intel(R) Management Engine Components\IPT;C:\Program Files (x86)\Intel\Intel(R) Management Engine Components\DAL;C:\Program Files (x86)\Intel\Intel(R) Management Engine Components\IPT;C:\Program Files\Intel\WiFi\bin\;C:\Program Files\Common Files\Intel\WirelessCommon\;C:\Program Files (x86)\Lenovo\Motion Control\;C:\Program Files (x86)\SlikSvn\bin;C:\Program Files (x86)\PharosSystems\Core;C:\Program Files (x86)\MiKTeX 2.9\miktex\bin\;C:\Program Files (x86)\Git\cmd;C:\Program Files (x86)\Git\bin;C:\Program Files\Microsoft SQL Server\120\Tools\Binn\;C:\Program Files\Microsoft SQL Server\110\Tools\Binn\;C:\Program Files (x86)\CloudFoundry;C:\Program Files (x86)\Java\jdk1.8.0_20\bin;C:\ProgramData\Oracle\Java\javapath;C:\WINDOWS\system32;C:\WINDOWS;C:\WINDOWS\System32\Wbem;C:\WINDOWS\System32\WindowsPowerShell\v1.0\;C:\Program Files\nodejs\;USERPROFILE\.dnx\bin;C:\Program Files\Microsoft DNX\Dnvm\;C:\Program Files (x86)\Windows Kits\8.1\Windows Performance Toolkit\;C:\Program Files (x86)\Skype\Phone\;C:\windows\system32\config\systemprofile\.dnx\bin;C:\Ruby21-x64\bin;C:\Python27;C:\Users\Christopher\AppData\Roaming\npm;C:\Program Files\Apache-Maven\apache-maven-3.3.9\bin
USERNAME=Christopher
OS=Windows_NT
PROCESSOR_IDENTIFIER=Intel64 Family 6 Model 69 Stepping 1, GenuineIntel



---------------  S Y S T E M  ---------------

OS: Windows 8.1 , 64 bit Build 9600 

CPU:total 4 (2 cores per cpu, 2 threads per core) family 6 model 69 stepping 1, cmov, cx8, fxsr, mmx, sse, sse2, sse3, ssse3, sse4.1, sse4.2, popcnt, avx, avx2, aes, erms, ht, tsc, tscinvbit

Memory: 4k page, physical 8298776k(835412k free), swap 14931712k(379236k free)

vm_info: Java HotSpot(TM) 64-Bit Server VM (24.79-b02) for windows-amd64 JRE (1.7.0_79-b15), built on Apr 10 2015 12:36:16 by "java_re" with unknown MS VC++:1600

time: Tue Dec 29 18:41:15 2015
elapsed time: 9 seconds

