#
# There is insufficient memory for the Java Runtime Environment to continue.
# Native memory allocation (malloc) failed to allocate 462976 bytes for Chunk::new
# Possible reasons:
#   The system is out of physical RAM or swap space
#   In 32 bit mode, the process size limit was hit
# Possible solutions:
#   Reduce memory load on the system
#   Increase physical memory or swap space
#   Check if swap backing store is full
#   Use 64 bit Java on a 64 bit OS
#   Decrease Java heap size (-Xmx/-Xms)
#   Decrease number of Java threads
#   Decrease Java thread stack sizes (-Xss)
#   Set larger code cache with -XX:ReservedCodeCacheSize=
# This output file may be truncated or incomplete.
#
#  Out of Memory Error (allocation.cpp:323), pid=2732, tid=2788
#
# JRE version: Java(TM) SE Runtime Environment (7.0_79-b15) (build 1.7.0_79-b15)
# Java VM: Java HotSpot(TM) 64-Bit Server VM (24.79-b02 mixed mode windows-amd64 compressed oops)
# Failed to write core dump. Minidumps are not enabled by default on client versions of Windows
#

---------------  T H R E A D  ---------------

Current thread (0x0000000008875800):  JavaThread "C2 CompilerThread0" daemon [_thread_in_native, id=2788, stack(0x0000000009e00000,0x0000000009f00000)]

Stack: [0x0000000009e00000,0x0000000009f00000]
[error occurred during error reporting (printing stack bounds), id 0xc0000005]


[error occurred during error reporting (printing native stack), id 0xc0000005]


Current CompileTask:
C2:   6822  161             com.android.dx.ssa.SsaConverter::placePhiFunctions (394 bytes)


---------------  P R O C E S S  ---------------

Java Threads: ( => current thread )
  0x000000000a3ed000 JavaThread "pool-1-thread-4" [_thread_in_vm_trans, id=12860, stack(0x000000000aa00000,0x000000000ab00000)]
  0x000000000a3a4800 JavaThread "pool-1-thread-3" [_thread_in_Java, id=4840, stack(0x000000000a900000,0x000000000aa00000)]
  0x000000000a3a4000 JavaThread "pool-1-thread-2" [_thread_blocked, id=6416, stack(0x000000000a800000,0x000000000a900000)]
  0x000000000a377800 JavaThread "pool-2-thread-1" [_thread_blocked, id=13128, stack(0x000000000a700000,0x000000000a800000)]
  0x000000000a36a800 JavaThread "pool-1-thread-1" [_thread_blocked, id=6764, stack(0x000000000a600000,0x000000000a700000)]
  0x000000000888b000 JavaThread "Service Thread" daemon [_thread_blocked, id=7972, stack(0x000000000a000000,0x000000000a100000)]
  0x0000000008877000 JavaThread "C2 CompilerThread1" daemon [_thread_blocked, id=11364, stack(0x0000000009f00000,0x000000000a000000)]
=>0x0000000008875800 JavaThread "C2 CompilerThread0" daemon [_thread_in_native, id=2788, stack(0x0000000009e00000,0x0000000009f00000)]
  0x0000000008874800 JavaThread "Attach Listener" daemon [_thread_blocked, id=8684, stack(0x0000000009d00000,0x0000000009e00000)]
  0x0000000008871000 JavaThread "Signal Dispatcher" daemon [_thread_blocked, id=9604, stack(0x0000000009c00000,0x0000000009d00000)]
  0x0000000008839800 JavaThread "Finalizer" daemon [_thread_blocked, id=12708, stack(0x0000000009b00000,0x0000000009c00000)]
  0x0000000008836000 JavaThread "Reference Handler" daemon [_thread_blocked, id=11664, stack(0x0000000009a00000,0x0000000009b00000)]
  0x00000000028dd800 JavaThread "main" [_thread_in_Java, id=5464, stack(0x0000000002730000,0x0000000002830000)]

Other Threads:
  0x0000000008832000 VMThread [stack: 0x0000000009900000,0x0000000009a00000] [id=4296]
  0x0000000008895800 WatcherThread [stack: 0x000000000a100000,0x000000000a200000] [id=5344]

VM state:not at safepoint (normal execution)

VM Mutex/Monitor currently owned by a thread: None

Heap
 PSYoungGen      total 38400K, used 8373K [0x00000000eaa80000, 0x00000000ed500000, 0x0000000100000000)
  eden space 33280K, 9% used [0x00000000eaa80000,0x00000000eadaddc8,0x00000000ecb00000)
  from space 5120K, 99% used [0x00000000ecb00000,0x00000000ecfff838,0x00000000ed000000)
  to   space 5120K, 0% used [0x00000000ed000000,0x00000000ed000000,0x00000000ed500000)
 ParOldGen       total 86528K, used 347K [0x00000000c0000000, 0x00000000c5480000, 0x00000000eaa80000)
  object space 86528K, 0% used [0x00000000c0000000,0x00000000c0056d40,0x00000000c5480000)
 PSPermGen       total 21504K, used 5752K [0x00000000bae00000, 0x00000000bc300000, 0x00000000c0000000)
  object space 21504K, 26% used [0x00000000bae00000,0x00000000bb39e000,0x00000000bc300000)

Card table byte_map: [0x0000000005aa0000,0x0000000005cd0000] byte_map_base: 0x00000000054c9000

Polling page: 0x0000000002690000

Code Cache  [0x00000000029e0000, 0x0000000002c50000, 0x00000000059e0000)
 total_blobs=397 nmethods=160 adapters=189 free_code_cache=48511Kb largest_free_block=49651392

Compilation events (10 events):
Event: 6.803 Thread 0x0000000008875800  157             java.util.Vector::elementData (7 bytes)
Event: 6.803 Thread 0x0000000008875800 nmethod 157 0x0000000002a81690 code [0x0000000002a817c0, 0x0000000002a81858]
Event: 6.803 Thread 0x0000000008875800  158  s          java.util.Stack::peek (25 bytes)
Event: 6.804 Thread 0x0000000008877000 nmethod 156 0x0000000002a81190 code [0x0000000002a812e0, 0x0000000002a81558]
Event: 6.804 Thread 0x0000000008877000  159  s          java.util.Vector::add (39 bytes)
Event: 6.805 Thread 0x0000000008875800 nmethod 158 0x0000000002a7c9d0 code [0x0000000002a7cb20, 0x0000000002a7cdb8]
Event: 6.807 Thread 0x0000000008877000 nmethod 159 0x0000000002a7c310 code [0x0000000002a7c460, 0x0000000002a7c848]
Event: 6.807 Thread 0x0000000008875800  160  s          java.util.Vector::removeElementAt (115 bytes)
Event: 6.810 Thread 0x0000000008875800 nmethod 160 0x0000000002a7bc10 code [0x0000000002a7bd60, 0x0000000002a7c178]
Event: 6.810 Thread 0x0000000008875800  161             com.android.dx.ssa.SsaConverter::placePhiFunctions (394 bytes)

GC Heap History (2 events):
Event: 6.728 GC heap before
{Heap before GC invocations=1 (full 0):
 PSYoungGen      total 38400K, used 33280K [0x00000000eaa80000, 0x00000000ed500000, 0x0000000100000000)
  eden space 33280K, 100% used [0x00000000eaa80000,0x00000000ecb00000,0x00000000ecb00000)
  from space 5120K, 0% used [0x00000000ed000000,0x00000000ed000000,0x00000000ed500000)
  to   space 5120K, 0% used [0x00000000ecb00000,0x00000000ecb00000,0x00000000ed000000)
 ParOldGen       total 86528K, used 0K [0x00000000c0000000, 0x00000000c5480000, 0x00000000eaa80000)
  object space 86528K, 0% used [0x00000000c0000000,0x00000000c0000000,0x00000000c5480000)
 PSPermGen       total 21504K, used 5742K [0x00000000bae00000, 0x00000000bc300000, 0x00000000c0000000)
  object space 21504K, 26% used [0x00000000bae00000,0x00000000bb39b980,0x00000000bc300000)
Event: 6.800 GC heap after
Heap after GC invocations=1 (full 0):
 PSYoungGen      total 38400K, used 5118K [0x00000000eaa80000, 0x00000000ed500000, 0x0000000100000000)
  eden space 33280K, 0% used [0x00000000eaa80000,0x00000000eaa80000,0x00000000ecb00000)
  from space 5120K, 99% used [0x00000000ecb00000,0x00000000ecfff838,0x00000000ed000000)
  to   space 5120K, 0% used [0x00000000ed000000,0x00000000ed000000,0x00000000ed500000)
 ParOldGen       total 86528K, used 347K [0x00000000c0000000, 0x00000000c5480000, 0x00000000eaa80000)
  object space 86528K, 0% used [0x00000000c0000000,0x00000000c0056d40,0x00000000c5480000)
 PSPermGen       total 21504K, used 5742K [0x00000000bae00000, 0x00000000bc300000, 0x00000000c0000000)
  object space 21504K, 26% used [0x00000000bae00000,0x00000000bb39b980,0x00000000bc300000)
}

Deoptimization events (3 events):
Event: 5.085 Thread 0x000000000a3ed000 Uncommon trap: reason=class_check action=maybe_recompile pc=0x0000000002a56534 method=com.android.dx.ssa.NormalSsaInsn.accept(Lcom/android/dx/ssa/SsaInsn$Visitor;)V @ 9
Event: 6.282 Thread 0x000000000a36a800 Uncommon trap: reason=class_check action=maybe_recompile pc=0x0000000002a56534 method=com.android.dx.ssa.NormalSsaInsn.accept(Lcom/android/dx/ssa/SsaInsn$Visitor;)V @ 9
Event: 6.815 Thread 0x00000000028dd800 Uncommon trap: reason=null_check action=make_not_entrant pc=0x0000000002a7fd60 method=com.android.dx.rop.type.Type.putIntern(Lcom/android/dx/rop/type/Type;)Lcom/android/dx/rop/type/Type; @ 18

Internal exceptions (10 events):
Event: 3.358 Thread 0x00000000028dd800 Threw 0x00000000ebeec2e8 at C:\re\jdk7u79\2331\hotspot\src\share\vm\prims\jvm.cpp:1304
Event: 3.364 Thread 0x00000000028dd800 Threw 0x00000000ebf0ab28 at C:\re\jdk7u79\2331\hotspot\src\share\vm\prims\jvm.cpp:1304
Event: 3.368 Thread 0x00000000028dd800 Threw 0x00000000ebf14a20 at C:\re\jdk7u79\2331\hotspot\src\share\vm\prims\jvm.cpp:1304
Event: 3.403 Thread 0x000000000a3ed000 Threw 0x00000000ebfbe660 at C:\re\jdk7u79\2331\hotspot\src\share\vm\prims\jvm.cpp:1304
Event: 4.175 Thread 0x000000000a3a4000 Threw 0x00000000ec0dc7e8 at C:\re\jdk7u79\2331\hotspot\src\share\vm\prims\jvm.cpp:1304
Event: 4.276 Thread 0x00000000028dd800 Threw 0x00000000ec231098 at C:\re\jdk7u79\2331\hotspot\src\share\vm\prims\jvm.cpp:1304
Event: 4.276 Thread 0x00000000028dd800 Threw 0x00000000ec2334c0 at C:\re\jdk7u79\2331\hotspot\src\share\vm\prims\jvm.cpp:1304
Event: 5.084 Thread 0x000000000a36a800 Threw 0x00000000ec17a408 at C:\re\jdk7u79\2331\hotspot\src\share\vm\prims\jvm.cpp:1304
Event: 6.336 Thread 0x000000000a3a4800 Threw 0x00000000ec531380 at C:\re\jdk7u79\2331\hotspot\src\share\vm\prims\jvm.cpp:1304
Event: 6.815 Thread 0x00000000028dd800 Implicit null exception at 0x0000000002a7f66f to 0x0000000002a7fd51

Events (10 events):
Event: 6.801 Executing VM operation: RevokeBias done
Event: 6.801 Executing VM operation: RevokeBias
Event: 6.801 Executing VM operation: RevokeBias done
Event: 6.801 Executing VM operation: RevokeBias
Event: 6.801 Executing VM operation: RevokeBias done
Event: 6.807 Executing VM operation: RevokeBias
Event: 6.807 Executing VM operation: RevokeBias done
Event: 6.815 Thread 0x00000000028dd800 Uncommon trap: trap_request=0xfffffff4 fr.pc=0x0000000002a7fd60
Event: 6.815 Thread 0x00000000028dd800 DEOPT PACKING pc=0x0000000002a7fd60 sp=0x000000000282e850
Event: 6.815 Thread 0x00000000028dd800 DEOPT UNPACKING pc=0x0000000002a175a4 sp=0x000000000282e770 mode 2


Dynamic libraries:
0x00007ff730280000 - 0x00007ff7302b3000 	C:\Program Files\Java\jdk1.7.0_79\bin\java.exe
0x00007ffb83540000 - 0x00007ffb83701000 	C:\WINDOWS\SYSTEM32\ntdll.dll
0x00007ffb82940000 - 0x00007ffb829ed000 	C:\WINDOWS\system32\KERNEL32.DLL
0x00007ffb80a30000 - 0x00007ffb80c0d000 	C:\WINDOWS\system32\KERNELBASE.dll
0x00007ffb83490000 - 0x00007ffb83536000 	C:\WINDOWS\system32\ADVAPI32.dll
0x00007ffb828a0000 - 0x00007ffb8293d000 	C:\WINDOWS\system32\msvcrt.dll
0x00007ffb83140000 - 0x00007ffb8319b000 	C:\WINDOWS\system32\sechost.dll
0x00007ffb82fb0000 - 0x00007ffb830d6000 	C:\WINDOWS\system32\RPCRT4.dll
0x00007ffb80dc0000 - 0x00007ffb80f0e000 	C:\WINDOWS\system32\USER32.dll
0x00007ffb80f90000 - 0x00007ffb81116000 	C:\WINDOWS\system32\GDI32.dll
0x00007ffb763f0000 - 0x00007ffb76664000 	C:\WINDOWS\WinSxS\amd64_microsoft.windows.common-controls_6595b64144ccf1df_6.0.10240.16384_none_f41f7b285750ef43\COMCTL32.dll
0x00007ffb82f70000 - 0x00007ffb82fa6000 	C:\WINDOWS\system32\IMM32.DLL
0x00007ffb829f0000 - 0x00007ffb82b4c000 	C:\WINDOWS\system32\MSCTF.dll
0x00000000602a0000 - 0x0000000060372000 	C:\Program Files\Java\jdk1.7.0_79\jre\bin\msvcr100.dll
0x0000000060660000 - 0x0000000060e35000 	C:\Program Files\Java\jdk1.7.0_79\jre\bin\server\jvm.dll
0x00007ffb82c00000 - 0x00007ffb82c08000 	C:\WINDOWS\system32\PSAPI.DLL
0x00007ffb6f760000 - 0x00007ffb6f769000 	C:\WINDOWS\SYSTEM32\WSOCK32.dll
0x00007ffb7e410000 - 0x00007ffb7e433000 	C:\WINDOWS\SYSTEM32\WINMM.dll
0x00007ffb81130000 - 0x00007ffb81199000 	C:\WINDOWS\system32\WS2_32.dll
0x00007ffb81120000 - 0x00007ffb81128000 	C:\WINDOWS\system32\NSI.dll
0x00007ffb7e290000 - 0x00007ffb7e2bc000 	C:\WINDOWS\SYSTEM32\WINMMBASE.dll
0x00007ffb80010000 - 0x00007ffb80054000 	C:\WINDOWS\system32\cfgmgr32.dll
0x00007ffb7e900000 - 0x00007ffb7e927000 	C:\WINDOWS\SYSTEM32\DEVOBJ.dll
0x0000000060fd0000 - 0x0000000060fdf000 	C:\Program Files\Java\jdk1.7.0_79\jre\bin\verify.dll
0x0000000060fa0000 - 0x0000000060fc8000 	C:\Program Files\Java\jdk1.7.0_79\jre\bin\java.dll
0x0000000060f80000 - 0x0000000060f95000 	C:\Program Files\Java\jdk1.7.0_79\jre\bin\zip.dll
0x0000000060f60000 - 0x0000000060f7a000 	C:\Program Files\Java\jdk1.7.0_79\jre\bin\net.dll
0x00007ffb7f7e0000 - 0x00007ffb7f83d000 	C:\WINDOWS\system32\mswsock.dll
0x0000000060f40000 - 0x0000000060f51000 	C:\Program Files\Java\jdk1.7.0_79\jre\bin\nio.dll

VM Arguments:
jvm_args: -Djava.awt.headless=true -Xmx1024M -Dfile.encoding=windows-1252 -Duser.country=US -Duser.language=en -Duser.variant 
java_command: com.android.dx.command.Main --dex --num-threads=4 --output C:\Users\Christopher\Documents\Hackathons\Pearson\Code\HandUp\app\build\intermediates\pre-dexed\debug\com.android.support-support-v4-23.1.1_19749dee1633d4dbd9b8b2ac4b08d28b5f9c93fe.jar C:\Users\Christopher\Documents\Hackathons\Pearson\Code\HandUp\app\build\intermediates\exploded-aar\com.android.support\support-v4\23.1.1\jars\classes.jar
Launcher Type: SUN_STANDARD

Environment Variables:
JAVA_HOME=C:\Program Files\Java\jdk1.7.0_79
PATH=C:\Program Files (x86)\Lenovo\FusionEngine;C:\Program Files (x86)\Intel\iCLS Client\;C:\Program Files\Intel\iCLS Client\;C:\windows\system32;C:\windows;C:\windows\System32\Wbem;C:\windows\System32\WindowsPowerShell\v1.0\;C:\Program Files\Intel\Intel(R) Management Engine Components\DAL;C:\Program Files\Intel\Intel(R) Management Engine Components\IPT;C:\Program Files (x86)\Intel\Intel(R) Management Engine Components\DAL;C:\Program Files (x86)\Intel\Intel(R) Management Engine Components\IPT;C:\Program Files\Intel\WiFi\bin\;C:\Program Files\Common Files\Intel\WirelessCommon\;C:\Program Files (x86)\Lenovo\Motion Control\;C:\Program Files (x86)\SlikSvn\bin;C:\Program Files (x86)\PharosSystems\Core;C:\Program Files (x86)\MiKTeX 2.9\miktex\bin\;C:\Program Files (x86)\Git\cmd;C:\Program Files (x86)\Git\bin;C:\Program Files\Microsoft SQL Server\120\Tools\Binn\;C:\Program Files\Microsoft SQL Server\110\Tools\Binn\;C:\Program Files (x86)\CloudFoundry;C:\Program Files (x86)\Java\jdk1.8.0_20\bin;C:\ProgramData\Oracle\Java\javapath;C:\WINDOWS\system32;C:\WINDOWS;C:\WINDOWS\System32\Wbem;C:\WINDOWS\System32\WindowsPowerShell\v1.0\;C:\Program Files\nodejs\;USERPROFILE\.dnx\bin;C:\Program Files\Microsoft DNX\Dnvm\;C:\Program Files (x86)\Windows Kits\8.1\Windows Performance Toolkit\;C:\Program Files (x86)\Skype\Phone\;C:\windows\system32\config\systemprofile\.dnx\bin;C:\Ruby21-x64\bin;C:\Python27;C:\Users\Christopher\AppData\Roaming\npm;C:\Program Files\Apache-Maven\apache-maven-3.3.9\bin
USERNAME=Christopher
OS=Windows_NT
PROCESSOR_IDENTIFIER=Intel64 Family 6 Model 69 Stepping 1, GenuineIntel



---------------  S Y S T E M  ---------------

OS: Windows 8.1 , 64 bit Build 9600 

CPU:total 4 (2 cores per cpu, 2 threads per core) family 6 model 69 stepping 1, cmov, cx8, fxsr, mmx, sse, sse2, sse3, ssse3, sse4.1, sse4.2, popcnt, avx, avx2, aes, erms, ht, tsc, tscinvbit

Memory: 4k page, physical 8298776k(422264k free), swap 14931712k(2252k free)

vm_info: Java HotSpot(TM) 64-Bit Server VM (24.79-b02) for windows-amd64 JRE (1.7.0_79-b15), built on Apr 10 2015 12:36:16 by "java_re" with unknown MS VC++:1600

time: Tue Dec 29 18:45:43 2015
elapsed time: 6 seconds

