#
# There is insufficient memory for the Java Runtime Environment to continue.
# Native memory allocation (malloc) failed to allocate 602496 bytes for Chunk::new
# Possible reasons:
#   The system is out of physical RAM or swap space
#   In 32 bit mode, the process size limit was hit
# Possible solutions:
#   Reduce memory load on the system
#   Increase physical memory or swap space
#   Check if swap backing store is full
#   Use 64 bit Java on a 64 bit OS
#   Decrease Java heap size (-Xmx/-Xms)
#   Decrease number of Java threads
#   Decrease Java thread stack sizes (-Xss)
#   Set larger code cache with -XX:ReservedCodeCacheSize=
# This output file may be truncated or incomplete.
#
#  Out of Memory Error (allocation.cpp:323), pid=6328, tid=13128
#
# JRE version: Java(TM) SE Runtime Environment (7.0_79-b15) (build 1.7.0_79-b15)
# Java VM: Java HotSpot(TM) 64-Bit Server VM (24.79-b02 mixed mode windows-amd64 compressed oops)
# Failed to write core dump. Minidumps are not enabled by default on client versions of Windows
#

---------------  T H R E A D  ---------------

Current thread (0x0000000007fe7800):  JavaThread "C2 CompilerThread1" daemon [_thread_in_native, id=13128, stack(0x0000000009650000,0x0000000009750000)]

Stack: [0x0000000009650000,0x0000000009750000]
[error occurred during error reporting (printing stack bounds), id 0xc0000005]


[error occurred during error reporting (printing native stack), id 0xc0000005]


Current CompileTask:
C2:   5690  190             com.android.dx.ssa.Dominators::run (506 bytes)


---------------  P R O C E S S  ---------------

Java Threads: ( => current thread )
  0x0000000009b81000 JavaThread "pool-1-thread-4" [_thread_blocked, id=5548, stack(0x000000000a150000,0x000000000a250000)]
  0x0000000009ba5800 JavaThread "pool-1-thread-3" [_thread_in_Java, id=13096, stack(0x000000000a050000,0x000000000a150000)]
  0x0000000009b9f800 JavaThread "pool-1-thread-2" [_thread_in_vm, id=13588, stack(0x0000000009f50000,0x000000000a050000)]
  0x0000000009b9f000 JavaThread "pool-2-thread-1" [_thread_blocked, id=12384, stack(0x0000000009e50000,0x0000000009f50000)]
  0x0000000009af7000 JavaThread "pool-1-thread-1" [_thread_in_Java, id=13724, stack(0x0000000009d50000,0x0000000009e50000)]
  0x0000000007ff6800 JavaThread "Service Thread" daemon [_thread_blocked, id=11948, stack(0x0000000009750000,0x0000000009850000)]
=>0x0000000007fe7800 JavaThread "C2 CompilerThread1" daemon [_thread_in_native, id=13128, stack(0x0000000009650000,0x0000000009750000)]
  0x0000000007fe6000 JavaThread "C2 CompilerThread0" daemon [_thread_in_native, id=13236, stack(0x0000000009550000,0x0000000009650000)]
  0x0000000007fe5000 JavaThread "Attach Listener" daemon [_thread_blocked, id=10552, stack(0x0000000009450000,0x0000000009550000)]
  0x0000000007fe1800 JavaThread "Signal Dispatcher" daemon [_thread_blocked, id=8348, stack(0x0000000009350000,0x0000000009450000)]
  0x0000000007fa9800 JavaThread "Finalizer" daemon [_thread_blocked, id=8968, stack(0x0000000009250000,0x0000000009350000)]
  0x0000000007fa6000 JavaThread "Reference Handler" daemon [_thread_blocked, id=12444, stack(0x0000000009150000,0x0000000009250000)]
  0x0000000001f4d800 JavaThread "main" [_thread_in_vm, id=12864, stack(0x0000000001f50000,0x0000000002050000)]

Other Threads:
  0x0000000007fa2000 VMThread [stack: 0x0000000009050000,0x0000000009150000] [id=13776]
  0x0000000008003000 WatcherThread [stack: 0x0000000009850000,0x0000000009950000] [id=13340]

VM state:not at safepoint (normal execution)

VM Mutex/Monitor currently owned by a thread: None

Heap
 PSYoungGen      total 38400K, used 13963K [0x00000000eaa80000, 0x00000000ef580000, 0x0000000100000000)
  eden space 33280K, 26% used [0x00000000eaa80000,0x00000000eb324458,0x00000000ecb00000)
  from space 5120K, 99% used [0x00000000ecb00000,0x00000000ecffeb38,0x00000000ed000000)
  to   space 5120K, 0% used [0x00000000ef080000,0x00000000ef080000,0x00000000ef580000)
 ParOldGen       total 86528K, used 642K [0x00000000c0000000, 0x00000000c5480000, 0x00000000eaa80000)
  object space 86528K, 0% used [0x00000000c0000000,0x00000000c00a0830,0x00000000c5480000)
 PSPermGen       total 21504K, used 5844K [0x00000000bae00000, 0x00000000bc300000, 0x00000000c0000000)
  object space 21504K, 27% used [0x00000000bae00000,0x00000000bb3b5048,0x00000000bc300000)

Card table byte_map: [0x0000000005210000,0x0000000005440000] byte_map_base: 0x0000000004c39000

Polling page: 0x0000000000760000

Code Cache  [0x0000000002150000, 0x00000000023c0000, 0x0000000005150000)
 total_blobs=426 nmethods=189 adapters=189 free_code_cache=48399Kb largest_free_block=49516480

Compilation events (10 events):
Event: 5.654 Thread 0x0000000007fe6000 nmethod 185 0x000000000220e6d0 code [0x000000000220e920, 0x000000000220f6d0]
Event: 5.654 Thread 0x0000000007fe6000  186             com.android.dx.ssa.LocalVariableExtractor::processBlock (383 bytes)
Event: 5.655 Thread 0x0000000007fe7800 nmethod 182 0x0000000002210c50 code [0x0000000002210fc0, 0x0000000002213048]
Event: 5.656 Thread 0x0000000007fe7800  187             com.android.dx.ssa.SsaMethod::getUseListCopy (56 bytes)
Event: 5.662 Thread 0x0000000007fe7800 nmethod 187 0x00000000021f78d0 code [0x00000000021f7a40, 0x00000000021f7f08]
Event: 5.662 Thread 0x0000000007fe7800  188             com.android.dx.rop.type.Type::equals (31 bytes)
Event: 5.663 Thread 0x0000000007fe7800 nmethod 188 0x00000000021f7550 code [0x00000000021f76a0, 0x00000000021f7818]
Event: 5.663 Thread 0x0000000007fe7800  189             com.android.dx.dex.code.DalvInsn::<init> (67 bytes)
Event: 5.664 Thread 0x0000000007fe7800 nmethod 189 0x00000000021fa550 code [0x00000000021fa680, 0x00000000021fa758]
Event: 5.664 Thread 0x0000000007fe7800  190             com.android.dx.ssa.Dominators::run (506 bytes)

GC Heap History (2 events):
Event: 5.198 GC heap before
{Heap before GC invocations=1 (full 0):
 PSYoungGen      total 38400K, used 33280K [0x00000000eaa80000, 0x00000000ed500000, 0x0000000100000000)
  eden space 33280K, 100% used [0x00000000eaa80000,0x00000000ecb00000,0x00000000ecb00000)
  from space 5120K, 0% used [0x00000000ed000000,0x00000000ed000000,0x00000000ed500000)
  to   space 5120K, 0% used [0x00000000ecb00000,0x00000000ecb00000,0x00000000ed000000)
 ParOldGen       total 86528K, used 0K [0x00000000c0000000, 0x00000000c5480000, 0x00000000eaa80000)
  object space 86528K, 0% used [0x00000000c0000000,0x00000000c0000000,0x00000000c5480000)
 PSPermGen       total 21504K, used 5745K [0x00000000bae00000, 0x00000000bc300000, 0x00000000c0000000)
  object space 21504K, 26% used [0x00000000bae00000,0x00000000bb39c718,0x00000000bc300000)
Event: 5.371 GC heap after
Heap after GC invocations=1 (full 0):
 PSYoungGen      total 38400K, used 5114K [0x00000000eaa80000, 0x00000000ef580000, 0x0000000100000000)
  eden space 33280K, 0% used [0x00000000eaa80000,0x00000000eaa80000,0x00000000ecb00000)
  from space 5120K, 99% used [0x00000000ecb00000,0x00000000ecffeb38,0x00000000ed000000)
  to   space 5120K, 0% used [0x00000000ef080000,0x00000000ef080000,0x00000000ef580000)
 ParOldGen       total 86528K, used 642K [0x00000000c0000000, 0x00000000c5480000, 0x00000000eaa80000)
  object space 86528K, 0% used [0x00000000c0000000,0x00000000c00a0830,0x00000000c5480000)
 PSPermGen       total 21504K, used 5745K [0x00000000bae00000, 0x00000000bc300000, 0x00000000c0000000)
  object space 21504K, 26% used [0x00000000bae00000,0x00000000bb39c718,0x00000000bc300000)
}

Deoptimization events (6 events):
Event: 3.162 Thread 0x0000000009ba5800 Uncommon trap: reason=class_check action=maybe_recompile pc=0x00000000021c6cec method=com.android.dx.ssa.NormalSsaInsn.accept(Lcom/android/dx/ssa/SsaInsn$Visitor;)V @ 9
Event: 5.431 Thread 0x0000000001f4d800 Uncommon trap: reason=null_check action=make_not_entrant pc=0x00000000021f6860 method=com.android.dx.rop.type.Type.putIntern(Lcom/android/dx/rop/type/Type;)Lcom/android/dx/rop/type/Type; @ 18
Event: 5.481 Thread 0x0000000009b9f800 Uncommon trap: reason=class_check action=maybe_recompile pc=0x00000000021e2588 method=com.android.dx.rop.type.Type.equals(Ljava/lang/Object;)Z @ 8
Event: 5.481 Thread 0x0000000009b9f800 Uncommon trap: reason=class_check action=maybe_recompile pc=0x00000000021e2588 method=com.android.dx.rop.type.Type.equals(Ljava/lang/Object;)Z @ 8
Event: 5.481 Thread 0x0000000009b9f800 Uncommon trap: reason=class_check action=maybe_recompile pc=0x00000000021e2588 method=com.android.dx.rop.type.Type.equals(Ljava/lang/Object;)Z @ 8
Event: 5.485 Thread 0x0000000009b9f800 Uncommon trap: reason=class_check action=maybe_recompile pc=0x00000000021e2588 method=com.android.dx.rop.type.Type.equals(Ljava/lang/Object;)Z @ 8

Internal exceptions (10 events):
Event: 2.985 Thread 0x0000000009ba5800 Threw 0x00000000ec04b980 at C:\re\jdk7u79\2331\hotspot\src\share\vm\prims\jvm.cpp:1304
Event: 2.988 Thread 0x0000000009ba5800 Threw 0x00000000ec050f18 at C:\re\jdk7u79\2331\hotspot\src\share\vm\prims\jvm.cpp:1304
Event: 2.998 Thread 0x0000000001f4d800 Threw 0x00000000eba037d8 at C:\re\jdk7u79\2331\hotspot\src\share\vm\prims\jvm.cpp:1304
Event: 3.004 Thread 0x0000000001f4d800 Threw 0x00000000ec162230 at C:\re\jdk7u79\2331\hotspot\src\share\vm\prims\jvm.cpp:1304
Event: 3.004 Thread 0x0000000001f4d800 Threw 0x00000000ec164658 at C:\re\jdk7u79\2331\hotspot\src\share\vm\prims\jvm.cpp:1304
Event: 3.018 Thread 0x0000000009b81000 Threw 0x00000000ebde6080 at C:\re\jdk7u79\2331\hotspot\src\share\vm\prims\jvm.cpp:1304
Event: 3.188 Thread 0x0000000009af7000 Threw 0x00000000ec3eb628 at C:\re\jdk7u79\2331\hotspot\src\share\vm\prims\jvm.cpp:1304
Event: 4.126 Thread 0x0000000009af7000 Threw 0x00000000ec6172a0 at C:\re\jdk7u79\2331\hotspot\src\share\vm\prims\jvm.cpp:1304
Event: 5.431 Thread 0x0000000001f4d800 Implicit null exception at 0x00000000021f616f to 0x00000000021f6851
Event: 5.477 Thread 0x0000000009b9f800 Threw 0x00000000ead94da8 at C:\re\jdk7u79\2331\hotspot\src\share\vm\prims\jvm.cpp:1304

Events (10 events):
Event: 5.640 Executing VM operation: RevokeBias
Event: 5.640 Executing VM operation: RevokeBias done
Event: 5.640 Executing VM operation: RevokeBias
Event: 5.640 Executing VM operation: RevokeBias done
Event: 5.640 Executing VM operation: RevokeBias
Event: 5.640 Executing VM operation: RevokeBias done
Event: 5.640 Executing VM operation: RevokeBias
Event: 5.640 Executing VM operation: RevokeBias done
Event: 5.640 Executing VM operation: BulkRevokeBias
Event: 5.640 Executing VM operation: BulkRevokeBias done


Dynamic libraries:
0x00007ff730280000 - 0x00007ff7302b3000 	C:\Program Files\Java\jdk1.7.0_79\bin\java.exe
0x00007ffb83540000 - 0x00007ffb83701000 	C:\WINDOWS\SYSTEM32\ntdll.dll
0x00007ffb82940000 - 0x00007ffb829ed000 	C:\WINDOWS\system32\KERNEL32.DLL
0x00007ffb80a30000 - 0x00007ffb80c0d000 	C:\WINDOWS\system32\KERNELBASE.dll
0x00007ffb83490000 - 0x00007ffb83536000 	C:\WINDOWS\system32\ADVAPI32.dll
0x00007ffb828a0000 - 0x00007ffb8293d000 	C:\WINDOWS\system32\msvcrt.dll
0x00007ffb83140000 - 0x00007ffb8319b000 	C:\WINDOWS\system32\sechost.dll
0x00007ffb82fb0000 - 0x00007ffb830d6000 	C:\WINDOWS\system32\RPCRT4.dll
0x00007ffb80dc0000 - 0x00007ffb80f0e000 	C:\WINDOWS\system32\USER32.dll
0x00007ffb80f90000 - 0x00007ffb81116000 	C:\WINDOWS\system32\GDI32.dll
0x00007ffb763f0000 - 0x00007ffb76664000 	C:\WINDOWS\WinSxS\amd64_microsoft.windows.common-controls_6595b64144ccf1df_6.0.10240.16384_none_f41f7b285750ef43\COMCTL32.dll
0x00007ffb82f70000 - 0x00007ffb82fa6000 	C:\WINDOWS\system32\IMM32.DLL
0x00007ffb829f0000 - 0x00007ffb82b4c000 	C:\WINDOWS\system32\MSCTF.dll
0x00000000602a0000 - 0x0000000060372000 	C:\Program Files\Java\jdk1.7.0_79\jre\bin\msvcr100.dll
0x0000000060660000 - 0x0000000060e35000 	C:\Program Files\Java\jdk1.7.0_79\jre\bin\server\jvm.dll
0x00007ffb82c00000 - 0x00007ffb82c08000 	C:\WINDOWS\system32\PSAPI.DLL
0x00007ffb6f760000 - 0x00007ffb6f769000 	C:\WINDOWS\SYSTEM32\WSOCK32.dll
0x00007ffb7e410000 - 0x00007ffb7e433000 	C:\WINDOWS\SYSTEM32\WINMM.dll
0x00007ffb81130000 - 0x00007ffb81199000 	C:\WINDOWS\system32\WS2_32.dll
0x00007ffb81120000 - 0x00007ffb81128000 	C:\WINDOWS\system32\NSI.dll
0x00007ffb7e290000 - 0x00007ffb7e2bc000 	C:\WINDOWS\SYSTEM32\WINMMBASE.dll
0x00007ffb80010000 - 0x00007ffb80054000 	C:\WINDOWS\system32\cfgmgr32.dll
0x00007ffb7e900000 - 0x00007ffb7e927000 	C:\WINDOWS\SYSTEM32\DEVOBJ.dll
0x0000000060fd0000 - 0x0000000060fdf000 	C:\Program Files\Java\jdk1.7.0_79\jre\bin\verify.dll
0x0000000060fa0000 - 0x0000000060fc8000 	C:\Program Files\Java\jdk1.7.0_79\jre\bin\java.dll
0x0000000060f80000 - 0x0000000060f95000 	C:\Program Files\Java\jdk1.7.0_79\jre\bin\zip.dll
0x0000000060f60000 - 0x0000000060f7a000 	C:\Program Files\Java\jdk1.7.0_79\jre\bin\net.dll
0x00007ffb7f7e0000 - 0x00007ffb7f83d000 	C:\WINDOWS\system32\mswsock.dll
0x0000000060f40000 - 0x0000000060f51000 	C:\Program Files\Java\jdk1.7.0_79\jre\bin\nio.dll

VM Arguments:
jvm_args: -Djava.awt.headless=true -Xmx1024M -Dfile.encoding=windows-1252 -Duser.country=US -Duser.language=en -Duser.variant 
java_command: com.android.dx.command.Main --dex --num-threads=4 --output C:\Users\Christopher\Documents\Hackathons\Pearson\Code\HandUp\app\build\intermediates\pre-dexed\debug\com.android.support-support-v4-23.1.1_19749dee1633d4dbd9b8b2ac4b08d28b5f9c93fe.jar C:\Users\Christopher\Documents\Hackathons\Pearson\Code\HandUp\app\build\intermediates\exploded-aar\com.android.support\support-v4\23.1.1\jars\classes.jar
Launcher Type: SUN_STANDARD

Environment Variables:
JAVA_HOME=C:\Program Files\Java\jdk1.7.0_79
PATH=C:\Program Files (x86)\Lenovo\FusionEngine;C:\Program Files (x86)\Intel\iCLS Client\;C:\Program Files\Intel\iCLS Client\;C:\windows\system32;C:\windows;C:\windows\System32\Wbem;C:\windows\System32\WindowsPowerShell\v1.0\;C:\Program Files\Intel\Intel(R) Management Engine Components\DAL;C:\Program Files\Intel\Intel(R) Management Engine Components\IPT;C:\Program Files (x86)\Intel\Intel(R) Management Engine Components\DAL;C:\Program Files (x86)\Intel\Intel(R) Management Engine Components\IPT;C:\Program Files\Intel\WiFi\bin\;C:\Program Files\Common Files\Intel\WirelessCommon\;C:\Program Files (x86)\Lenovo\Motion Control\;C:\Program Files (x86)\SlikSvn\bin;C:\Program Files (x86)\PharosSystems\Core;C:\Program Files (x86)\MiKTeX 2.9\miktex\bin\;C:\Program Files (x86)\Git\cmd;C:\Program Files (x86)\Git\bin;C:\Program Files\Microsoft SQL Server\120\Tools\Binn\;C:\Program Files\Microsoft SQL Server\110\Tools\Binn\;C:\Program Files (x86)\CloudFoundry;C:\Program Files (x86)\Java\jdk1.8.0_20\bin;C:\ProgramData\Oracle\Java\javapath;C:\WINDOWS\system32;C:\WINDOWS;C:\WINDOWS\System32\Wbem;C:\WINDOWS\System32\WindowsPowerShell\v1.0\;C:\Program Files\nodejs\;USERPROFILE\.dnx\bin;C:\Program Files\Microsoft DNX\Dnvm\;C:\Program Files (x86)\Windows Kits\8.1\Windows Performance Toolkit\;C:\Program Files (x86)\Skype\Phone\;C:\windows\system32\config\systemprofile\.dnx\bin;C:\Ruby21-x64\bin;C:\Python27;C:\Users\Christopher\AppData\Roaming\npm;C:\Program Files\Apache-Maven\apache-maven-3.3.9\bin
USERNAME=Christopher
OS=Windows_NT
PROCESSOR_IDENTIFIER=Intel64 Family 6 Model 69 Stepping 1, GenuineIntel



---------------  S Y S T E M  ---------------

OS: Windows 8.1 , 64 bit Build 9600 

CPU:total 4 (2 cores per cpu, 2 threads per core) family 6 model 69 stepping 1, cmov, cx8, fxsr, mmx, sse, sse2, sse3, ssse3, sse4.1, sse4.2, popcnt, avx, avx2, aes, erms, ht, tsc, tscinvbit

Memory: 4k page, physical 8298776k(479228k free), swap 14931712k(4924k free)

vm_info: Java HotSpot(TM) 64-Bit Server VM (24.79-b02) for windows-amd64 JRE (1.7.0_79-b15), built on Apr 10 2015 12:36:16 by "java_re" with unknown MS VC++:1600

time: Tue Dec 29 18:51:12 2015
elapsed time: 5 seconds

