#
# There is insufficient memory for the Java Runtime Environment to continue.
# Native memory allocation (malloc) failed to allocate 1132048 bytes for Chunk::new
# Possible reasons:
#   The system is out of physical RAM or swap space
#   In 32 bit mode, the process size limit was hit
# Possible solutions:
#   Reduce memory load on the system
#   Increase physical memory or swap space
#   Check if swap backing store is full
#   Use 64 bit Java on a 64 bit OS
#   Decrease Java heap size (-Xmx/-Xms)
#   Decrease number of Java threads
#   Decrease Java thread stack sizes (-Xss)
#   Set larger code cache with -XX:ReservedCodeCacheSize=
# This output file may be truncated or incomplete.
#
#  Out of Memory Error (allocation.cpp:323), pid=13864, tid=14176
#
# JRE version: Java(TM) SE Runtime Environment (7.0_79-b15) (build 1.7.0_79-b15)
# Java VM: Java HotSpot(TM) 64-Bit Server VM (24.79-b02 mixed mode windows-amd64 compressed oops)
# Failed to write core dump. Minidumps are not enabled by default on client versions of Windows
#

---------------  T H R E A D  ---------------

Current thread (0x00000000086af800):  JavaThread "C2 CompilerThread1" daemon [_thread_in_native, id=14176, stack(0x0000000009d20000,0x0000000009e20000)]

Stack: [0x0000000009d20000,0x0000000009e20000]
[error occurred during error reporting (printing stack bounds), id 0xc0000005]


Current CompileTask:
C2:   7036  345   !         com.android.dx.cf.code.BytecodeArray::parseInstruction (2764 bytes)


---------------  P R O C E S S  ---------------

Java Threads: ( => current thread )
  0x000000000a204000 JavaThread "pool-1-thread-4" [_thread_blocked, id=13932, stack(0x000000000a820000,0x000000000a920000)]
  0x000000000a1cf000 JavaThread "pool-1-thread-3" [_thread_blocked, id=14052, stack(0x000000000a720000,0x000000000a820000)]
  0x000000000a1b2000 JavaThread "pool-1-thread-2" [_thread_blocked_trans, id=14096, stack(0x000000000a620000,0x000000000a720000)]
  0x000000000a1b1000 JavaThread "pool-2-thread-1" [_thread_blocked, id=13756, stack(0x000000000a520000,0x000000000a620000)]
  0x000000000a16d000 JavaThread "pool-1-thread-1" [_thread_blocked, id=13336, stack(0x000000000a420000,0x000000000a520000)]
  0x00000000086b5800 JavaThread "Service Thread" daemon [_thread_blocked, id=14324, stack(0x0000000009e20000,0x0000000009f20000)]
=>0x00000000086af800 JavaThread "C2 CompilerThread1" daemon [_thread_in_native, id=14176, stack(0x0000000009d20000,0x0000000009e20000)]
  0x00000000086a5800 JavaThread "C2 CompilerThread0" daemon [_thread_blocked, id=14064, stack(0x0000000009c20000,0x0000000009d20000)]
  0x00000000086a4800 JavaThread "Attach Listener" daemon [_thread_blocked, id=14000, stack(0x0000000009b20000,0x0000000009c20000)]
  0x00000000086a1000 JavaThread "Signal Dispatcher" daemon [_thread_blocked, id=14152, stack(0x0000000009a20000,0x0000000009b20000)]
  0x000000000866f800 JavaThread "Finalizer" daemon [_thread_blocked, id=13628, stack(0x0000000009920000,0x0000000009a20000)]
  0x0000000008666000 JavaThread "Reference Handler" daemon [_thread_blocked, id=9276, stack(0x0000000009820000,0x0000000009920000)]
  0x000000000259d800 JavaThread "main" [_thread_blocked, id=13416, stack(0x00000000025a0000,0x00000000026a0000)]

Other Threads:
  0x0000000008662000 VMThread [stack: 0x0000000009720000,0x0000000009820000] [id=13656]
  0x00000000086c4000 WatcherThread [stack: 0x0000000009f20000,0x000000000a020000] [id=13992]

VM state:not at safepoint (normal execution)

VM Mutex/Monitor currently owned by a thread: None

Heap
 PSYoungGen      total 38400K, used 5939K [0x00000000eaa80000, 0x00000000ed500000, 0x0000000100000000)
  eden space 33280K, 2% used [0x00000000eaa80000,0x00000000eab514a0,0x00000000ecb00000)
  from space 5120K, 99% used [0x00000000ed000000,0x00000000ed4fb8d8,0x00000000ed500000)
  to   space 5120K, 0% used [0x00000000ecb00000,0x00000000ecb00000,0x00000000ed000000)
 ParOldGen       total 86528K, used 3891K [0x00000000c0000000, 0x00000000c5480000, 0x00000000eaa80000)
  object space 86528K, 4% used [0x00000000c0000000,0x00000000c03cced0,0x00000000c5480000)
 PSPermGen       total 21504K, used 5904K [0x00000000bae00000, 0x00000000bc300000, 0x00000000c0000000)
  object space 21504K, 27% used [0x00000000bae00000,0x00000000bb3c40e0,0x00000000bc300000)

Card table byte_map: [0x00000000058b0000,0x0000000005ae0000] byte_map_base: 0x00000000052d9000

Polling page: 0x0000000002570000

Code Cache  [0x00000000027f0000, 0x0000000002a60000, 0x00000000057f0000)
 total_blobs=582 nmethods=345 adapters=189 free_code_cache=47820Kb largest_free_block=48922432

Compilation events (10 events):
Event: 6.532 Thread 0x00000000086a5800  343             com.android.dx.ssa.SsaRenamer$BlockRenamer::access$200 (5 bytes)
Event: 6.532 Thread 0x00000000086a5800 nmethod 343 0x0000000002873f50 code [0x0000000002874080, 0x00000000028740d8]
Event: 6.533 Thread 0x00000000086af800 nmethod 342 0x0000000002939090 code [0x00000000029391e0, 0x0000000002939398]
Event: 6.533 Thread 0x00000000086a5800  344             com.android.dx.ssa.SsaRenamer$BlockRenamer::process (191 bytes)
Event: 6.534 Thread 0x00000000086af800  345   !         com.android.dx.cf.code.BytecodeArray::parseInstruction (2764 bytes)
Event: 6.925 Thread 0x00000000086a5800 nmethod 344 0x0000000002941bd0 code [0x0000000002941f40, 0x0000000002944098]
Event: 6.925 Thread 0x00000000086a5800  346             com.android.dx.rop.code.PlainInsn::getCatches (4 bytes)
Event: 6.926 Thread 0x00000000086a5800 nmethod 346 0x0000000002873d50 code [0x0000000002873e80, 0x0000000002873ed8]
Event: 6.926 Thread 0x00000000086a5800  347             com.android.dx.rop.code.ThrowingCstInsn::accept (8 bytes)
Event: 6.926 Thread 0x00000000086a5800 nmethod 347 0x0000000002938e50 code [0x0000000002938fa0, 0x0000000002939018]

GC Heap History (4 events):
Event: 2.842 GC heap before
{Heap before GC invocations=1 (full 0):
 PSYoungGen      total 38400K, used 33280K [0x00000000eaa80000, 0x00000000ed500000, 0x0000000100000000)
  eden space 33280K, 100% used [0x00000000eaa80000,0x00000000ecb00000,0x00000000ecb00000)
  from space 5120K, 0% used [0x00000000ed000000,0x00000000ed000000,0x00000000ed500000)
  to   space 5120K, 0% used [0x00000000ecb00000,0x00000000ecb00000,0x00000000ed000000)
 ParOldGen       total 86528K, used 0K [0x00000000c0000000, 0x00000000c5480000, 0x00000000eaa80000)
  object space 86528K, 0% used [0x00000000c0000000,0x00000000c0000000,0x00000000c5480000)
 PSPermGen       total 21504K, used 5735K [0x00000000bae00000, 0x00000000bc300000, 0x00000000c0000000)
  object space 21504K, 26% used [0x00000000bae00000,0x00000000bb399f28,0x00000000bc300000)
Event: 3.082 GC heap after
Heap after GC invocations=1 (full 0):
 PSYoungGen      total 38400K, used 5114K [0x00000000eaa80000, 0x00000000ed500000, 0x0000000100000000)
  eden space 33280K, 0% used [0x00000000eaa80000,0x00000000eaa80000,0x00000000ecb00000)
  from space 5120K, 99% used [0x00000000ecb00000,0x00000000ecffebc8,0x00000000ed000000)
  to   space 5120K, 0% used [0x00000000ed000000,0x00000000ed000000,0x00000000ed500000)
 ParOldGen       total 86528K, used 239K [0x00000000c0000000, 0x00000000c5480000, 0x00000000eaa80000)
  object space 86528K, 0% used [0x00000000c0000000,0x00000000c003bf10,0x00000000c5480000)
 PSPermGen       total 21504K, used 5735K [0x00000000bae00000, 0x00000000bc300000, 0x00000000c0000000)
  object space 21504K, 26% used [0x00000000bae00000,0x00000000bb399f28,0x00000000bc300000)
}
Event: 6.550 GC heap before
{Heap before GC invocations=2 (full 0):
 PSYoungGen      total 38400K, used 38394K [0x00000000eaa80000, 0x00000000ed500000, 0x0000000100000000)
  eden space 33280K, 100% used [0x00000000eaa80000,0x00000000ecb00000,0x00000000ecb00000)
  from space 5120K, 99% used [0x00000000ecb00000,0x00000000ecffebc8,0x00000000ed000000)
  to   space 5120K, 0% used [0x00000000ed000000,0x00000000ed000000,0x00000000ed500000)
 ParOldGen       total 86528K, used 239K [0x00000000c0000000, 0x00000000c5480000, 0x00000000eaa80000)
  object space 86528K, 0% used [0x00000000c0000000,0x00000000c003bf10,0x00000000c5480000)
 PSPermGen       total 21504K, used 5903K [0x00000000bae00000, 0x00000000bc300000, 0x00000000c0000000)
  object space 21504K, 27% used [0x00000000bae00000,0x00000000bb3c3c70,0x00000000bc300000)
Event: 6.870 GC heap after
Heap after GC invocations=2 (full 0):
 PSYoungGen      total 38400K, used 5102K [0x00000000eaa80000, 0x00000000ed500000, 0x0000000100000000)
  eden space 33280K, 0% used [0x00000000eaa80000,0x00000000eaa80000,0x00000000ecb00000)
  from space 5120K, 99% used [0x00000000ed000000,0x00000000ed4fb8d8,0x00000000ed500000)
  to   space 5120K, 0% used [0x00000000ecb00000,0x00000000ecb00000,0x00000000ed000000)
 ParOldGen       total 86528K, used 3891K [0x00000000c0000000, 0x00000000c5480000, 0x00000000eaa80000)
  object space 86528K, 4% used [0x00000000c0000000,0x00000000c03cced0,0x00000000c5480000)
 PSPermGen       total 21504K, used 5903K [0x00000000bae00000, 0x00000000bc300000, 0x00000000c0000000)
  object space 21504K, 27% used [0x00000000bae00000,0x00000000bb3c3c70,0x00000000bc300000)
}

Deoptimization events (10 events):
Event: 5.590 Thread 0x000000000259d800 Uncommon trap: reason=null_check action=make_not_entrant pc=0x00000000028967e0 method=com.android.dx.rop.type.Type.putIntern(Lcom/android/dx/rop/type/Type;)Lcom/android/dx/rop/type/Type; @ 18
Event: 5.805 Thread 0x000000000259d800 Uncommon trap: reason=bimorphic action=maybe_recompile pc=0x000000000291066c method=com.android.dx.cf.code.BytecodeArray.parseInstruction(ILcom/android/dx/cf/code/BytecodeArray$Visitor;)I @ 955
Event: 5.806 Thread 0x000000000259d800 Uncommon trap: reason=bimorphic action=maybe_recompile pc=0x00000000029104ec method=com.android.dx.cf.code.BytecodeArray.parseInstruction(ILcom/android/dx/cf/code/BytecodeArray$Visitor;)I @ 907
Event: 5.806 Thread 0x000000000259d800 Uncommon trap: reason=bimorphic action=maybe_recompile pc=0x0000000002910a50 method=com.android.dx.cf.code.BytecodeArray.parseInstruction(ILcom/android/dx/cf/code/BytecodeArray$Visitor;)I @ 1224
Event: 5.806 Thread 0x000000000259d800 Uncommon trap: reason=bimorphic action=maybe_recompile pc=0x000000000291056c method=com.android.dx.cf.code.BytecodeArray.parseInstruction(ILcom/android/dx/cf/code/BytecodeArray$Visitor;)I @ 923
Event: 5.806 Thread 0x000000000259d800 Uncommon trap: reason=bimorphic action=maybe_recompile pc=0x0000000002910a50 method=com.android.dx.cf.code.BytecodeArray.parseInstruction(ILcom/android/dx/cf/code/BytecodeArray$Visitor;)I @ 1224
Event: 5.806 Thread 0x000000000259d800 Uncommon trap: reason=class_check action=maybe_recompile pc=0x00000000028ed7d0 method=com.android.dx.cf.code.Ropper.processBlock(Lcom/android/dx/cf/code/ByteBlock;Lcom/android/dx/cf/code/Frame;[I)V @ 777
Event: 6.186 Thread 0x000000000a1b2000 Uncommon trap: reason=unreached action=reinterpret pc=0x000000000287ccc4 method=com.android.dx.rop.cst.Constant.compareTo(Lcom/android/dx/rop/cst/Constant;)I @ 12
Event: 6.499 Thread 0x000000000a204000 Uncommon trap: reason=null_check action=make_not_entrant pc=0x00000000028b5f9c method=com.android.dx.ssa.SsaRenamer.getLocalForNewReg(I)Lcom/android/dx/rop/code/LocalItem; @ 19
Event: 6.532 Thread 0x000000000259d800 Uncommon trap: reason=unreached action=reinterpret pc=0x00000000028ed6d8 method=com.android.dx.cf.code.Ropper.processBlock(Lcom/android/dx/cf/code/ByteBlock;Lcom/android/dx/cf/code/Frame;[I)V @ 513

Internal exceptions (10 events):
Event: 1.838 Thread 0x000000000a204000 Threw 0x00000000ec1ddce8 at C:\re\jdk7u79\2331\hotspot\src\share\vm\prims\jvm.cpp:1304
Event: 1.854 Thread 0x000000000a204000 Implicit null exception at 0x0000000002873728 to 0x0000000002873af9
Event: 1.901 Thread 0x000000000259d800 Threw 0x00000000ec49f230 at C:\re\jdk7u79\2331\hotspot\src\share\vm\prims\jvm.cpp:1304
Event: 1.901 Thread 0x000000000259d800 Threw 0x00000000ec4a1658 at C:\re\jdk7u79\2331\hotspot\src\share\vm\prims\jvm.cpp:1304
Event: 2.026 Thread 0x000000000a1cf000 Threw 0x00000000ec5cf8a8 at C:\re\jdk7u79\2331\hotspot\src\share\vm\prims\jvm.cpp:1304
Event: 3.313 Thread 0x000000000a16d000 Implicit null exception at 0x00000000028a405c to 0x00000000028a504d
Event: 3.315 Thread 0x000000000a16d000 Threw 0x00000000eab13848 at C:\re\jdk7u79\2331\hotspot\src\share\vm\prims\jvm.cpp:1304
Event: 5.590 Thread 0x000000000259d800 Implicit null exception at 0x00000000028960ef to 0x00000000028967d1
Event: 6.499 Thread 0x000000000a204000 Implicit null exception at 0x00000000028b4a84 to 0x00000000028b5f6d
Event: 6.524 Thread 0x000000000259d800 Threw 0x00000000ec843778 at C:\re\jdk7u79\2331\hotspot\src\share\vm\prims\jvm.cpp:1304

Events (10 events):
Event: 6.996 Executing VM operation: RevokeBias
Event: 6.996 Executing VM operation: RevokeBias done
Event: 6.996 Executing VM operation: RevokeBias
Event: 6.996 Executing VM operation: RevokeBias done
Event: 6.996 Executing VM operation: RevokeBias
Event: 6.996 Executing VM operation: RevokeBias done
Event: 6.996 Executing VM operation: RevokeBias
Event: 6.996 Executing VM operation: RevokeBias done
Event: 6.996 Executing VM operation: BulkRevokeBias
Event: 6.996 Executing VM operation: BulkRevokeBias done


Dynamic libraries:
0x00007ff730280000 - 0x00007ff7302b3000 	C:\Program Files\Java\jdk1.7.0_79\bin\java.exe
0x00007ffb83540000 - 0x00007ffb83701000 	C:\WINDOWS\SYSTEM32\ntdll.dll
0x00007ffb82940000 - 0x00007ffb829ed000 	C:\WINDOWS\system32\KERNEL32.DLL
0x00007ffb80a30000 - 0x00007ffb80c0d000 	C:\WINDOWS\system32\KERNELBASE.dll
0x00007ffb83490000 - 0x00007ffb83536000 	C:\WINDOWS\system32\ADVAPI32.dll
0x00007ffb828a0000 - 0x00007ffb8293d000 	C:\WINDOWS\system32\msvcrt.dll
0x00007ffb83140000 - 0x00007ffb8319b000 	C:\WINDOWS\system32\sechost.dll
0x00007ffb82fb0000 - 0x00007ffb830d6000 	C:\WINDOWS\system32\RPCRT4.dll
0x00007ffb80dc0000 - 0x00007ffb80f0e000 	C:\WINDOWS\system32\USER32.dll
0x00007ffb80f90000 - 0x00007ffb81116000 	C:\WINDOWS\system32\GDI32.dll
0x00007ffb763f0000 - 0x00007ffb76664000 	C:\WINDOWS\WinSxS\amd64_microsoft.windows.common-controls_6595b64144ccf1df_6.0.10240.16384_none_f41f7b285750ef43\COMCTL32.dll
0x00007ffb82f70000 - 0x00007ffb82fa6000 	C:\WINDOWS\system32\IMM32.DLL
0x00007ffb829f0000 - 0x00007ffb82b4c000 	C:\WINDOWS\system32\MSCTF.dll
0x00000000602a0000 - 0x0000000060372000 	C:\Program Files\Java\jdk1.7.0_79\jre\bin\msvcr100.dll
0x0000000060660000 - 0x0000000060e35000 	C:\Program Files\Java\jdk1.7.0_79\jre\bin\server\jvm.dll
0x00007ffb82c00000 - 0x00007ffb82c08000 	C:\WINDOWS\system32\PSAPI.DLL
0x00007ffb6f760000 - 0x00007ffb6f769000 	C:\WINDOWS\SYSTEM32\WSOCK32.dll
0x00007ffb7e410000 - 0x00007ffb7e433000 	C:\WINDOWS\SYSTEM32\WINMM.dll
0x00007ffb81130000 - 0x00007ffb81199000 	C:\WINDOWS\system32\WS2_32.dll
0x00007ffb81120000 - 0x00007ffb81128000 	C:\WINDOWS\system32\NSI.dll
0x00007ffb7e290000 - 0x00007ffb7e2bc000 	C:\WINDOWS\SYSTEM32\WINMMBASE.dll
0x00007ffb80010000 - 0x00007ffb80054000 	C:\WINDOWS\system32\cfgmgr32.dll
0x00007ffb7e900000 - 0x00007ffb7e927000 	C:\WINDOWS\SYSTEM32\DEVOBJ.dll
0x0000000060fd0000 - 0x0000000060fdf000 	C:\Program Files\Java\jdk1.7.0_79\jre\bin\verify.dll
0x0000000060fa0000 - 0x0000000060fc8000 	C:\Program Files\Java\jdk1.7.0_79\jre\bin\java.dll
0x0000000060f80000 - 0x0000000060f95000 	C:\Program Files\Java\jdk1.7.0_79\jre\bin\zip.dll
0x0000000060f60000 - 0x0000000060f7a000 	C:\Program Files\Java\jdk1.7.0_79\jre\bin\net.dll
0x00007ffb7f7e0000 - 0x00007ffb7f83d000 	C:\WINDOWS\system32\mswsock.dll
0x0000000060f40000 - 0x0000000060f51000 	C:\Program Files\Java\jdk1.7.0_79\jre\bin\nio.dll

VM Arguments:
jvm_args: -Djava.awt.headless=true -Xmx1024M -Dfile.encoding=windows-1252 -Duser.country=US -Duser.language=en -Duser.variant 
java_command: com.android.dx.command.Main --dex --num-threads=4 --output C:\Users\Christopher\Documents\Hackathons\Pearson\Code\HandUp\app\build\intermediates\pre-dexed\debug\com.android.support-support-v4-23.1.1_19749dee1633d4dbd9b8b2ac4b08d28b5f9c93fe.jar C:\Users\Christopher\Documents\Hackathons\Pearson\Code\HandUp\app\build\intermediates\exploded-aar\com.android.support\support-v4\23.1.1\jars\classes.jar
Launcher Type: SUN_STANDARD

Environment Variables:
JAVA_HOME=C:\Program Files\Java\jdk1.7.0_79
PATH=C:\Program Files (x86)\Lenovo\FusionEngine;C:\Program Files (x86)\Intel\iCLS Client\;C:\Program Files\Intel\iCLS Client\;C:\windows\system32;C:\windows;C:\windows\System32\Wbem;C:\windows\System32\WindowsPowerShell\v1.0\;C:\Program Files\Intel\Intel(R) Management Engine Components\DAL;C:\Program Files\Intel\Intel(R) Management Engine Components\IPT;C:\Program Files (x86)\Intel\Intel(R) Management Engine Components\DAL;C:\Program Files (x86)\Intel\Intel(R) Management Engine Components\IPT;C:\Program Files\Intel\WiFi\bin\;C:\Program Files\Common Files\Intel\WirelessCommon\;C:\Program Files (x86)\Lenovo\Motion Control\;C:\Program Files (x86)\SlikSvn\bin;C:\Program Files (x86)\PharosSystems\Core;C:\Program Files (x86)\MiKTeX 2.9\miktex\bin\;C:\Program Files (x86)\Git\cmd;C:\Program Files (x86)\Git\bin;C:\Program Files\Microsoft SQL Server\120\Tools\Binn\;C:\Program Files\Microsoft SQL Server\110\Tools\Binn\;C:\Program Files (x86)\CloudFoundry;C:\Program Files (x86)\Java\jdk1.8.0_20\bin;C:\ProgramData\Oracle\Java\javapath;C:\WINDOWS\system32;C:\WINDOWS;C:\WINDOWS\System32\Wbem;C:\WINDOWS\System32\WindowsPowerShell\v1.0\;C:\Program Files\nodejs\;USERPROFILE\.dnx\bin;C:\Program Files\Microsoft DNX\Dnvm\;C:\Program Files (x86)\Windows Kits\8.1\Windows Performance Toolkit\;C:\Program Files (x86)\Skype\Phone\;C:\windows\system32\config\systemprofile\.dnx\bin;C:\Ruby21-x64\bin;C:\Python27;C:\Users\Christopher\AppData\Roaming\npm;C:\Program Files\Apache-Maven\apache-maven-3.3.9\bin
USERNAME=Christopher
OS=Windows_NT
PROCESSOR_IDENTIFIER=Intel64 Family 6 Model 69 Stepping 1, GenuineIntel



---------------  S Y S T E M  ---------------

OS: Windows 8.1 , 64 bit Build 9600 

CPU:total 4 (2 cores per cpu, 2 threads per core) family 6 model 69 stepping 1, cmov, cx8, fxsr, mmx, sse, sse2, sse3, ssse3, sse4.1, sse4.2, popcnt, avx, avx2, aes, erms, ht, tsc, tscinvbit

Memory: 4k page, physical 8298776k(770072k free), swap 14931712k(5368k free)

vm_info: Java HotSpot(TM) 64-Bit Server VM (24.79-b02) for windows-amd64 JRE (1.7.0_79-b15), built on Apr 10 2015 12:36:16 by "java_re" with unknown MS VC++:1600

time: Tue Dec 29 18:52:00 2015
elapsed time: 7 seconds

