#
# There is insufficient memory for the Java Runtime Environment to continue.
# Native memory allocation (malloc) failed to allocate 1240176 bytes for Chunk::new
# Possible reasons:
#   The system is out of physical RAM or swap space
#   In 32 bit mode, the process size limit was hit
# Possible solutions:
#   Reduce memory load on the system
#   Increase physical memory or swap space
#   Check if swap backing store is full
#   Use 64 bit Java on a 64 bit OS
#   Decrease Java heap size (-Xmx/-Xms)
#   Decrease number of Java threads
#   Decrease Java thread stack sizes (-Xss)
#   Set larger code cache with -XX:ReservedCodeCacheSize=
# This output file may be truncated or incomplete.
#
#  Out of Memory Error (allocation.cpp:323), pid=8720, tid=12092
#
# JRE version: Java(TM) SE Runtime Environment (7.0_79-b15) (build 1.7.0_79-b15)
# Java VM: Java HotSpot(TM) 64-Bit Server VM (24.79-b02 mixed mode windows-amd64 compressed oops)
# Failed to write core dump. Minidumps are not enabled by default on client versions of Windows
#

---------------  T H R E A D  ---------------

Current thread (0x00000000083d7000):  JavaThread "C2 CompilerThread1" daemon [_thread_in_native, id=12092, stack(0x0000000009a40000,0x0000000009b40000)]

Stack: [0x0000000009a40000,0x0000000009b40000]
[error occurred during error reporting (printing stack bounds), id 0xc0000005]


[error occurred during error reporting (printing native stack), id 0xc0000005]


Current CompileTask:
C2:   6559  274             com.android.dx.ssa.SCCP::run (298 bytes)


---------------  P R O C E S S  ---------------

Java Threads: ( => current thread )
  0x000000000a075800 JavaThread "pool-1-thread-4" [_thread_in_Java, id=8084, stack(0x000000000a540000,0x000000000a640000)]
  0x000000000a017000 JavaThread "pool-1-thread-3" [_thread_in_Java, id=8220, stack(0x000000000a440000,0x000000000a540000)]
  0x0000000009e96800 JavaThread "pool-1-thread-2" [_thread_in_Java, id=2752, stack(0x000000000a340000,0x000000000a440000)]
  0x0000000009de9800 JavaThread "pool-2-thread-1" [_thread_blocked, id=6332, stack(0x000000000a240000,0x000000000a340000)]
  0x0000000009de8800 JavaThread "pool-1-thread-1" [_thread_in_vm, id=7632, stack(0x000000000a140000,0x000000000a240000)]
  0x00000000083e6000 JavaThread "Service Thread" daemon [_thread_blocked, id=9184, stack(0x0000000009b40000,0x0000000009c40000)]
=>0x00000000083d7000 JavaThread "C2 CompilerThread1" daemon [_thread_in_native, id=12092, stack(0x0000000009a40000,0x0000000009b40000)]
  0x00000000083d5800 JavaThread "C2 CompilerThread0" daemon [_thread_in_native, id=13284, stack(0x0000000009940000,0x0000000009a40000)]
  0x00000000083d4800 JavaThread "Attach Listener" daemon [_thread_blocked, id=6136, stack(0x0000000009840000,0x0000000009940000)]
  0x00000000083d1000 JavaThread "Signal Dispatcher" daemon [_thread_blocked, id=8228, stack(0x0000000009740000,0x0000000009840000)]
  0x0000000008399800 JavaThread "Finalizer" daemon [_thread_blocked, id=9256, stack(0x0000000009640000,0x0000000009740000)]
  0x0000000008396000 JavaThread "Reference Handler" daemon [_thread_blocked, id=7912, stack(0x0000000009540000,0x0000000009640000)]
  0x000000000234d800 JavaThread "main" [_thread_in_Java, id=10792, stack(0x0000000002400000,0x0000000002500000)]

Other Threads:
  0x0000000008392000 VMThread [stack: 0x0000000009440000,0x0000000009540000] [id=12728]
  0x00000000083f0800 WatcherThread [stack: 0x0000000009c40000,0x0000000009d40000] [id=6352]

VM state:not at safepoint (normal execution)

VM Mutex/Monitor currently owned by a thread: None

Heap
 PSYoungGen      total 38400K, used 32112K [0x00000000eaa80000, 0x00000000ed500000, 0x0000000100000000)
  eden space 33280K, 81% used [0x00000000eaa80000,0x00000000ec4e32f8,0x00000000ecb00000)
  from space 5120K, 99% used [0x00000000ecb00000,0x00000000ecff8d40,0x00000000ed000000)
  to   space 5120K, 0% used [0x00000000ed000000,0x00000000ed000000,0x00000000ed500000)
 ParOldGen       total 86528K, used 1431K [0x00000000c0000000, 0x00000000c5480000, 0x00000000eaa80000)
  object space 86528K, 1% used [0x00000000c0000000,0x00000000c0165ca0,0x00000000c5480000)
 PSPermGen       total 21504K, used 5886K [0x00000000bae00000, 0x00000000bc300000, 0x00000000c0000000)
  object space 21504K, 27% used [0x00000000bae00000,0x00000000bb3bf820,0x00000000bc300000)

Card table byte_map: [0x0000000005600000,0x0000000005830000] byte_map_base: 0x0000000005029000

Polling page: 0x0000000000a50000

Code Cache  [0x0000000002600000, 0x0000000002870000, 0x0000000005600000)
 total_blobs=555 nmethods=318 adapters=189 free_code_cache=47672Kb largest_free_block=48774080

Compilation events (10 events):
Event: 6.409 Thread 0x00000000083d5800 nmethod 316 0x00000000027701d0 code [0x0000000002770320, 0x0000000002770388]
Event: 6.409 Thread 0x00000000083d5800  317             com.android.dx.rop.code.PlainInsn::withNewRegisters (18 bytes)
Event: 6.411 Thread 0x00000000083d5800 nmethod 317 0x000000000267e250 code [0x000000000267e3a0, 0x000000000267e558]
Event: 6.411 Thread 0x00000000083d5800  318             com.android.dx.ssa.SsaMethod::isRegALocal (90 bytes)
Event: 6.437 Thread 0x00000000083d5800 nmethod 318 0x000000000277a9d0 code [0x000000000277ac00, 0x000000000277b668]
Event: 6.437 Thread 0x00000000083d5800  319   !         com.android.dx.cf.code.BaseMachine::arg (36 bytes)
Event: 6.438 Thread 0x00000000083d5800 nmethod 319 0x000000000267df50 code [0x000000000267e080, 0x000000000267e118]
Event: 6.438 Thread 0x00000000083d5800  320             com.android.dx.cf.code.LocalVariableList::pcAndIndexToLocal (51 bytes)
Event: 6.441 Thread 0x00000000083d5800 nmethod 320 0x0000000002684790 code [0x00000000026848e0, 0x0000000002684b18]
Event: 6.441 Thread 0x00000000083d5800  321   !         com.android.dx.cf.code.BytecodeArray::parseInstruction (2764 bytes)

GC Heap History (2 events):
Event: 4.290 GC heap before
{Heap before GC invocations=1 (full 0):
 PSYoungGen      total 38400K, used 33280K [0x00000000eaa80000, 0x00000000ed500000, 0x0000000100000000)
  eden space 33280K, 100% used [0x00000000eaa80000,0x00000000ecb00000,0x00000000ecb00000)
  from space 5120K, 0% used [0x00000000ed000000,0x00000000ed000000,0x00000000ed500000)
  to   space 5120K, 0% used [0x00000000ecb00000,0x00000000ecb00000,0x00000000ed000000)
 ParOldGen       total 86528K, used 0K [0x00000000c0000000, 0x00000000c5480000, 0x00000000eaa80000)
  object space 86528K, 0% used [0x00000000c0000000,0x00000000c0000000,0x00000000c5480000)
 PSPermGen       total 21504K, used 5827K [0x00000000bae00000, 0x00000000bc300000, 0x00000000c0000000)
  object space 21504K, 27% used [0x00000000bae00000,0x00000000bb3b0dd8,0x00000000bc300000)
Event: 5.141 GC heap after
Heap after GC invocations=1 (full 0):
 PSYoungGen      total 38400K, used 5091K [0x00000000eaa80000, 0x00000000ed500000, 0x0000000100000000)
  eden space 33280K, 0% used [0x00000000eaa80000,0x00000000eaa80000,0x00000000ecb00000)
  from space 5120K, 99% used [0x00000000ecb00000,0x00000000ecff8d40,0x00000000ed000000)
  to   space 5120K, 0% used [0x00000000ed000000,0x00000000ed000000,0x00000000ed500000)
 ParOldGen       total 86528K, used 1431K [0x00000000c0000000, 0x00000000c5480000, 0x00000000eaa80000)
  object space 86528K, 1% used [0x00000000c0000000,0x00000000c0165ca0,0x00000000c5480000)
 PSPermGen       total 21504K, used 5827K [0x00000000bae00000, 0x00000000bc300000, 0x00000000c0000000)
  object space 21504K, 27% used [0x00000000bae00000,0x00000000bb3b0dd8,0x00000000bc300000)
}

Deoptimization events (10 events):
Event: 6.394 Thread 0x0000000009e96800 Uncommon trap: reason=bimorphic action=maybe_recompile pc=0x00000000027712cc method=com.android.dx.ssa.LiteralOpUpgrader.tryReplacingWithConstant(Lcom/android/dx/ssa/NormalSsaInsn;)Z @ 62
Event: 6.401 Thread 0x000000000234d800 Uncommon trap: reason=class_check action=maybe_recompile pc=0x00000000026b5340 method=java.util.HashMap.put(Ljava/lang/Object;Ljava/lang/Object;)Ljava/lang/Object; @ 83
Event: 6.401 Thread 0x000000000234d800 Uncommon trap: reason=class_check action=maybe_recompile pc=0x00000000026b5340 method=java.util.HashMap.put(Ljava/lang/Object;Ljava/lang/Object;)Ljava/lang/Object; @ 83
Event: 6.413 Thread 0x000000000234d800 Uncommon trap: reason=class_check action=maybe_recompile pc=0x00000000026b5340 method=java.util.HashMap.put(Ljava/lang/Object;Ljava/lang/Object;)Ljava/lang/Object; @ 83
Event: 6.416 Thread 0x000000000234d800 Uncommon trap: reason=bimorphic action=maybe_recompile pc=0x0000000002778f84 method=com.android.dx.ssa.LiteralOpUpgrader.tryReplacingWithConstant(Lcom/android/dx/ssa/NormalSsaInsn;)Z @ 62
Event: 6.424 Thread 0x0000000009de8800 Uncommon trap: reason=null_check action=make_not_entrant pc=0x00000000026bf3f8 method=com.android.dx.ssa.SsaRenamer.getLocalForNewReg(I)Lcom/android/dx/rop/code/LocalItem; @ 19
Event: 6.453 Thread 0x000000000a075800 Uncommon trap: reason=class_check action=maybe_recompile pc=0x000000000272dde4 method=com.android.dx.ssa.SCCP.simulatePhi(Lcom/android/dx/ssa/PhiInsn;)V @ 124
Event: 6.453 Thread 0x000000000a075800 Uncommon trap: reason=class_check action=maybe_recompile pc=0x000000000272dde4 method=com.android.dx.ssa.SCCP.simulatePhi(Lcom/android/dx/ssa/PhiInsn;)V @ 124
Event: 6.453 Thread 0x000000000a075800 Uncommon trap: reason=class_check action=maybe_recompile pc=0x000000000272dde4 method=com.android.dx.ssa.SCCP.simulatePhi(Lcom/android/dx/ssa/PhiInsn;)V @ 124
Event: 6.453 Thread 0x000000000a075800 Uncommon trap: reason=class_check action=maybe_recompile pc=0x000000000272dde4 method=com.android.dx.ssa.SCCP.simulatePhi(Lcom/android/dx/ssa/PhiInsn;)V @ 124

Internal exceptions (10 events):
Event: 0.887 Thread 0x000000000a017000 Threw 0x00000000eb66fe98 at C:\re\jdk7u79\2331\hotspot\src\share\vm\prims\jvm.cpp:1304
Event: 0.909 Thread 0x0000000009de8800 Threw 0x00000000eb646db8 at C:\re\jdk7u79\2331\hotspot\src\share\vm\prims\jvm.cpp:1304
Event: 1.116 Thread 0x000000000234d800 Threw 0x00000000eb7cc768 at C:\re\jdk7u79\2331\hotspot\src\share\vm\prims\jvm.cpp:1304
Event: 1.160 Thread 0x000000000a075800 Implicit null exception at 0x0000000002684277 to 0x000000000268464d
Event: 1.507 Thread 0x000000000234d800 Threw 0x00000000ebd672d8 at C:\re\jdk7u79\2331\hotspot\src\share\vm\prims\jvm.cpp:1304
Event: 1.582 Thread 0x0000000009e96800 Threw 0x00000000ebf1d890 at C:\re\jdk7u79\2331\hotspot\src\share\vm\prims\jvm.cpp:1304
Event: 2.439 Thread 0x0000000009e96800 Implicit null exception at 0x00000000026b61ba to 0x00000000026b739d
Event: 5.200 Thread 0x000000000234d800 Threw 0x00000000eacaec78 at C:\re\jdk7u79\2331\hotspot\src\share\vm\prims\jvm.cpp:1304
Event: 5.573 Thread 0x0000000009e96800 Implicit null exception at 0x00000000026ad012 to 0x00000000026ad105
Event: 6.424 Thread 0x0000000009de8800 Implicit null exception at 0x00000000026bdf0e to 0x00000000026bf3cd

Events (10 events):
Event: 6.453 Thread 0x000000000a075800 DEOPT UNPACKING pc=0x00000000026375a4 sp=0x000000000a63ed18 mode 2
Event: 6.453 Thread 0x000000000a075800 Uncommon trap: trap_request=0xffffffde fr.pc=0x000000000272dde4
Event: 6.453 Thread 0x000000000a075800 DEOPT PACKING pc=0x000000000272dde4 sp=0x000000000a63ed80
Event: 6.453 Thread 0x000000000a075800 DEOPT UNPACKING pc=0x00000000026375a4 sp=0x000000000a63ed18 mode 2
Event: 6.453 Thread 0x000000000a075800 Uncommon trap: trap_request=0xffffffde fr.pc=0x000000000272dde4
Event: 6.453 Thread 0x000000000a075800 DEOPT PACKING pc=0x000000000272dde4 sp=0x000000000a63edf0
Event: 6.453 Thread 0x000000000a075800 DEOPT UNPACKING pc=0x00000000026375a4 sp=0x000000000a63ed88 mode 2
Event: 6.453 Thread 0x000000000a075800 Uncommon trap: trap_request=0xffffffde fr.pc=0x000000000272dde4
Event: 6.453 Thread 0x000000000a075800 DEOPT PACKING pc=0x000000000272dde4 sp=0x000000000a63edf0
Event: 6.453 Thread 0x000000000a075800 DEOPT UNPACKING pc=0x00000000026375a4 sp=0x000000000a63ed88 mode 2


Dynamic libraries:
0x00007ff730280000 - 0x00007ff7302b3000 	C:\Program Files\Java\jdk1.7.0_79\bin\java.exe
0x00007ffb83540000 - 0x00007ffb83701000 	C:\WINDOWS\SYSTEM32\ntdll.dll
0x00007ffb82940000 - 0x00007ffb829ed000 	C:\WINDOWS\system32\KERNEL32.DLL
0x00007ffb80a30000 - 0x00007ffb80c0d000 	C:\WINDOWS\system32\KERNELBASE.dll
0x00007ffb83490000 - 0x00007ffb83536000 	C:\WINDOWS\system32\ADVAPI32.dll
0x00007ffb828a0000 - 0x00007ffb8293d000 	C:\WINDOWS\system32\msvcrt.dll
0x00007ffb83140000 - 0x00007ffb8319b000 	C:\WINDOWS\system32\sechost.dll
0x00007ffb82fb0000 - 0x00007ffb830d6000 	C:\WINDOWS\system32\RPCRT4.dll
0x00007ffb80dc0000 - 0x00007ffb80f0e000 	C:\WINDOWS\system32\USER32.dll
0x00007ffb80f90000 - 0x00007ffb81116000 	C:\WINDOWS\system32\GDI32.dll
0x00007ffb763f0000 - 0x00007ffb76664000 	C:\WINDOWS\WinSxS\amd64_microsoft.windows.common-controls_6595b64144ccf1df_6.0.10240.16384_none_f41f7b285750ef43\COMCTL32.dll
0x00007ffb82f70000 - 0x00007ffb82fa6000 	C:\WINDOWS\system32\IMM32.DLL
0x00007ffb829f0000 - 0x00007ffb82b4c000 	C:\WINDOWS\system32\MSCTF.dll
0x00000000602a0000 - 0x0000000060372000 	C:\Program Files\Java\jdk1.7.0_79\jre\bin\msvcr100.dll
0x0000000060660000 - 0x0000000060e35000 	C:\Program Files\Java\jdk1.7.0_79\jre\bin\server\jvm.dll
0x00007ffb82c00000 - 0x00007ffb82c08000 	C:\WINDOWS\system32\PSAPI.DLL
0x00007ffb6f760000 - 0x00007ffb6f769000 	C:\WINDOWS\SYSTEM32\WSOCK32.dll
0x00007ffb81130000 - 0x00007ffb81199000 	C:\WINDOWS\system32\WS2_32.dll
0x00007ffb81120000 - 0x00007ffb81128000 	C:\WINDOWS\system32\NSI.dll
0x00007ffb7e410000 - 0x00007ffb7e433000 	C:\WINDOWS\SYSTEM32\WINMM.dll
0x00007ffb7e290000 - 0x00007ffb7e2bc000 	C:\WINDOWS\SYSTEM32\WINMMBASE.dll
0x00007ffb80010000 - 0x00007ffb80054000 	C:\WINDOWS\system32\cfgmgr32.dll
0x00007ffb7e900000 - 0x00007ffb7e927000 	C:\WINDOWS\SYSTEM32\DEVOBJ.dll
0x0000000060fd0000 - 0x0000000060fdf000 	C:\Program Files\Java\jdk1.7.0_79\jre\bin\verify.dll
0x0000000060fa0000 - 0x0000000060fc8000 	C:\Program Files\Java\jdk1.7.0_79\jre\bin\java.dll
0x0000000060f80000 - 0x0000000060f95000 	C:\Program Files\Java\jdk1.7.0_79\jre\bin\zip.dll
0x0000000060f60000 - 0x0000000060f7a000 	C:\Program Files\Java\jdk1.7.0_79\jre\bin\net.dll
0x00007ffb7f7e0000 - 0x00007ffb7f83d000 	C:\WINDOWS\system32\mswsock.dll
0x0000000060f40000 - 0x0000000060f51000 	C:\Program Files\Java\jdk1.7.0_79\jre\bin\nio.dll

VM Arguments:
jvm_args: -Djava.awt.headless=true -Xmx1024M -Dfile.encoding=windows-1252 -Duser.country=US -Duser.language=en -Duser.variant 
java_command: com.android.dx.command.Main --dex --num-threads=4 --output C:\Users\Christopher\Documents\Hackathons\Pearson\Code\HandUp\app\build\intermediates\pre-dexed\debug\commons-lang3-3.2.1_6ff31cb397d70ad890bd10fac281e50860af1d75.jar C:\Users\Christopher\Documents\Hackathons\Pearson\Code\HandUp\app\libs\commons-lang3-3.2.1.jar
Launcher Type: SUN_STANDARD

Environment Variables:
JAVA_HOME=C:\Program Files\Java\jdk1.7.0_79
PATH=C:\Program Files (x86)\Lenovo\FusionEngine;C:\Program Files (x86)\Intel\iCLS Client\;C:\Program Files\Intel\iCLS Client\;C:\windows\system32;C:\windows;C:\windows\System32\Wbem;C:\windows\System32\WindowsPowerShell\v1.0\;C:\Program Files\Intel\Intel(R) Management Engine Components\DAL;C:\Program Files\Intel\Intel(R) Management Engine Components\IPT;C:\Program Files (x86)\Intel\Intel(R) Management Engine Components\DAL;C:\Program Files (x86)\Intel\Intel(R) Management Engine Components\IPT;C:\Program Files\Intel\WiFi\bin\;C:\Program Files\Common Files\Intel\WirelessCommon\;C:\Program Files (x86)\Lenovo\Motion Control\;C:\Program Files (x86)\SlikSvn\bin;C:\Program Files (x86)\PharosSystems\Core;C:\Program Files (x86)\MiKTeX 2.9\miktex\bin\;C:\Program Files (x86)\Git\cmd;C:\Program Files (x86)\Git\bin;C:\Program Files\Microsoft SQL Server\120\Tools\Binn\;C:\Program Files\Microsoft SQL Server\110\Tools\Binn\;C:\Program Files (x86)\CloudFoundry;C:\Program Files (x86)\Java\jdk1.8.0_20\bin;C:\ProgramData\Oracle\Java\javapath;C:\WINDOWS\system32;C:\WINDOWS;C:\WINDOWS\System32\Wbem;C:\WINDOWS\System32\WindowsPowerShell\v1.0\;C:\Program Files\nodejs\;USERPROFILE\.dnx\bin;C:\Program Files\Microsoft DNX\Dnvm\;C:\Program Files (x86)\Windows Kits\8.1\Windows Performance Toolkit\;C:\Program Files (x86)\Skype\Phone\;C:\windows\system32\config\systemprofile\.dnx\bin;C:\Ruby21-x64\bin;C:\Python27;C:\Users\Christopher\AppData\Roaming\npm;C:\Program Files\Apache-Maven\apache-maven-3.3.9\bin
USERNAME=Christopher
OS=Windows_NT
PROCESSOR_IDENTIFIER=Intel64 Family 6 Model 69 Stepping 1, GenuineIntel



---------------  S Y S T E M  ---------------

OS: Windows 8.1 , 64 bit Build 9600 

CPU:total 4 (2 cores per cpu, 2 threads per core) family 6 model 69 stepping 1, cmov, cx8, fxsr, mmx, sse, sse2, sse3, ssse3, sse4.1, sse4.2, popcnt, avx, avx2, aes, erms, ht, tsc, tscinvbit

Memory: 4k page, physical 8298776k(416620k free), swap 14931712k(10320k free)

vm_info: Java HotSpot(TM) 64-Bit Server VM (24.79-b02) for windows-amd64 JRE (1.7.0_79-b15), built on Apr 10 2015 12:36:16 by "java_re" with unknown MS VC++:1600

time: Tue Dec 29 18:45:43 2015
elapsed time: 6 seconds

