#
# There is insufficient memory for the Java Runtime Environment to continue.
# Native memory allocation (malloc) failed to allocate 32744 bytes for ChunkPool::allocate
# Possible reasons:
#   The system is out of physical RAM or swap space
#   In 32 bit mode, the process size limit was hit
# Possible solutions:
#   Reduce memory load on the system
#   Increase physical memory or swap space
#   Check if swap backing store is full
#   Use 64 bit Java on a 64 bit OS
#   Decrease Java heap size (-Xmx/-Xms)
#   Decrease number of Java threads
#   Decrease Java thread stack sizes (-Xss)
#   Set larger code cache with -XX:ReservedCodeCacheSize=
# This output file may be truncated or incomplete.
#
#  Out of Memory Error (allocation.cpp:211), pid=13976, tid=14228
#
# JRE version: Java(TM) SE Runtime Environment (7.0_79-b15) (build 1.7.0_79-b15)
# Java VM: Java HotSpot(TM) 64-Bit Server VM (24.79-b02 mixed mode windows-amd64 compressed oops)
# Failed to write core dump. Minidumps are not enabled by default on client versions of Windows
#

---------------  T H R E A D  ---------------

Current thread (0x00000000025ed800):  JavaThread "main" [_thread_in_vm, id=14228, stack(0x00000000024a0000,0x00000000025a0000)]

Stack: [0x00000000024a0000,0x00000000025a0000]
[error occurred during error reporting (printing stack bounds), id 0xc0000005]

Java frames: (J=compiled Java code, j=interpreted, Vv=VM code)
j  com.android.dx.command.Main.main([Ljava/lang/String;)V+61
v  ~StubRoutines::call_stub

---------------  P R O C E S S  ---------------

Java Threads: ( => current thread )
  0x00000000084d7800 JavaThread "Service Thread" daemon [_thread_blocked, id=11568, stack(0x0000000009c40000,0x0000000009d40000)]
  0x00000000084d1800 JavaThread "C2 CompilerThread1" daemon [_thread_blocked, id=13816, stack(0x0000000009b40000,0x0000000009c40000)]
  0x00000000084c7800 JavaThread "C2 CompilerThread0" daemon [_thread_blocked, id=12444, stack(0x0000000009a40000,0x0000000009b40000)]
  0x00000000084c6800 JavaThread "Attach Listener" daemon [_thread_blocked, id=10044, stack(0x0000000009940000,0x0000000009a40000)]
  0x00000000084c3000 JavaThread "Signal Dispatcher" daemon [_thread_blocked, id=14288, stack(0x0000000009840000,0x0000000009940000)]
  0x000000000848f800 JavaThread "Finalizer" daemon [_thread_blocked, id=13576, stack(0x0000000009740000,0x0000000009840000)]
  0x0000000008486000 JavaThread "Reference Handler" daemon [_thread_blocked, id=13848, stack(0x0000000009640000,0x0000000009740000)]
=>0x00000000025ed800 JavaThread "main" [_thread_in_vm, id=14228, stack(0x00000000024a0000,0x00000000025a0000)]

Other Threads:
  0x0000000008482000 VMThread [stack: 0x0000000009540000,0x0000000009640000] [id=6128]
  0x00000000084e6000 WatcherThread [stack: 0x0000000009d40000,0x0000000009e40000] [id=14268]

VM state:not at safepoint (normal execution)

VM Mutex/Monitor currently owned by a thread: None

Heap
 PSYoungGen      total 38400K, used 1331K [0x00000000eaa80000, 0x00000000ed500000, 0x0000000100000000)
  eden space 33280K, 4% used [0x00000000eaa80000,0x00000000eabccdb8,0x00000000ecb00000)
  from space 5120K, 0% used [0x00000000ed000000,0x00000000ed000000,0x00000000ed500000)
  to   space 5120K, 0% used [0x00000000ecb00000,0x00000000ecb00000,0x00000000ed000000)
 ParOldGen       total 86528K, used 0K [0x00000000c0000000, 0x00000000c5480000, 0x00000000eaa80000)
  object space 86528K, 0% used [0x00000000c0000000,0x00000000c0000000,0x00000000c5480000)
 PSPermGen       total 21504K, used 2785K [0x00000000bae00000, 0x00000000bc300000, 0x00000000c0000000)
  object space 21504K, 12% used [0x00000000bae00000,0x00000000bb0b8650,0x00000000bc300000)

Card table byte_map: [0x00000000056f0000,0x0000000005920000] byte_map_base: 0x0000000005119000

Polling page: 0x0000000000bf0000

Code Cache  [0x00000000026f0000, 0x0000000002960000, 0x00000000056f0000)
 total_blobs=169 nmethods=0 adapters=137 free_code_cache=48772Kb largest_free_block=49942592

Compilation events (0 events):
No events

GC Heap History (0 events):
No events

Deoptimization events (0 events):
No events

Internal exceptions (10 events):
Event: 0.039 Thread 0x00000000025ed800 Threw 0x00000000eaa8ac00 at C:\re\jdk7u79\2331\hotspot\src\share\vm\prims\jni.cpp:3991
Event: 0.126 Thread 0x00000000025ed800 Threw 0x00000000eaace308 at C:\re\jdk7u79\2331\hotspot\src\share\vm\prims\jvm.cpp:1304
Event: 0.141 Thread 0x00000000025ed800 Threw 0x00000000eaadf730 at C:\re\jdk7u79\2331\hotspot\src\share\vm\prims\jvm.cpp:1304
Event: 0.142 Thread 0x00000000025ed800 Threw 0x00000000eaae3668 at C:\re\jdk7u79\2331\hotspot\src\share\vm\prims\jvm.cpp:1304
Event: 0.143 Thread 0x00000000025ed800 Threw 0x00000000eaafc5e0 at C:\re\jdk7u79\2331\hotspot\src\share\vm\prims\jvm.cpp:1304
Event: 0.144 Thread 0x00000000025ed800 Threw 0x00000000eaafe810 at C:\re\jdk7u79\2331\hotspot\src\share\vm\prims\jvm.cpp:1304
Event: 0.144 Thread 0x00000000025ed800 Threw 0x00000000eab02f78 at C:\re\jdk7u79\2331\hotspot\src\share\vm\prims\jvm.cpp:1304
Event: 0.146 Thread 0x00000000025ed800 Threw 0x00000000eab14ec8 at C:\re\jdk7u79\2331\hotspot\src\share\vm\prims\jvm.cpp:1304
Event: 0.146 Thread 0x00000000025ed800 Threw 0x00000000eab16ed8 at C:\re\jdk7u79\2331\hotspot\src\share\vm\prims\jvm.cpp:1304
Event: 0.147 Thread 0x00000000025ed800 Threw 0x00000000eab1a800 at C:\re\jdk7u79\2331\hotspot\src\share\vm\prims\jvm.cpp:1304

Events (10 events):
Event: 0.146 loading class 0x00000000026383e0
Event: 0.146 loading class 0x00000000026383e0 done
Event: 0.146 loading class 0x00000000026477d0
Event: 0.146 loading class 0x00000000026477d0 done
Event: 0.146 loading class 0x0000000008514bd0
Event: 0.146 loading class 0x0000000008514bd0 done
Event: 0.146 loading class 0x000000000851f330
Event: 0.146 loading class 0x000000000851f330 done
Event: 0.147 loading class 0x00000000084fa4a0
Event: 0.147 loading class 0x00000000084fa4a0 done


Dynamic libraries:
0x00007ff730280000 - 0x00007ff7302b3000 	C:\Program Files\Java\jdk1.7.0_79\bin\java.exe
0x00007ffb83540000 - 0x00007ffb83701000 	C:\WINDOWS\SYSTEM32\ntdll.dll
0x00007ffb82940000 - 0x00007ffb829ed000 	C:\WINDOWS\system32\KERNEL32.DLL
0x00007ffb80a30000 - 0x00007ffb80c0d000 	C:\WINDOWS\system32\KERNELBASE.dll
0x00007ffb83490000 - 0x00007ffb83536000 	C:\WINDOWS\system32\ADVAPI32.dll
0x00007ffb828a0000 - 0x00007ffb8293d000 	C:\WINDOWS\system32\msvcrt.dll
0x00007ffb83140000 - 0x00007ffb8319b000 	C:\WINDOWS\system32\sechost.dll
0x00007ffb82fb0000 - 0x00007ffb830d6000 	C:\WINDOWS\system32\RPCRT4.dll
0x00007ffb80dc0000 - 0x00007ffb80f0e000 	C:\WINDOWS\system32\USER32.dll
0x00007ffb80f90000 - 0x00007ffb81116000 	C:\WINDOWS\system32\GDI32.dll
0x00007ffb763f0000 - 0x00007ffb76664000 	C:\WINDOWS\WinSxS\amd64_microsoft.windows.common-controls_6595b64144ccf1df_6.0.10240.16384_none_f41f7b285750ef43\COMCTL32.dll
0x00007ffb82f70000 - 0x00007ffb82fa6000 	C:\WINDOWS\system32\IMM32.DLL
0x00007ffb829f0000 - 0x00007ffb82b4c000 	C:\WINDOWS\system32\MSCTF.dll
0x00000000602a0000 - 0x0000000060372000 	C:\Program Files\Java\jdk1.7.0_79\jre\bin\msvcr100.dll
0x0000000060660000 - 0x0000000060e35000 	C:\Program Files\Java\jdk1.7.0_79\jre\bin\server\jvm.dll
0x00007ffb82c00000 - 0x00007ffb82c08000 	C:\WINDOWS\system32\PSAPI.DLL
0x00007ffb6f760000 - 0x00007ffb6f769000 	C:\WINDOWS\SYSTEM32\WSOCK32.dll
0x00007ffb81130000 - 0x00007ffb81199000 	C:\WINDOWS\system32\WS2_32.dll
0x00007ffb81120000 - 0x00007ffb81128000 	C:\WINDOWS\system32\NSI.dll
0x00007ffb7e410000 - 0x00007ffb7e433000 	C:\WINDOWS\SYSTEM32\WINMM.dll
0x00007ffb7e290000 - 0x00007ffb7e2bc000 	C:\WINDOWS\SYSTEM32\WINMMBASE.dll
0x00007ffb80010000 - 0x00007ffb80054000 	C:\WINDOWS\system32\cfgmgr32.dll
0x00007ffb7e900000 - 0x00007ffb7e927000 	C:\WINDOWS\SYSTEM32\DEVOBJ.dll
0x0000000060fd0000 - 0x0000000060fdf000 	C:\Program Files\Java\jdk1.7.0_79\jre\bin\verify.dll
0x0000000060fa0000 - 0x0000000060fc8000 	C:\Program Files\Java\jdk1.7.0_79\jre\bin\java.dll
0x0000000060f80000 - 0x0000000060f95000 	C:\Program Files\Java\jdk1.7.0_79\jre\bin\zip.dll

VM Arguments:
jvm_args: -Djava.awt.headless=true -Xmx1024M -Dfile.encoding=windows-1252 -Duser.country=US -Duser.language=en -Duser.variant 
java_command: com.android.dx.command.Main --dex --num-threads=4 --output C:\Users\Christopher\Documents\Hackathons\Pearson\Code\HandUp\app\build\intermediates\pre-dexed\debug\com.android.support-appcompat-v7-23.1.1_cb845ab9f79843591117b34c359f5a20674d167d.jar C:\Users\Christopher\Documents\Hackathons\Pearson\Code\HandUp\app\build\intermediates\exploded-aar\com.android.support\appcompat-v7\23.1.1\jars\classes.jar
Launcher Type: SUN_STANDARD

Environment Variables:
JAVA_HOME=C:\Program Files\Java\jdk1.7.0_79
PATH=C:\Program Files (x86)\Lenovo\FusionEngine;C:\Program Files (x86)\Intel\iCLS Client\;C:\Program Files\Intel\iCLS Client\;C:\windows\system32;C:\windows;C:\windows\System32\Wbem;C:\windows\System32\WindowsPowerShell\v1.0\;C:\Program Files\Intel\Intel(R) Management Engine Components\DAL;C:\Program Files\Intel\Intel(R) Management Engine Components\IPT;C:\Program Files (x86)\Intel\Intel(R) Management Engine Components\DAL;C:\Program Files (x86)\Intel\Intel(R) Management Engine Components\IPT;C:\Program Files\Intel\WiFi\bin\;C:\Program Files\Common Files\Intel\WirelessCommon\;C:\Program Files (x86)\Lenovo\Motion Control\;C:\Program Files (x86)\SlikSvn\bin;C:\Program Files (x86)\PharosSystems\Core;C:\Program Files (x86)\MiKTeX 2.9\miktex\bin\;C:\Program Files (x86)\Git\cmd;C:\Program Files (x86)\Git\bin;C:\Program Files\Microsoft SQL Server\120\Tools\Binn\;C:\Program Files\Microsoft SQL Server\110\Tools\Binn\;C:\Program Files (x86)\CloudFoundry;C:\Program Files (x86)\Java\jdk1.8.0_20\bin;C:\ProgramData\Oracle\Java\javapath;C:\WINDOWS\system32;C:\WINDOWS;C:\WINDOWS\System32\Wbem;C:\WINDOWS\System32\WindowsPowerShell\v1.0\;C:\Program Files\nodejs\;USERPROFILE\.dnx\bin;C:\Program Files\Microsoft DNX\Dnvm\;C:\Program Files (x86)\Windows Kits\8.1\Windows Performance Toolkit\;C:\Program Files (x86)\Skype\Phone\;C:\windows\system32\config\systemprofile\.dnx\bin;C:\Ruby21-x64\bin;C:\Python27;C:\Users\Christopher\AppData\Roaming\npm;C:\Program Files\Apache-Maven\apache-maven-3.3.9\bin
USERNAME=Christopher
OS=Windows_NT
PROCESSOR_IDENTIFIER=Intel64 Family 6 Model 69 Stepping 1, GenuineIntel



---------------  S Y S T E M  ---------------

OS: Windows 8.1 , 64 bit Build 9600 

CPU:total 4 (2 cores per cpu, 2 threads per core) family 6 model 69 stepping 1, cmov, cx8, fxsr, mmx, sse, sse2, sse3, ssse3, sse4.1, sse4.2, popcnt, avx, avx2, aes, erms, ht, tsc, tscinvbit

Memory: 4k page, physical 8298776k(899920k free), swap 14931712k(3316k free)

vm_info: Java HotSpot(TM) 64-Bit Server VM (24.79-b02) for windows-amd64 JRE (1.7.0_79-b15), built on Apr 10 2015 12:36:16 by "java_re" with unknown MS VC++:1600

time: Tue Dec 29 18:52:02 2015
elapsed time: 0 seconds

