#
# There is insufficient memory for the Java Runtime Environment to continue.
# Native memory allocation (malloc) failed to allocate 329776 bytes for Chunk::new
# Possible reasons:
#   The system is out of physical RAM or swap space
#   In 32 bit mode, the process size limit was hit
# Possible solutions:
#   Reduce memory load on the system
#   Increase physical memory or swap space
#   Check if swap backing store is full
#   Use 64 bit Java on a 64 bit OS
#   Decrease Java heap size (-Xmx/-Xms)
#   Decrease number of Java threads
#   Decrease Java thread stack sizes (-Xss)
#   Set larger code cache with -XX:ReservedCodeCacheSize=
# This output file may be truncated or incomplete.
#
#  Out of Memory Error (allocation.cpp:323), pid=14264, tid=14148
#
# JRE version: Java(TM) SE Runtime Environment (7.0_79-b15) (build 1.7.0_79-b15)
# Java VM: Java HotSpot(TM) 64-Bit Server VM (24.79-b02 mixed mode windows-amd64 compressed oops)
# Failed to write core dump. Minidumps are not enabled by default on client versions of Windows
#

---------------  T H R E A D  ---------------

Current thread (0x0000000008957000):  JavaThread "C2 CompilerThread1" daemon [_thread_in_native, id=14148, stack(0x0000000009fd0000,0x000000000a0d0000)]

Stack: [0x0000000009fd0000,0x000000000a0d0000]
[error occurred during error reporting (printing stack bounds), id 0xc0000005]


Current CompileTask:
C2:   7065  477   !         com.android.dx.cf.code.BytecodeArray::parseInstruction (2764 bytes)


---------------  P R O C E S S  ---------------

Java Threads: ( => current thread )
  0x000000000a514800 JavaThread "pool-1-thread-4" [_thread_in_Java, id=11872, stack(0x000000000aad0000,0x000000000abd0000)]
  0x000000000a511800 JavaThread "pool-1-thread-3" [_thread_blocked, id=5548, stack(0x000000000a9d0000,0x000000000aad0000)]
  0x000000000a370800 JavaThread "pool-1-thread-2" [_thread_blocked, id=5344, stack(0x000000000a8d0000,0x000000000a9d0000)]
  0x000000000a32e800 JavaThread "pool-2-thread-1" [_thread_blocked, id=13740, stack(0x000000000a7d0000,0x000000000a8d0000)]
  0x000000000a607000 JavaThread "pool-1-thread-1" [_thread_in_Java, id=13472, stack(0x000000000a6d0000,0x000000000a7d0000)]
  0x0000000008969000 JavaThread "Service Thread" daemon [_thread_blocked, id=14136, stack(0x000000000a0d0000,0x000000000a1d0000)]
=>0x0000000008957000 JavaThread "C2 CompilerThread1" daemon [_thread_in_native, id=14148, stack(0x0000000009fd0000,0x000000000a0d0000)]
  0x0000000008955000 JavaThread "C2 CompilerThread0" daemon [_thread_blocked, id=14032, stack(0x0000000009ed0000,0x0000000009fd0000)]
  0x0000000008954000 JavaThread "Attach Listener" daemon [_thread_blocked, id=9536, stack(0x0000000009dd0000,0x0000000009ed0000)]
  0x0000000008951000 JavaThread "Signal Dispatcher" daemon [_thread_blocked, id=13676, stack(0x0000000009cd0000,0x0000000009dd0000)]
  0x000000000891f800 JavaThread "Finalizer" daemon [_thread_blocked, id=14160, stack(0x0000000009bd0000,0x0000000009cd0000)]
  0x0000000008916000 JavaThread "Reference Handler" daemon [_thread_blocked, id=13704, stack(0x0000000009ad0000,0x0000000009bd0000)]
  0x0000000000fad800 JavaThread "main" [_thread_blocked, id=13956, stack(0x00000000028c0000,0x00000000029c0000)]

Other Threads:
  0x0000000008912000 VMThread [stack: 0x00000000099d0000,0x0000000009ad0000] [id=13772]
  0x0000000008973800 WatcherThread [stack: 0x000000000a1d0000,0x000000000a2d0000] [id=13792]

VM state:not at safepoint (normal execution)

VM Mutex/Monitor currently owned by a thread: None

Heap
 PSYoungGen      total 71680K, used 54688K [0x00000000eaa80000, 0x00000000ef580000, 0x0000000100000000)
  eden space 66560K, 74% used [0x00000000eaa80000,0x00000000edaee6b0,0x00000000eeb80000)
  from space 5120K, 99% used [0x00000000ef080000,0x00000000ef579ce8,0x00000000ef580000)
  to   space 5120K, 0% used [0x00000000eeb80000,0x00000000eeb80000,0x00000000ef080000)
 ParOldGen       total 86528K, used 5790K [0x00000000c0000000, 0x00000000c5480000, 0x00000000eaa80000)
  object space 86528K, 6% used [0x00000000c0000000,0x00000000c05a78d0,0x00000000c5480000)
 PSPermGen       total 21504K, used 5900K [0x00000000bae00000, 0x00000000bc300000, 0x00000000c0000000)
  object space 21504K, 27% used [0x00000000bae00000,0x00000000bb3c3388,0x00000000bc300000)

Card table byte_map: [0x0000000005b80000,0x0000000005db0000] byte_map_base: 0x00000000055a9000

Polling page: 0x0000000000f50000

Code Cache  [0x0000000002ac0000, 0x0000000002d30000, 0x0000000005ac0000)
 total_blobs=712 nmethods=475 adapters=189 free_code_cache=47137Kb largest_free_block=48227712

Compilation events (10 events):
Event: 6.834 Thread 0x0000000008957000 nmethod 473 0x0000000002cb2150 code [0x0000000002cb22a0, 0x0000000002cb2318]
Event: 6.835 Thread 0x0000000008955000  474             java.util.BitSet::checkRange (104 bytes)
Event: 6.835 Thread 0x0000000008957000  475             java.util.BitSet::set (124 bytes)
Event: 6.836 Thread 0x0000000008955000 nmethod 474 0x0000000002cb4fd0 code [0x0000000002cb5100, 0x0000000002cb5178]
Event: 6.843 Thread 0x0000000008955000  476             java.io.DataInputStream::readUnsignedShort (39 bytes)
Event: 6.844 Thread 0x0000000008957000 nmethod 475 0x0000000002cb4510 code [0x0000000002cb4680, 0x0000000002cb4bf8]
Event: 6.845 Thread 0x0000000008957000  477   !         com.android.dx.cf.code.BytecodeArray::parseInstruction (2764 bytes)
Event: 6.846 Thread 0x0000000008955000 nmethod 476 0x0000000002cb3f10 code [0x0000000002cb4060, 0x0000000002cb4218]
Event: 6.850 Thread 0x0000000008955000  478             com.android.dx.rop.type.StdTypeList::withFirst (53 bytes)
Event: 6.854 Thread 0x0000000008955000 nmethod 478 0x0000000002cb3850 code [0x0000000002cb39a0, 0x0000000002cb3c38]

GC Heap History (4 events):
Event: 2.829 GC heap before
{Heap before GC invocations=1 (full 0):
 PSYoungGen      total 38400K, used 33280K [0x00000000eaa80000, 0x00000000ed500000, 0x0000000100000000)
  eden space 33280K, 100% used [0x00000000eaa80000,0x00000000ecb00000,0x00000000ecb00000)
  from space 5120K, 0% used [0x00000000ed000000,0x00000000ed000000,0x00000000ed500000)
  to   space 5120K, 0% used [0x00000000ecb00000,0x00000000ecb00000,0x00000000ed000000)
 ParOldGen       total 86528K, used 0K [0x00000000c0000000, 0x00000000c5480000, 0x00000000eaa80000)
  object space 86528K, 0% used [0x00000000c0000000,0x00000000c0000000,0x00000000c5480000)
 PSPermGen       total 21504K, used 5798K [0x00000000bae00000, 0x00000000bc300000, 0x00000000c0000000)
  object space 21504K, 26% used [0x00000000bae00000,0x00000000bb3a9b50,0x00000000bc300000)
Event: 2.940 GC heap after
Heap after GC invocations=1 (full 0):
 PSYoungGen      total 38400K, used 5117K [0x00000000eaa80000, 0x00000000ef580000, 0x0000000100000000)
  eden space 33280K, 0% used [0x00000000eaa80000,0x00000000eaa80000,0x00000000ecb00000)
  from space 5120K, 99% used [0x00000000ecb00000,0x00000000ecfff4a8,0x00000000ed000000)
  to   space 5120K, 0% used [0x00000000ef080000,0x00000000ef080000,0x00000000ef580000)
 ParOldGen       total 86528K, used 1375K [0x00000000c0000000, 0x00000000c5480000, 0x00000000eaa80000)
  object space 86528K, 1% used [0x00000000c0000000,0x00000000c0157db0,0x00000000c5480000)
 PSPermGen       total 21504K, used 5798K [0x00000000bae00000, 0x00000000bc300000, 0x00000000c0000000)
  object space 21504K, 26% used [0x00000000bae00000,0x00000000bb3a9b50,0x00000000bc300000)
}
Event: 5.439 GC heap before
{Heap before GC invocations=2 (full 0):
 PSYoungGen      total 38400K, used 38397K [0x00000000eaa80000, 0x00000000ef580000, 0x0000000100000000)
  eden space 33280K, 100% used [0x00000000eaa80000,0x00000000ecb00000,0x00000000ecb00000)
  from space 5120K, 99% used [0x00000000ecb00000,0x00000000ecfff4a8,0x00000000ed000000)
  to   space 5120K, 0% used [0x00000000ef080000,0x00000000ef080000,0x00000000ef580000)
 ParOldGen       total 86528K, used 1375K [0x00000000c0000000, 0x00000000c5480000, 0x00000000eaa80000)
  object space 86528K, 1% used [0x00000000c0000000,0x00000000c0157db0,0x00000000c5480000)
 PSPermGen       total 21504K, used 5862K [0x00000000bae00000, 0x00000000bc300000, 0x00000000c0000000)
  object space 21504K, 27% used [0x00000000bae00000,0x00000000bb3b9a90,0x00000000bc300000)
Event: 6.027 GC heap after
Heap after GC invocations=2 (full 0):
 PSYoungGen      total 71680K, used 5095K [0x00000000eaa80000, 0x00000000ef580000, 0x0000000100000000)
  eden space 66560K, 0% used [0x00000000eaa80000,0x00000000eaa80000,0x00000000eeb80000)
  from space 5120K, 99% used [0x00000000ef080000,0x00000000ef579ce8,0x00000000ef580000)
  to   space 5120K, 0% used [0x00000000eeb80000,0x00000000eeb80000,0x00000000ef080000)
 ParOldGen       total 86528K, used 5790K [0x00000000c0000000, 0x00000000c5480000, 0x00000000eaa80000)
  object space 86528K, 6% used [0x00000000c0000000,0x00000000c05a78d0,0x00000000c5480000)
 PSPermGen       total 21504K, used 5862K [0x00000000bae00000, 0x00000000bc300000, 0x00000000c0000000)
  object space 21504K, 27% used [0x00000000bae00000,0x00000000bb3b9a90,0x00000000bc300000)
}

Deoptimization events (10 events):
Event: 6.643 Thread 0x000000000a370800 Uncommon trap: reason=bimorphic action=maybe_recompile pc=0x0000000002ca9c64 method=com.android.dx.cf.code.BytecodeArray.parseInstruction(ILcom/android/dx/cf/code/BytecodeArray$Visitor;)I @ 1130
Event: 6.645 Thread 0x000000000a511800 Uncommon trap: reason=bimorphic action=maybe_recompile pc=0x0000000002ca9c64 method=com.android.dx.cf.code.BytecodeArray.parseInstruction(ILcom/android/dx/cf/code/BytecodeArray$Visitor;)I @ 1130
Event: 6.645 Thread 0x000000000a511800 Uncommon trap: reason=bimorphic action=maybe_recompile pc=0x0000000002ca9c64 method=com.android.dx.cf.code.BytecodeArray.parseInstruction(ILcom/android/dx/cf/code/BytecodeArray$Visitor;)I @ 1130
Event: 6.785 Thread 0x0000000000fad800 Uncommon trap: reason=unreached action=reinterpret pc=0x0000000002b5fd44 method=com.android.dx.rop.cst.Constant.compareTo(Lcom/android/dx/rop/cst/Constant;)I @ 12
Event: 6.792 Thread 0x000000000a370800 Uncommon trap: reason=null_check action=make_not_entrant pc=0x0000000002cb69c0 method=com.android.dx.dex.file.MethodIdsSection.intern(Lcom/android/dx/rop/cst/CstBaseMethodRef;)Lcom/android/dx/dex/file/MethodIdItem; @ 26
Event: 6.793 Thread 0x000000000a607000 Uncommon trap: reason=null_check action=make_not_entrant pc=0x0000000002cb69c0 method=com.android.dx.dex.file.MethodIdsSection.intern(Lcom/android/dx/rop/cst/CstBaseMethodRef;)Lcom/android/dx/dex/file/MethodIdItem; @ 26
Event: 6.800 Thread 0x000000000a511800 Uncommon trap: reason=unreached action=reinterpret pc=0x0000000002b9bf80 method=com.android.dx.ssa.SCCP.simulateBranch(Lcom/android/dx/ssa/SsaInsn;)V @ 132
Event: 6.801 Thread 0x000000000a511800 Uncommon trap: reason=unloaded action=reinterpret pc=0x0000000002bf4c40 method=com.android.dx.ssa.LiteralOpUpgrader$1.visitNonMoveInsn(Lcom/android/dx/ssa/NormalSsaInsn;)V @ 72
Event: 6.824 Thread 0x000000000a607000 Uncommon trap: reason=bimorphic action=maybe_recompile pc=0x0000000002be8804 method=com.android.dx.ssa.SCCP.simulatePhi(Lcom/android/dx/ssa/PhiInsn;)V @ 124
Event: 6.824 Thread 0x000000000a607000 Uncommon trap: reason=bimorphic action=maybe_recompile pc=0x0000000002be8804 method=com.android.dx.ssa.SCCP.simulatePhi(Lcom/android/dx/ssa/PhiInsn;)V @ 124

Internal exceptions (10 events):
Event: 1.120 Thread 0x000000000a370800 Threw 0x00000000eba03458 at C:\re\jdk7u79\2331\hotspot\src\share\vm\prims\jvm.cpp:1304
Event: 1.489 Thread 0x000000000a370800 Implicit null exception at 0x0000000002b4efd2 to 0x0000000002b4f0c5
Event: 2.170 Thread 0x0000000000fad800 Implicit null exception at 0x0000000002b783f5 to 0x0000000002b794d9
Event: 3.078 Thread 0x000000000a370800 Implicit null exception at 0x0000000002b7f8be to 0x0000000002b80d75
Event: 3.778 Thread 0x000000000a514800 Implicit null exception at 0x0000000002bdb38d to 0x0000000002bdd519
Event: 6.410 Thread 0x000000000a370800 Threw 0x00000000ebc79268 at C:\re\jdk7u79\2331\hotspot\src\share\vm\prims\jvm.cpp:1304
Event: 6.643 Thread 0x000000000a370800 Threw 0x00000000ec51fd48 at C:\re\jdk7u79\2331\hotspot\src\share\vm\prims\jvm.cpp:1304
Event: 6.792 Thread 0x000000000a370800 Implicit null exception at 0x0000000002cb5e64 to 0x0000000002cb69b1
Event: 6.793 Thread 0x000000000a607000 Implicit null exception at 0x0000000002cb5e64 to 0x0000000002cb69b1
Event: 6.801 Thread 0x000000000a511800 Threw 0x00000000ed2d82f8 at C:\re\jdk7u79\2331\hotspot\src\share\vm\prims\jvm.cpp:1304

Events (10 events):
Event: 6.801 loading class 0x000000000a533ad0
Event: 6.801 loading class 0x000000000a533ad0 done
Event: 6.801 Thread 0x000000000a511800 DEOPT PACKING pc=0x0000000002bf4c40 sp=0x000000000aace9c0
Event: 6.801 Thread 0x000000000a511800 DEOPT UNPACKING pc=0x0000000002af75a4 sp=0x000000000aace948 mode 2
Event: 6.824 Thread 0x000000000a607000 Uncommon trap: trap_request=0xffffffc6 fr.pc=0x0000000002be8804
Event: 6.824 Thread 0x000000000a607000 DEOPT PACKING pc=0x0000000002be8804 sp=0x000000000a7ce9e0
Event: 6.824 Thread 0x000000000a607000 DEOPT UNPACKING pc=0x0000000002af75a4 sp=0x000000000a7ce978 mode 2
Event: 6.824 Thread 0x000000000a607000 Uncommon trap: trap_request=0xffffffc6 fr.pc=0x0000000002be8804
Event: 6.824 Thread 0x000000000a607000 DEOPT PACKING pc=0x0000000002be8804 sp=0x000000000a7ce9e0
Event: 6.824 Thread 0x000000000a607000 DEOPT UNPACKING pc=0x0000000002af75a4 sp=0x000000000a7ce978 mode 2


Dynamic libraries:
0x00007ff730280000 - 0x00007ff7302b3000 	C:\Program Files\Java\jdk1.7.0_79\bin\java.exe
0x00007ffb83540000 - 0x00007ffb83701000 	C:\WINDOWS\SYSTEM32\ntdll.dll
0x00007ffb82940000 - 0x00007ffb829ed000 	C:\WINDOWS\system32\KERNEL32.DLL
0x00007ffb80a30000 - 0x00007ffb80c0d000 	C:\WINDOWS\system32\KERNELBASE.dll
0x00007ffb83490000 - 0x00007ffb83536000 	C:\WINDOWS\system32\ADVAPI32.dll
0x00007ffb828a0000 - 0x00007ffb8293d000 	C:\WINDOWS\system32\msvcrt.dll
0x00007ffb83140000 - 0x00007ffb8319b000 	C:\WINDOWS\system32\sechost.dll
0x00007ffb82fb0000 - 0x00007ffb830d6000 	C:\WINDOWS\system32\RPCRT4.dll
0x00007ffb80dc0000 - 0x00007ffb80f0e000 	C:\WINDOWS\system32\USER32.dll
0x00007ffb80f90000 - 0x00007ffb81116000 	C:\WINDOWS\system32\GDI32.dll
0x00007ffb763f0000 - 0x00007ffb76664000 	C:\WINDOWS\WinSxS\amd64_microsoft.windows.common-controls_6595b64144ccf1df_6.0.10240.16384_none_f41f7b285750ef43\COMCTL32.dll
0x00007ffb82f70000 - 0x00007ffb82fa6000 	C:\WINDOWS\system32\IMM32.DLL
0x00007ffb829f0000 - 0x00007ffb82b4c000 	C:\WINDOWS\system32\MSCTF.dll
0x00000000602a0000 - 0x0000000060372000 	C:\Program Files\Java\jdk1.7.0_79\jre\bin\msvcr100.dll
0x0000000060660000 - 0x0000000060e35000 	C:\Program Files\Java\jdk1.7.0_79\jre\bin\server\jvm.dll
0x00007ffb82c00000 - 0x00007ffb82c08000 	C:\WINDOWS\system32\PSAPI.DLL
0x00007ffb6f760000 - 0x00007ffb6f769000 	C:\WINDOWS\SYSTEM32\WSOCK32.dll
0x00007ffb7e410000 - 0x00007ffb7e433000 	C:\WINDOWS\SYSTEM32\WINMM.dll
0x00007ffb81130000 - 0x00007ffb81199000 	C:\WINDOWS\system32\WS2_32.dll
0x00007ffb81120000 - 0x00007ffb81128000 	C:\WINDOWS\system32\NSI.dll
0x0000000000fb0000 - 0x0000000000fdc000 	C:\WINDOWS\SYSTEM32\WINMMBASE.dll
0x00007ffb80010000 - 0x00007ffb80054000 	C:\WINDOWS\system32\cfgmgr32.dll
0x00007ffb7e900000 - 0x00007ffb7e927000 	C:\WINDOWS\SYSTEM32\DEVOBJ.dll
0x0000000060fd0000 - 0x0000000060fdf000 	C:\Program Files\Java\jdk1.7.0_79\jre\bin\verify.dll
0x0000000060fa0000 - 0x0000000060fc8000 	C:\Program Files\Java\jdk1.7.0_79\jre\bin\java.dll
0x0000000060f80000 - 0x0000000060f95000 	C:\Program Files\Java\jdk1.7.0_79\jre\bin\zip.dll
0x0000000060f60000 - 0x0000000060f7a000 	C:\Program Files\Java\jdk1.7.0_79\jre\bin\net.dll
0x00007ffb7f7e0000 - 0x00007ffb7f83d000 	C:\WINDOWS\system32\mswsock.dll
0x0000000060f40000 - 0x0000000060f51000 	C:\Program Files\Java\jdk1.7.0_79\jre\bin\nio.dll

VM Arguments:
jvm_args: -Djava.awt.headless=true -Xmx1024M -Dfile.encoding=windows-1252 -Duser.country=US -Duser.language=en -Duser.variant 
java_command: com.android.dx.command.Main --dex --num-threads=4 --output C:\Users\Christopher\Documents\Hackathons\Pearson\Code\HandUp\app\build\intermediates\pre-dexed\debug\log4j-1.2.17_fb1de5540d2ca2b8d7071f3c191504c71e2a3efb.jar C:\Users\Christopher\Documents\Hackathons\Pearson\Code\HandUp\app\libs\log4j-1.2.17.jar
Launcher Type: SUN_STANDARD

Environment Variables:
JAVA_HOME=C:\Program Files\Java\jdk1.7.0_79
PATH=C:\Program Files (x86)\Lenovo\FusionEngine;C:\Program Files (x86)\Intel\iCLS Client\;C:\Program Files\Intel\iCLS Client\;C:\windows\system32;C:\windows;C:\windows\System32\Wbem;C:\windows\System32\WindowsPowerShell\v1.0\;C:\Program Files\Intel\Intel(R) Management Engine Components\DAL;C:\Program Files\Intel\Intel(R) Management Engine Components\IPT;C:\Program Files (x86)\Intel\Intel(R) Management Engine Components\DAL;C:\Program Files (x86)\Intel\Intel(R) Management Engine Components\IPT;C:\Program Files\Intel\WiFi\bin\;C:\Program Files\Common Files\Intel\WirelessCommon\;C:\Program Files (x86)\Lenovo\Motion Control\;C:\Program Files (x86)\SlikSvn\bin;C:\Program Files (x86)\PharosSystems\Core;C:\Program Files (x86)\MiKTeX 2.9\miktex\bin\;C:\Program Files (x86)\Git\cmd;C:\Program Files (x86)\Git\bin;C:\Program Files\Microsoft SQL Server\120\Tools\Binn\;C:\Program Files\Microsoft SQL Server\110\Tools\Binn\;C:\Program Files (x86)\CloudFoundry;C:\Program Files (x86)\Java\jdk1.8.0_20\bin;C:\ProgramData\Oracle\Java\javapath;C:\WINDOWS\system32;C:\WINDOWS;C:\WINDOWS\System32\Wbem;C:\WINDOWS\System32\WindowsPowerShell\v1.0\;C:\Program Files\nodejs\;USERPROFILE\.dnx\bin;C:\Program Files\Microsoft DNX\Dnvm\;C:\Program Files (x86)\Windows Kits\8.1\Windows Performance Toolkit\;C:\Program Files (x86)\Skype\Phone\;C:\windows\system32\config\systemprofile\.dnx\bin;C:\Ruby21-x64\bin;C:\Python27;C:\Users\Christopher\AppData\Roaming\npm;C:\Program Files\Apache-Maven\apache-maven-3.3.9\bin
USERNAME=Christopher
OS=Windows_NT
PROCESSOR_IDENTIFIER=Intel64 Family 6 Model 69 Stepping 1, GenuineIntel



---------------  S Y S T E M  ---------------

OS: Windows 8.1 , 64 bit Build 9600 

CPU:total 4 (2 cores per cpu, 2 threads per core) family 6 model 69 stepping 1, cmov, cx8, fxsr, mmx, sse, sse2, sse3, ssse3, sse4.1, sse4.2, popcnt, avx, avx2, aes, erms, ht, tsc, tscinvbit

Memory: 4k page, physical 8298776k(776244k free), swap 14931712k(4216k free)

vm_info: Java HotSpot(TM) 64-Bit Server VM (24.79-b02) for windows-amd64 JRE (1.7.0_79-b15), built on Apr 10 2015 12:36:16 by "java_re" with unknown MS VC++:1600

time: Tue Dec 29 18:52:00 2015
elapsed time: 7 seconds

