#
# There is insufficient memory for the Java Runtime Environment to continue.
# Native memory allocation (malloc) failed to allocate 65552 bytes for Chunk::new
# Possible reasons:
#   The system is out of physical RAM or swap space
#   In 32 bit mode, the process size limit was hit
# Possible solutions:
#   Reduce memory load on the system
#   Increase physical memory or swap space
#   Check if swap backing store is full
#   Use 64 bit Java on a 64 bit OS
#   Decrease Java heap size (-Xmx/-Xms)
#   Decrease number of Java threads
#   Decrease Java thread stack sizes (-Xss)
#   Set larger code cache with -XX:ReservedCodeCacheSize=
# This output file may be truncated or incomplete.
#
#  Out of Memory Error (allocation.cpp:323), pid=13396, tid=9268
#
# JRE version: Java(TM) SE Runtime Environment (7.0_79-b15) (build 1.7.0_79-b15)
# Java VM: Java HotSpot(TM) 64-Bit Server VM (24.79-b02 mixed mode windows-amd64 compressed oops)
# Failed to write core dump. Minidumps are not enabled by default on client versions of Windows
#

---------------  T H R E A D  ---------------

Current thread (0x000000000867d000):  JavaThread "C2 CompilerThread0" daemon [_thread_in_native, id=9268, stack(0x0000000009c00000,0x0000000009d00000)]

Stack: [0x0000000009c00000,0x0000000009d00000]
[error occurred during error reporting (printing stack bounds), id 0xc0000005]


[error occurred during error reporting (printing native stack), id 0xc0000005]


Current CompileTask:
C2:   5599  341             com.android.dx.dex.code.OutputFinisher::addConstants (93 bytes)


---------------  P R O C E S S  ---------------

Java Threads: ( => current thread )
  0x0000000008685000 JavaThread "Service Thread" daemon [_thread_blocked, id=2752, stack(0x0000000009e00000,0x0000000009f00000)]
  0x0000000008682800 JavaThread "C2 CompilerThread1" daemon [_thread_blocked, id=13692, stack(0x0000000009d00000,0x0000000009e00000)]
=>0x000000000867d000 JavaThread "C2 CompilerThread0" daemon [_thread_in_native, id=9268, stack(0x0000000009c00000,0x0000000009d00000)]
  0x000000000867c000 JavaThread "Attach Listener" daemon [_thread_blocked, id=13640, stack(0x0000000009b00000,0x0000000009c00000)]
  0x0000000008679000 JavaThread "Signal Dispatcher" daemon [_thread_blocked, id=13644, stack(0x0000000009a00000,0x0000000009b00000)]
  0x0000000008640800 JavaThread "Finalizer" daemon [_thread_blocked, id=8832, stack(0x0000000009900000,0x0000000009a00000)]
  0x0000000008636000 JavaThread "Reference Handler" daemon [_thread_blocked, id=13748, stack(0x0000000009800000,0x0000000009900000)]
  0x000000000279d800 JavaThread "main" [_thread_in_vm, id=13500, stack(0x0000000002660000,0x0000000002760000)]

Other Threads:
  0x0000000008632000 VMThread [stack: 0x0000000009700000,0x0000000009800000] [id=13668]
  0x0000000008693800 WatcherThread [stack: 0x0000000009f00000,0x000000000a000000] [id=4592]

VM state:not at safepoint (normal execution)

VM Mutex/Monitor currently owned by a thread: None

Heap
 PSYoungGen      total 38400K, used 26855K [0x00000000eaa80000, 0x00000000ed500000, 0x0000000100000000)
  eden space 33280K, 65% used [0x00000000eaa80000,0x00000000ebfbb338,0x00000000ecb00000)
  from space 5120K, 99% used [0x00000000ecb00000,0x00000000ecffe978,0x00000000ed000000)
  to   space 5120K, 0% used [0x00000000ed000000,0x00000000ed000000,0x00000000ed500000)
 ParOldGen       total 86528K, used 1017K [0x00000000c0000000, 0x00000000c5480000, 0x00000000eaa80000)
  object space 86528K, 1% used [0x00000000c0000000,0x00000000c00fe7c8,0x00000000c5480000)
 PSPermGen       total 21504K, used 5879K [0x00000000bae00000, 0x00000000bc300000, 0x00000000c0000000)
  object space 21504K, 27% used [0x00000000bae00000,0x00000000bb3bdc10,0x00000000bc300000)

Card table byte_map: [0x00000000058a0000,0x0000000005ad0000] byte_map_base: 0x00000000052c9000

Polling page: 0x0000000000de0000

Code Cache  [0x00000000028a0000, 0x0000000002b10000, 0x00000000058a0000)
 total_blobs=578 nmethods=341 adapters=189 free_code_cache=47748Kb largest_free_block=48866688

Compilation events (10 events):
Event: 5.574 Thread 0x0000000008682800  336             com.android.dx.rop.cst.CstMemberRef::compareTo0 (49 bytes)
Event: 5.576 Thread 0x0000000008682800 nmethod 336 0x000000000291cf90 code [0x000000000291d0e0, 0x000000000291d478]
Event: 5.576 Thread 0x000000000867d000  337             com.android.dx.rop.cst.CstBaseMethodRef::compareTo0 (29 bytes)
Event: 5.580 Thread 0x0000000008682800  338             com.android.dx.rop.cst.CstString::hashCode (8 bytes)
Event: 5.582 Thread 0x0000000008682800 nmethod 338 0x0000000002914b10 code [0x0000000002914c40, 0x0000000002914db8]
Event: 5.583 Thread 0x0000000008682800  339             java.util.HashMap::put (142 bytes)
Event: 5.585 Thread 0x000000000867d000 nmethod 337 0x00000000029f19d0 code [0x00000000029f1b60, 0x00000000029f2458]
Event: 5.585 Thread 0x000000000867d000  340   !         com.android.dx.rop.code.RegisterSpecSet::get (18 bytes)
Event: 5.586 Thread 0x000000000867d000 nmethod 340 0x000000000291cd10 code [0x000000000291ce40, 0x000000000291ced8]
Event: 5.587 Thread 0x000000000867d000  341             com.android.dx.dex.code.OutputFinisher::addConstants (93 bytes)

GC Heap History (2 events):
Event: 3.086 GC heap before
{Heap before GC invocations=1 (full 0):
 PSYoungGen      total 38400K, used 33280K [0x00000000eaa80000, 0x00000000ed500000, 0x0000000100000000)
  eden space 33280K, 100% used [0x00000000eaa80000,0x00000000ecb00000,0x00000000ecb00000)
  from space 5120K, 0% used [0x00000000ed000000,0x00000000ed000000,0x00000000ed500000)
  to   space 5120K, 0% used [0x00000000ecb00000,0x00000000ecb00000,0x00000000ed000000)
 ParOldGen       total 86528K, used 0K [0x00000000c0000000, 0x00000000c5480000, 0x00000000eaa80000)
  object space 86528K, 0% used [0x00000000c0000000,0x00000000c0000000,0x00000000c5480000)
 PSPermGen       total 21504K, used 5806K [0x00000000bae00000, 0x00000000bc300000, 0x00000000c0000000)
  object space 21504K, 27% used [0x00000000bae00000,0x00000000bb3abac8,0x00000000bc300000)
Event: 3.683 GC heap after
Heap after GC invocations=1 (full 0):
 PSYoungGen      total 38400K, used 5114K [0x00000000eaa80000, 0x00000000ed500000, 0x0000000100000000)
  eden space 33280K, 0% used [0x00000000eaa80000,0x00000000eaa80000,0x00000000ecb00000)
  from space 5120K, 99% used [0x00000000ecb00000,0x00000000ecffe978,0x00000000ed000000)
  to   space 5120K, 0% used [0x00000000ed000000,0x00000000ed000000,0x00000000ed500000)
 ParOldGen       total 86528K, used 1017K [0x00000000c0000000, 0x00000000c5480000, 0x00000000eaa80000)
  object space 86528K, 1% used [0x00000000c0000000,0x00000000c00fe7c8,0x00000000c5480000)
 PSPermGen       total 21504K, used 5806K [0x00000000bae00000, 0x00000000bc300000, 0x00000000c0000000)
  object space 21504K, 27% used [0x00000000bae00000,0x00000000bb3abac8,0x00000000bc300000)
}

Deoptimization events (10 events):
Event: 2.177 Thread 0x000000000a083800 Uncommon trap: reason=null_check action=make_not_entrant pc=0x0000000002950c3c method=com.android.dx.rop.code.RegisterSpec.equals(Ljava/lang/Object;)Z @ 1
Event: 2.759 Thread 0x000000000a18f000 Uncommon trap: reason=null_check action=make_not_entrant pc=0x000000000295a830 method=com.android.dx.ssa.SsaRenamer.getLocalForNewReg(I)Lcom/android/dx/rop/code/LocalItem; @ 19
Event: 3.994 Thread 0x000000000a18f800 Uncommon trap: reason=class_check action=maybe_recompile pc=0x000000000297cf00 method=com.android.dx.ssa.SCCP.simulatePhi(Lcom/android/dx/ssa/PhiInsn;)V @ 124
Event: 4.004 Thread 0x000000000a18f800 Uncommon trap: reason=class_check action=maybe_recompile pc=0x000000000297cf00 method=com.android.dx.ssa.SCCP.simulatePhi(Lcom/android/dx/ssa/PhiInsn;)V @ 124
Event: 4.382 Thread 0x000000000a18f800 Uncommon trap: reason=class_check action=maybe_recompile pc=0x000000000297cf00 method=com.android.dx.ssa.SCCP.simulatePhi(Lcom/android/dx/ssa/PhiInsn;)V @ 124
Event: 4.601 Thread 0x000000000a18c000 Uncommon trap: reason=class_check action=maybe_recompile pc=0x000000000297cf00 method=com.android.dx.ssa.SCCP.simulatePhi(Lcom/android/dx/ssa/PhiInsn;)V @ 124
Event: 5.577 Thread 0x000000000279d800 Uncommon trap: reason=class_check action=maybe_recompile pc=0x0000000002961f60 method=java.util.HashMap.put(Ljava/lang/Object;Ljava/lang/Object;)Ljava/lang/Object; @ 83
Event: 5.578 Thread 0x000000000279d800 Uncommon trap: reason=class_check action=maybe_recompile pc=0x0000000002961f60 method=java.util.HashMap.put(Ljava/lang/Object;Ljava/lang/Object;)Ljava/lang/Object; @ 83
Event: 5.578 Thread 0x000000000279d800 Uncommon trap: reason=class_check action=maybe_recompile pc=0x0000000002961f60 method=java.util.HashMap.put(Ljava/lang/Object;Ljava/lang/Object;)Ljava/lang/Object; @ 83
Event: 5.580 Thread 0x000000000279d800 Uncommon trap: reason=class_check action=maybe_recompile pc=0x0000000002961f60 method=java.util.HashMap.put(Ljava/lang/Object;Ljava/lang/Object;)Ljava/lang/Object; @ 83

Internal exceptions (10 events):
Event: 0.858 Thread 0x000000000279d800 Threw 0x00000000eb5c3310 at C:\re\jdk7u79\2331\hotspot\src\share\vm\prims\jvm.cpp:1304
Event: 0.864 Thread 0x000000000a18c000 Threw 0x00000000eb245950 at C:\re\jdk7u79\2331\hotspot\src\share\vm\prims\jvm.cpp:1304
Event: 0.875 Thread 0x000000000a18c000 Threw 0x00000000eb6fe5b0 at C:\re\jdk7u79\2331\hotspot\src\share\vm\prims\jvm.cpp:1304
Event: 0.955 Thread 0x000000000a083800 Threw 0x00000000eb64d998 at C:\re\jdk7u79\2331\hotspot\src\share\vm\prims\jvm.cpp:1304
Event: 1.149 Thread 0x000000000a18f000 Threw 0x00000000eb7b2b78 at C:\re\jdk7u79\2331\hotspot\src\share\vm\prims\jvm.cpp:1304
Event: 1.202 Thread 0x000000000a083800 Implicit null exception at 0x000000000291ce55 to 0x000000000291d239
Event: 2.177 Thread 0x000000000a083800 Implicit null exception at 0x000000000294fc09 to 0x0000000002950c11
Event: 2.759 Thread 0x000000000a18f000 Implicit null exception at 0x0000000002959444 to 0x000000000295a801
Event: 2.847 Thread 0x000000000a18f800 Threw 0x00000000ec7d8428 at C:\re\jdk7u79\2331\hotspot\src\share\vm\prims\jvm.cpp:1304
Event: 5.579 Thread 0x000000000279d800 Threw 0x00000000ebf5bda0 at C:\re\jdk7u79\2331\hotspot\src\share\vm\prims\jvm.cpp:1304

Events (10 events):
Event: 5.578 Thread 0x000000000279d800 DEOPT PACKING pc=0x0000000002961f60 sp=0x000000000275f0a0
Event: 5.578 Thread 0x000000000279d800 DEOPT UNPACKING pc=0x00000000028d75a4 sp=0x000000000275f048 mode 2
Event: 5.578 Thread 0x000000000279d800 Uncommon trap: trap_request=0xffffffde fr.pc=0x0000000002961f60
Event: 5.578 Thread 0x000000000279d800 DEOPT PACKING pc=0x0000000002961f60 sp=0x000000000275f0a0
Event: 5.578 Thread 0x000000000279d800 DEOPT UNPACKING pc=0x00000000028d75a4 sp=0x000000000275f048 mode 2
Event: 5.579 loading class 0x000000000a20fc50
Event: 5.579 loading class 0x000000000a20fc50 done
Event: 5.580 Thread 0x000000000279d800 Uncommon trap: trap_request=0xffffffde fr.pc=0x0000000002961f60
Event: 5.580 Thread 0x000000000279d800 DEOPT PACKING pc=0x0000000002961f60 sp=0x000000000275ef00
Event: 5.580 Thread 0x000000000279d800 DEOPT UNPACKING pc=0x00000000028d75a4 sp=0x000000000275eea8 mode 2


Dynamic libraries:
0x00007ff730280000 - 0x00007ff7302b3000 	C:\Program Files\Java\jdk1.7.0_79\bin\java.exe
0x00007ffb83540000 - 0x00007ffb83701000 	C:\WINDOWS\SYSTEM32\ntdll.dll
0x00007ffb82940000 - 0x00007ffb829ed000 	C:\WINDOWS\system32\KERNEL32.DLL
0x00007ffb80a30000 - 0x00007ffb80c0d000 	C:\WINDOWS\system32\KERNELBASE.dll
0x00007ffb83490000 - 0x00007ffb83536000 	C:\WINDOWS\system32\ADVAPI32.dll
0x00007ffb828a0000 - 0x00007ffb8293d000 	C:\WINDOWS\system32\msvcrt.dll
0x00007ffb83140000 - 0x00007ffb8319b000 	C:\WINDOWS\system32\sechost.dll
0x00007ffb82fb0000 - 0x00007ffb830d6000 	C:\WINDOWS\system32\RPCRT4.dll
0x00007ffb80dc0000 - 0x00007ffb80f0e000 	C:\WINDOWS\system32\USER32.dll
0x00007ffb80f90000 - 0x00007ffb81116000 	C:\WINDOWS\system32\GDI32.dll
0x00007ffb763f0000 - 0x00007ffb76664000 	C:\WINDOWS\WinSxS\amd64_microsoft.windows.common-controls_6595b64144ccf1df_6.0.10240.16384_none_f41f7b285750ef43\COMCTL32.dll
0x00007ffb82f70000 - 0x00007ffb82fa6000 	C:\WINDOWS\system32\IMM32.DLL
0x00007ffb829f0000 - 0x00007ffb82b4c000 	C:\WINDOWS\system32\MSCTF.dll
0x00000000602a0000 - 0x0000000060372000 	C:\Program Files\Java\jdk1.7.0_79\jre\bin\msvcr100.dll
0x0000000060660000 - 0x0000000060e35000 	C:\Program Files\Java\jdk1.7.0_79\jre\bin\server\jvm.dll
0x00007ffb82c00000 - 0x00007ffb82c08000 	C:\WINDOWS\system32\PSAPI.DLL
0x00007ffb6f760000 - 0x00007ffb6f769000 	C:\WINDOWS\SYSTEM32\WSOCK32.dll
0x00007ffb81130000 - 0x00007ffb81199000 	C:\WINDOWS\system32\WS2_32.dll
0x00007ffb81120000 - 0x00007ffb81128000 	C:\WINDOWS\system32\NSI.dll
0x00007ffb7e410000 - 0x00007ffb7e433000 	C:\WINDOWS\SYSTEM32\WINMM.dll
0x00007ffb7e290000 - 0x00007ffb7e2bc000 	C:\WINDOWS\SYSTEM32\WINMMBASE.dll
0x00007ffb80010000 - 0x00007ffb80054000 	C:\WINDOWS\system32\cfgmgr32.dll
0x00007ffb7e900000 - 0x00007ffb7e927000 	C:\WINDOWS\SYSTEM32\DEVOBJ.dll
0x0000000060fd0000 - 0x0000000060fdf000 	C:\Program Files\Java\jdk1.7.0_79\jre\bin\verify.dll
0x0000000060fa0000 - 0x0000000060fc8000 	C:\Program Files\Java\jdk1.7.0_79\jre\bin\java.dll
0x0000000060f80000 - 0x0000000060f95000 	C:\Program Files\Java\jdk1.7.0_79\jre\bin\zip.dll
0x0000000060f60000 - 0x0000000060f7a000 	C:\Program Files\Java\jdk1.7.0_79\jre\bin\net.dll
0x00007ffb7f7e0000 - 0x00007ffb7f83d000 	C:\WINDOWS\system32\mswsock.dll
0x0000000060f40000 - 0x0000000060f51000 	C:\Program Files\Java\jdk1.7.0_79\jre\bin\nio.dll

VM Arguments:
jvm_args: -Djava.awt.headless=true -Xmx1024M -Dfile.encoding=windows-1252 -Duser.country=US -Duser.language=en -Duser.variant 
java_command: com.android.dx.command.Main --dex --num-threads=4 --output C:\Users\Christopher\Documents\Hackathons\Pearson\Code\HandUp\app\build\intermediates\pre-dexed\debug\learningstudio-java-1.0.0_a781c1598421701191719ba8175d858e8cc9f670.jar C:\Users\Christopher\Documents\Hackathons\Pearson\Code\HandUp\app\libs\learningstudio-java-1.0.0.jar
Launcher Type: SUN_STANDARD

Environment Variables:
JAVA_HOME=C:\Program Files\Java\jdk1.7.0_79
PATH=C:\Program Files (x86)\Lenovo\FusionEngine;C:\Program Files (x86)\Intel\iCLS Client\;C:\Program Files\Intel\iCLS Client\;C:\windows\system32;C:\windows;C:\windows\System32\Wbem;C:\windows\System32\WindowsPowerShell\v1.0\;C:\Program Files\Intel\Intel(R) Management Engine Components\DAL;C:\Program Files\Intel\Intel(R) Management Engine Components\IPT;C:\Program Files (x86)\Intel\Intel(R) Management Engine Components\DAL;C:\Program Files (x86)\Intel\Intel(R) Management Engine Components\IPT;C:\Program Files\Intel\WiFi\bin\;C:\Program Files\Common Files\Intel\WirelessCommon\;C:\Program Files (x86)\Lenovo\Motion Control\;C:\Program Files (x86)\SlikSvn\bin;C:\Program Files (x86)\PharosSystems\Core;C:\Program Files (x86)\MiKTeX 2.9\miktex\bin\;C:\Program Files (x86)\Git\cmd;C:\Program Files (x86)\Git\bin;C:\Program Files\Microsoft SQL Server\120\Tools\Binn\;C:\Program Files\Microsoft SQL Server\110\Tools\Binn\;C:\Program Files (x86)\CloudFoundry;C:\Program Files (x86)\Java\jdk1.8.0_20\bin;C:\ProgramData\Oracle\Java\javapath;C:\WINDOWS\system32;C:\WINDOWS;C:\WINDOWS\System32\Wbem;C:\WINDOWS\System32\WindowsPowerShell\v1.0\;C:\Program Files\nodejs\;USERPROFILE\.dnx\bin;C:\Program Files\Microsoft DNX\Dnvm\;C:\Program Files (x86)\Windows Kits\8.1\Windows Performance Toolkit\;C:\Program Files (x86)\Skype\Phone\;C:\windows\system32\config\systemprofile\.dnx\bin;C:\Ruby21-x64\bin;C:\Python27;C:\Users\Christopher\AppData\Roaming\npm;C:\Program Files\Apache-Maven\apache-maven-3.3.9\bin
USERNAME=Christopher
OS=Windows_NT
PROCESSOR_IDENTIFIER=Intel64 Family 6 Model 69 Stepping 1, GenuineIntel



---------------  S Y S T E M  ---------------

OS: Windows 8.1 , 64 bit Build 9600 

CPU:total 4 (2 cores per cpu, 2 threads per core) family 6 model 69 stepping 1, cmov, cx8, fxsr, mmx, sse, sse2, sse3, ssse3, sse4.1, sse4.2, popcnt, avx, avx2, aes, erms, ht, tsc, tscinvbit

Memory: 4k page, physical 8298776k(490132k free), swap 14931712k(4324k free)

vm_info: Java HotSpot(TM) 64-Bit Server VM (24.79-b02) for windows-amd64 JRE (1.7.0_79-b15), built on Apr 10 2015 12:36:16 by "java_re" with unknown MS VC++:1600

time: Tue Dec 29 18:51:11 2015
elapsed time: 5 seconds

