#
# There is insufficient memory for the Java Runtime Environment to continue.
# Native memory allocation (malloc) failed to allocate 409824 bytes for Chunk::new
# Possible reasons:
#   The system is out of physical RAM or swap space
#   In 32 bit mode, the process size limit was hit
# Possible solutions:
#   Reduce memory load on the system
#   Increase physical memory or swap space
#   Check if swap backing store is full
#   Use 64 bit Java on a 64 bit OS
#   Decrease Java heap size (-Xmx/-Xms)
#   Decrease number of Java threads
#   Decrease Java thread stack sizes (-Xss)
#   Set larger code cache with -XX:ReservedCodeCacheSize=
# This output file may be truncated or incomplete.
#
#  Out of Memory Error (allocation.cpp:323), pid=13400, tid=13652
#
# JRE version: Java(TM) SE Runtime Environment (7.0_79-b15) (build 1.7.0_79-b15)
# Java VM: Java HotSpot(TM) 64-Bit Server VM (24.79-b02 mixed mode windows-amd64 compressed oops)
# Failed to write core dump. Minidumps are not enabled by default on client versions of Windows
#

---------------  T H R E A D  ---------------

Current thread (0x0000000007fa7000):  JavaThread "C2 CompilerThread1" daemon [_thread_in_native, id=13652, stack(0x0000000009630000,0x0000000009730000)]

Stack: [0x0000000009630000,0x0000000009730000]
[error occurred during error reporting (printing stack bounds), id 0xc0000005]


Current CompileTask:
C2:   7544  336             com.android.dx.ssa.DeadCodeRemover::run (194 bytes)


---------------  P R O C E S S  ---------------

Java Threads: ( => current thread )
  0x0000000009ac8000 JavaThread "pool-1-thread-4" [_thread_blocked, id=13876, stack(0x000000000a130000,0x000000000a230000)]
  0x0000000009a04000 JavaThread "pool-1-thread-3" [_thread_blocked, id=14100, stack(0x000000000a030000,0x000000000a130000)]
  0x0000000009a03800 JavaThread "pool-1-thread-2" [_thread_blocked, id=6888, stack(0x0000000009f30000,0x000000000a030000)]
  0x0000000009a00800 JavaThread "pool-2-thread-1" [_thread_blocked, id=5324, stack(0x0000000009e30000,0x0000000009f30000)]
  0x0000000009a00000 JavaThread "pool-1-thread-1" [_thread_blocked, id=9100, stack(0x0000000009d30000,0x0000000009e30000)]
  0x0000000007fb6000 JavaThread "Service Thread" daemon [_thread_blocked, id=13624, stack(0x0000000009730000,0x0000000009830000)]
=>0x0000000007fa7000 JavaThread "C2 CompilerThread1" daemon [_thread_in_native, id=13652, stack(0x0000000009630000,0x0000000009730000)]
  0x0000000007fa5800 JavaThread "C2 CompilerThread0" daemon [_thread_in_native, id=5408, stack(0x0000000009530000,0x0000000009630000)]
  0x0000000007fa4800 JavaThread "Attach Listener" daemon [_thread_blocked, id=14028, stack(0x0000000009430000,0x0000000009530000)]
  0x0000000007fa1000 JavaThread "Signal Dispatcher" daemon [_thread_blocked, id=13880, stack(0x0000000009330000,0x0000000009430000)]
  0x0000000007f69800 JavaThread "Finalizer" daemon [_thread_blocked, id=13828, stack(0x0000000009230000,0x0000000009330000)]
  0x0000000007f66000 JavaThread "Reference Handler" daemon [_thread_blocked, id=14116, stack(0x0000000009130000,0x0000000009230000)]
  0x0000000001e4d800 JavaThread "main" [_thread_in_Java, id=13856, stack(0x0000000001f10000,0x0000000002010000)]

Other Threads:
  0x0000000007f62000 VMThread [stack: 0x0000000009030000,0x0000000009130000] [id=2120]
  0x0000000007fc0800 WatcherThread [stack: 0x0000000009830000,0x0000000009930000] [id=7068]

VM state:not at safepoint (normal execution)

VM Mutex/Monitor currently owned by a thread: None

Heap
 PSYoungGen      total 38400K, used 5993K [0x00000000eaa80000, 0x00000000ed500000, 0x0000000100000000)
  eden space 33280K, 2% used [0x00000000eaa80000,0x00000000eab5e728,0x00000000ecb00000)
  from space 5120K, 99% used [0x00000000ed000000,0x00000000ed4fbd20,0x00000000ed500000)
  to   space 5120K, 0% used [0x00000000ecb00000,0x00000000ecb00000,0x00000000ed000000)
 ParOldGen       total 86528K, used 6487K [0x00000000c0000000, 0x00000000c5480000, 0x00000000eaa80000)
  object space 86528K, 7% used [0x00000000c0000000,0x00000000c0655d10,0x00000000c5480000)
 PSPermGen       total 21504K, used 5892K [0x00000000bae00000, 0x00000000bc300000, 0x00000000c0000000)
  object space 21504K, 27% used [0x00000000bae00000,0x00000000bb3c10b0,0x00000000bc300000)

Card table byte_map: [0x00000000051d0000,0x0000000005400000] byte_map_base: 0x0000000004bf9000

Polling page: 0x0000000001e30000

Code Cache  [0x0000000002110000, 0x0000000002380000, 0x0000000005110000)
 total_blobs=578 nmethods=341 adapters=189 free_code_cache=47857Kb largest_free_block=48964416

Compilation events (10 events):
Event: 6.727 Thread 0x0000000007fa5800 nmethod 338 0x0000000002254910 code [0x0000000002254ba0, 0x0000000002255e00]
Event: 6.727 Thread 0x0000000007fa5800  339             com.android.dx.dex.code.RopTranslator$LocalVariableAwareTranslationVisitor::addIntroductionIfNecessary (30 bytes)
Event: 6.738 Thread 0x0000000007fa5800 nmethod 339 0x0000000002251bd0 code [0x0000000002251d80, 0x0000000002252320]
Event: 6.738 Thread 0x0000000007fa5800  340             com.android.dx.rop.code.LocalVariableInfo::getAssignment (12 bytes)
Event: 6.742 Thread 0x0000000007fa5800 nmethod 340 0x000000000224f290 code [0x000000000224f400, 0x000000000224f618]
Event: 6.742 Thread 0x0000000007fa5800  341             com.android.dx.ssa.NormalSsaInsn::accept (25 bytes)
Event: 6.762 Thread 0x0000000007fa5800 nmethod 341 0x000000000225ab90 code [0x000000000225ae00, 0x000000000225bec0]
Event: 6.763 Thread 0x0000000007fa5800  342             com.android.dx.cf.code.ExecutionStack::size (5 bytes)
Event: 6.763 Thread 0x0000000007fa5800 nmethod 342 0x000000000224cfd0 code [0x000000000224d100, 0x000000000224d158]
Event: 6.763 Thread 0x0000000007fa5800  343   !         com.android.dx.cf.code.RopperMachine::run (1550 bytes)

GC Heap History (4 events):
Event: 5.481 GC heap before
{Heap before GC invocations=1 (full 0):
 PSYoungGen      total 38400K, used 33280K [0x00000000eaa80000, 0x00000000ed500000, 0x0000000100000000)
  eden space 33280K, 100% used [0x00000000eaa80000,0x00000000ecb00000,0x00000000ecb00000)
  from space 5120K, 0% used [0x00000000ed000000,0x00000000ed000000,0x00000000ed500000)
  to   space 5120K, 0% used [0x00000000ecb00000,0x00000000ecb00000,0x00000000ed000000)
 ParOldGen       total 86528K, used 0K [0x00000000c0000000, 0x00000000c5480000, 0x00000000eaa80000)
  object space 86528K, 0% used [0x00000000c0000000,0x00000000c0000000,0x00000000c5480000)
 PSPermGen       total 21504K, used 5831K [0x00000000bae00000, 0x00000000bc300000, 0x00000000c0000000)
  object space 21504K, 27% used [0x00000000bae00000,0x00000000bb3b1e60,0x00000000bc300000)
Event: 5.735 GC heap after
Heap after GC invocations=1 (full 0):
 PSYoungGen      total 38400K, used 5112K [0x00000000eaa80000, 0x00000000ed500000, 0x0000000100000000)
  eden space 33280K, 0% used [0x00000000eaa80000,0x00000000eaa80000,0x00000000ecb00000)
  from space 5120K, 99% used [0x00000000ecb00000,0x00000000ecffe110,0x00000000ed000000)
  to   space 5120K, 0% used [0x00000000ed000000,0x00000000ed000000,0x00000000ed500000)
 ParOldGen       total 86528K, used 1355K [0x00000000c0000000, 0x00000000c5480000, 0x00000000eaa80000)
  object space 86528K, 1% used [0x00000000c0000000,0x00000000c0152f18,0x00000000c5480000)
 PSPermGen       total 21504K, used 5831K [0x00000000bae00000, 0x00000000bc300000, 0x00000000c0000000)
  object space 21504K, 27% used [0x00000000bae00000,0x00000000bb3b1e60,0x00000000bc300000)
}
Event: 7.398 GC heap before
{Heap before GC invocations=2 (full 0):
 PSYoungGen      total 38400K, used 38392K [0x00000000eaa80000, 0x00000000ed500000, 0x0000000100000000)
  eden space 33280K, 100% used [0x00000000eaa80000,0x00000000ecb00000,0x00000000ecb00000)
  from space 5120K, 99% used [0x00000000ecb00000,0x00000000ecffe110,0x00000000ed000000)
  to   space 5120K, 0% used [0x00000000ed000000,0x00000000ed000000,0x00000000ed500000)
 ParOldGen       total 86528K, used 1355K [0x00000000c0000000, 0x00000000c5480000, 0x00000000eaa80000)
  object space 86528K, 1% used [0x00000000c0000000,0x00000000c0152f18,0x00000000c5480000)
 PSPermGen       total 21504K, used 5892K [0x00000000bae00000, 0x00000000bc300000, 0x00000000c0000000)
  object space 21504K, 27% used [0x00000000bae00000,0x00000000bb3c10b0,0x00000000bc300000)
Event: 7.491 GC heap after
Heap after GC invocations=2 (full 0):
 PSYoungGen      total 38400K, used 5103K [0x00000000eaa80000, 0x00000000ed500000, 0x0000000100000000)
  eden space 33280K, 0% used [0x00000000eaa80000,0x00000000eaa80000,0x00000000ecb00000)
  from space 5120K, 99% used [0x00000000ed000000,0x00000000ed4fbd20,0x00000000ed500000)
  to   space 5120K, 0% used [0x00000000ecb00000,0x00000000ecb00000,0x00000000ed000000)
 ParOldGen       total 86528K, used 6487K [0x00000000c0000000, 0x00000000c5480000, 0x00000000eaa80000)
  object space 86528K, 7% used [0x00000000c0000000,0x00000000c0655d10,0x00000000c5480000)
 PSPermGen       total 21504K, used 5892K [0x00000000bae00000, 0x00000000bc300000, 0x00000000c0000000)
  object space 21504K, 27% used [0x00000000bae00000,0x00000000bb3c10b0,0x00000000bc300000)
}

Deoptimization events (10 events):
Event: 5.141 Thread 0x0000000009a04000 Uncommon trap: reason=class_check action=maybe_recompile pc=0x00000000021b13e0 method=com.android.dx.rop.type.Type.equals(Ljava/lang/Object;)Z @ 8
Event: 5.141 Thread 0x0000000009a04000 Uncommon trap: reason=class_check action=maybe_recompile pc=0x00000000021b13e0 method=com.android.dx.rop.type.Type.equals(Ljava/lang/Object;)Z @ 8
Event: 5.141 Thread 0x0000000009a04000 Uncommon trap: reason=class_check action=maybe_recompile pc=0x00000000021b13e0 method=com.android.dx.rop.type.Type.equals(Ljava/lang/Object;)Z @ 8
Event: 5.941 Thread 0x0000000009a00000 Uncommon trap: reason=uninitialized action=reinterpret pc=0x00000000022200a4 method=com.android.dx.cf.code.BytecodeArray.parseInstruction(ILcom/android/dx/cf/code/BytecodeArray$Visitor;)I @ 1047
Event: 6.137 Thread 0x0000000001e4d800 Uncommon trap: reason=unreached action=reinterpret pc=0x00000000021dc258 method=com.android.dx.ssa.SCCP.simulateBranch(Lcom/android/dx/ssa/SsaInsn;)V @ 132
Event: 6.670 Thread 0x0000000009a03800 Uncommon trap: reason=bimorphic action=maybe_recompile pc=0x000000000221ad4c method=com.android.dx.cf.code.BaseMachine.getLocalTarget(Z)Lcom/android/dx/rop/code/RegisterSpec; @ 70
Event: 6.670 Thread 0x0000000009a03800 Uncommon trap: reason=bimorphic action=maybe_recompile pc=0x000000000221ad4c method=com.android.dx.cf.code.BaseMachine.getLocalTarget(Z)Lcom/android/dx/rop/code/RegisterSpec; @ 70
Event: 6.693 Thread 0x0000000009a00000 Uncommon trap: reason=null_check action=make_not_entrant pc=0x0000000002195478 method=com.android.dx.ssa.SsaRenamer.getLocalForNewReg(I)Lcom/android/dx/rop/code/LocalItem; @ 19
Event: 7.280 Thread 0x0000000009a00000 Uncommon trap: reason=bimorphic action=maybe_recompile pc=0x000000000221ad4c method=com.android.dx.cf.code.BaseMachine.getLocalTarget(Z)Lcom/android/dx/rop/code/RegisterSpec; @ 70
Event: 7.290 Thread 0x0000000009a00000 Uncommon trap: reason=bimorphic action=maybe_recompile pc=0x000000000221ad4c method=com.android.dx.cf.code.BaseMachine.getLocalTarget(Z)Lcom/android/dx/rop/code/RegisterSpec; @ 70

Internal exceptions (10 events):
Event: 0.964 Thread 0x0000000009a00000 Threw 0x00000000eb536818 at C:\re\jdk7u79\2331\hotspot\src\share\vm\prims\jvm.cpp:1304
Event: 1.030 Thread 0x0000000001e4d800 Threw 0x00000000eb3a98e0 at C:\re\jdk7u79\2331\hotspot\src\share\vm\prims\jvm.cpp:1304
Event: 1.406 Thread 0x0000000009a00000 Threw 0x00000000eb7a8be0 at C:\re\jdk7u79\2331\hotspot\src\share\vm\prims\jvm.cpp:1304
Event: 1.479 Thread 0x0000000009a03800 Implicit null exception at 0x000000000218de92 to 0x000000000218e6e5
Event: 1.954 Thread 0x0000000001e4d800 Threw 0x00000000eba3d110 at C:\re\jdk7u79\2331\hotspot\src\share\vm\prims\jvm.cpp:1304
Event: 6.693 Thread 0x0000000009a00000 Implicit null exception at 0x000000000219496f to 0x000000000219545d
Event: 7.243 Thread 0x0000000001e4d800 Threw 0x00000000ec2d8288 at C:\re\jdk7u79\2331\hotspot\src\share\vm\prims\jvm.cpp:1304
Event: 7.244 Thread 0x0000000001e4d800 Threw 0x00000000ec2da950 at C:\re\jdk7u79\2331\hotspot\src\share\vm\prims\jvm.cpp:1304
Event: 7.246 Thread 0x0000000001e4d800 Threw 0x00000000ec2f1d70 at C:\re\jdk7u79\2331\hotspot\src\share\vm\prims\jvm.cpp:1304
Event: 7.246 Thread 0x0000000001e4d800 Threw 0x00000000ec2f4298 at C:\re\jdk7u79\2331\hotspot\src\share\vm\prims\jvm.cpp:1304

Events (10 events):
Event: 7.280 Thread 0x0000000009a00000 Uncommon trap: trap_request=0xffffffc6 fr.pc=0x000000000221ad4c
Event: 7.280 Thread 0x0000000009a00000 DEOPT PACKING pc=0x000000000221ad4c sp=0x0000000009e2e690
Event: 7.280 Thread 0x0000000009a00000 DEOPT UNPACKING pc=0x00000000021475a4 sp=0x0000000009e2e5c8 mode 2
Event: 7.290 Thread 0x0000000009a00000 Uncommon trap: trap_request=0xffffffc6 fr.pc=0x000000000221ad4c
Event: 7.290 Thread 0x0000000009a00000 DEOPT PACKING pc=0x000000000221ad4c sp=0x0000000009e2e690
Event: 7.290 Thread 0x0000000009a00000 DEOPT UNPACKING pc=0x00000000021475a4 sp=0x0000000009e2e5c8 mode 2
Event: 7.297 Executing VM operation: ParallelGCFailedAllocation
Event: 7.491 Executing VM operation: ParallelGCFailedAllocation done
Event: 7.493 Executing VM operation: RevokeBias
Event: 7.493 Executing VM operation: RevokeBias done


Dynamic libraries:
0x00007ff730280000 - 0x00007ff7302b3000 	C:\Program Files\Java\jdk1.7.0_79\bin\java.exe
0x00007ffb83540000 - 0x00007ffb83701000 	C:\WINDOWS\SYSTEM32\ntdll.dll
0x00007ffb82940000 - 0x00007ffb829ed000 	C:\WINDOWS\system32\KERNEL32.DLL
0x00007ffb80a30000 - 0x00007ffb80c0d000 	C:\WINDOWS\system32\KERNELBASE.dll
0x00007ffb83490000 - 0x00007ffb83536000 	C:\WINDOWS\system32\ADVAPI32.dll
0x00007ffb828a0000 - 0x00007ffb8293d000 	C:\WINDOWS\system32\msvcrt.dll
0x00007ffb83140000 - 0x00007ffb8319b000 	C:\WINDOWS\system32\sechost.dll
0x00007ffb82fb0000 - 0x00007ffb830d6000 	C:\WINDOWS\system32\RPCRT4.dll
0x00007ffb80dc0000 - 0x00007ffb80f0e000 	C:\WINDOWS\system32\USER32.dll
0x00007ffb80f90000 - 0x00007ffb81116000 	C:\WINDOWS\system32\GDI32.dll
0x00007ffb763f0000 - 0x00007ffb76664000 	C:\WINDOWS\WinSxS\amd64_microsoft.windows.common-controls_6595b64144ccf1df_6.0.10240.16384_none_f41f7b285750ef43\COMCTL32.dll
0x00007ffb82f70000 - 0x00007ffb82fa6000 	C:\WINDOWS\system32\IMM32.DLL
0x00007ffb829f0000 - 0x00007ffb82b4c000 	C:\WINDOWS\system32\MSCTF.dll
0x00000000602a0000 - 0x0000000060372000 	C:\Program Files\Java\jdk1.7.0_79\jre\bin\msvcr100.dll
0x0000000060660000 - 0x0000000060e35000 	C:\Program Files\Java\jdk1.7.0_79\jre\bin\server\jvm.dll
0x00007ffb82c00000 - 0x00007ffb82c08000 	C:\WINDOWS\system32\PSAPI.DLL
0x00007ffb6f760000 - 0x00007ffb6f769000 	C:\WINDOWS\SYSTEM32\WSOCK32.dll
0x00007ffb7e410000 - 0x00007ffb7e433000 	C:\WINDOWS\SYSTEM32\WINMM.dll
0x00007ffb81130000 - 0x00007ffb81199000 	C:\WINDOWS\system32\WS2_32.dll
0x00007ffb81120000 - 0x00007ffb81128000 	C:\WINDOWS\system32\NSI.dll
0x00007ffb7e290000 - 0x00007ffb7e2bc000 	C:\WINDOWS\SYSTEM32\WINMMBASE.dll
0x00007ffb80010000 - 0x00007ffb80054000 	C:\WINDOWS\system32\cfgmgr32.dll
0x00007ffb7e900000 - 0x00007ffb7e927000 	C:\WINDOWS\SYSTEM32\DEVOBJ.dll
0x0000000060fd0000 - 0x0000000060fdf000 	C:\Program Files\Java\jdk1.7.0_79\jre\bin\verify.dll
0x0000000060fa0000 - 0x0000000060fc8000 	C:\Program Files\Java\jdk1.7.0_79\jre\bin\java.dll
0x0000000060f80000 - 0x0000000060f95000 	C:\Program Files\Java\jdk1.7.0_79\jre\bin\zip.dll
0x0000000060f60000 - 0x0000000060f7a000 	C:\Program Files\Java\jdk1.7.0_79\jre\bin\net.dll
0x00007ffb7f7e0000 - 0x00007ffb7f83d000 	C:\WINDOWS\system32\mswsock.dll
0x0000000060f40000 - 0x0000000060f51000 	C:\Program Files\Java\jdk1.7.0_79\jre\bin\nio.dll

VM Arguments:
jvm_args: -Djava.awt.headless=true -Xmx1024M -Dfile.encoding=windows-1252 -Duser.country=US -Duser.language=en -Duser.variant 
java_command: com.android.dx.command.Main --dex --num-threads=4 --output C:\Users\Christopher\Documents\Hackathons\Pearson\Code\HandUp\app\build\intermediates\pre-dexed\debug\com.android.support-recyclerview-v7-23.1.1_4e4af64a8f89d2c85670bcbf608b404e276123ad.jar C:\Users\Christopher\Documents\Hackathons\Pearson\Code\HandUp\app\build\intermediates\exploded-aar\com.android.support\recyclerview-v7\23.1.1\jars\classes.jar
Launcher Type: SUN_STANDARD

Environment Variables:
JAVA_HOME=C:\Program Files\Java\jdk1.7.0_79
PATH=C:\Program Files (x86)\Lenovo\FusionEngine;C:\Program Files (x86)\Intel\iCLS Client\;C:\Program Files\Intel\iCLS Client\;C:\windows\system32;C:\windows;C:\windows\System32\Wbem;C:\windows\System32\WindowsPowerShell\v1.0\;C:\Program Files\Intel\Intel(R) Management Engine Components\DAL;C:\Program Files\Intel\Intel(R) Management Engine Components\IPT;C:\Program Files (x86)\Intel\Intel(R) Management Engine Components\DAL;C:\Program Files (x86)\Intel\Intel(R) Management Engine Components\IPT;C:\Program Files\Intel\WiFi\bin\;C:\Program Files\Common Files\Intel\WirelessCommon\;C:\Program Files (x86)\Lenovo\Motion Control\;C:\Program Files (x86)\SlikSvn\bin;C:\Program Files (x86)\PharosSystems\Core;C:\Program Files (x86)\MiKTeX 2.9\miktex\bin\;C:\Program Files (x86)\Git\cmd;C:\Program Files (x86)\Git\bin;C:\Program Files\Microsoft SQL Server\120\Tools\Binn\;C:\Program Files\Microsoft SQL Server\110\Tools\Binn\;C:\Program Files (x86)\CloudFoundry;C:\Program Files (x86)\Java\jdk1.8.0_20\bin;C:\ProgramData\Oracle\Java\javapath;C:\WINDOWS\system32;C:\WINDOWS;C:\WINDOWS\System32\Wbem;C:\WINDOWS\System32\WindowsPowerShell\v1.0\;C:\Program Files\nodejs\;USERPROFILE\.dnx\bin;C:\Program Files\Microsoft DNX\Dnvm\;C:\Program Files (x86)\Windows Kits\8.1\Windows Performance Toolkit\;C:\Program Files (x86)\Skype\Phone\;C:\windows\system32\config\systemprofile\.dnx\bin;C:\Ruby21-x64\bin;C:\Python27;C:\Users\Christopher\AppData\Roaming\npm;C:\Program Files\Apache-Maven\apache-maven-3.3.9\bin
USERNAME=Christopher
OS=Windows_NT
PROCESSOR_IDENTIFIER=Intel64 Family 6 Model 69 Stepping 1, GenuineIntel



---------------  S Y S T E M  ---------------

OS: Windows 8.1 , 64 bit Build 9600 

CPU:total 4 (2 cores per cpu, 2 threads per core) family 6 model 69 stepping 1, cmov, cx8, fxsr, mmx, sse, sse2, sse3, ssse3, sse4.1, sse4.2, popcnt, avx, avx2, aes, erms, ht, tsc, tscinvbit

Memory: 4k page, physical 8298776k(739504k free), swap 14931712k(5364k free)

vm_info: Java HotSpot(TM) 64-Bit Server VM (24.79-b02) for windows-amd64 JRE (1.7.0_79-b15), built on Apr 10 2015 12:36:16 by "java_re" with unknown MS VC++:1600

time: Tue Dec 29 18:52:10 2015
elapsed time: 7 seconds

